This is pdfTeX, Version 3.14159265-2.6-1.40.16 (TeX Live 2015/Debian) (preloaded format=pdflatex 2016.9.17)  1 FEB 2017 20:10
entering extended mode
 restricted \write18 enabled.
 %&-line parsing enabled.
**sample-sigconf.tex
(./sample-sigconf.tex
LaTeX2e <2016/02/01>
Babel <3.9q> and hyphenation patterns for 81 language(s) loaded.
(./acmart.cls
Document Class: acmart 2016/12/03 v1.25 Typesetting articles for Association of
 Computing Machinery
(/usr/share/texlive/texmf-dist/tex/latex/xkeyval/xkeyval.sty
Package: xkeyval 2014/12/03 v2.7a package option processing (HA)

(/usr/share/texlive/texmf-dist/tex/generic/xkeyval/xkeyval.tex
(/usr/share/texlive/texmf-dist/tex/generic/xkeyval/xkvutils.tex
\XKV@toks=\toks14
\XKV@tempa@toks=\toks15

(/usr/share/texlive/texmf-dist/tex/generic/xkeyval/keyval.tex))
\XKV@depth=\count79
File: xkeyval.tex 2014/12/03 v2.7a key=value parser (HA)
))
Package acmart Info: Not using screen mode on input line 69.
Package acmart Info: Not using review mode on input line 77.
Package acmart Info: Not using authorversion mode on input line 85.
Package acmart Info: Not using anonymous mode on input line 103.
Class acmart Info: Using format sigconf, number 4 on input line 112.
Class acmart Info: Using fontsize 9pt on input line 168.

(/usr/share/texlive/texmf-dist/tex/latex/amscls/amsart.cls
Document Class: amsart 2015/03/04 v2.20.2
\linespacing=\dimen102
\normalparindent=\dimen103
\normaltopskip=\skip41
(/usr/share/texlive/texmf-dist/tex/latex/amsmath/amsmath.sty
Package: amsmath 2016/03/03 v2.15a AMS math features
\@mathmargin=\skip42

For additional information on amsmath, use the `?' option.
(/usr/share/texlive/texmf-dist/tex/latex/amsmath/amstext.sty
Package: amstext 2000/06/29 v2.01 AMS text

(/usr/share/texlive/texmf-dist/tex/latex/amsmath/amsgen.sty
File: amsgen.sty 1999/11/30 v2.0 generic functions
\@emptytoks=\toks16
\ex@=\dimen104
))
(/usr/share/texlive/texmf-dist/tex/latex/amsmath/amsbsy.sty
Package: amsbsy 1999/11/29 v1.2d Bold Symbols
\pmbraise@=\dimen105
)
(/usr/share/texlive/texmf-dist/tex/latex/amsmath/amsopn.sty
Package: amsopn 1999/12/14 v2.01 operator names
)
\inf@bad=\count80
LaTeX Info: Redefining \frac on input line 199.
\uproot@=\count81
\leftroot@=\count82
LaTeX Info: Redefining \overline on input line 297.
\classnum@=\count83
\DOTSCASE@=\count84
LaTeX Info: Redefining \ldots on input line 394.
LaTeX Info: Redefining \dots on input line 397.
LaTeX Info: Redefining \cdots on input line 518.
\Mathstrutbox@=\box26
\strutbox@=\box27
\big@size=\dimen106
LaTeX Font Info:    Redeclaring font encoding OML on input line 630.
LaTeX Font Info:    Redeclaring font encoding OMS on input line 631.
\macc@depth=\count85
\c@MaxMatrixCols=\count86
\dotsspace@=\muskip10
\c@parentequation=\count87
\dspbrk@lvl=\count88
\tag@help=\toks17
\row@=\count89
\column@=\count90
\maxfields@=\count91
\andhelp@=\toks18
\eqnshift@=\dimen107
\alignsep@=\dimen108
\tagshift@=\dimen109
\tagwidth@=\dimen110
\totwidth@=\dimen111
\lineht@=\dimen112
\@envbody=\toks19
\multlinegap=\skip43
\multlinetaggap=\skip44
\mathdisplay@stack=\toks20
LaTeX Info: Redefining \[ on input line 2735.
LaTeX Info: Redefining \] on input line 2736.
)
LaTeX Font Info:    Try loading font information for U+msa on input line 388.

(/usr/share/texlive/texmf-dist/tex/latex/amsfonts/umsa.fd
File: umsa.fd 2013/01/14 v3.01 AMS symbols A
)
(/usr/share/texlive/texmf-dist/tex/latex/amsfonts/amsfonts.sty
Package: amsfonts 2013/01/14 v3.01 Basic AMSFonts support
\symAMSa=\mathgroup4
\symAMSb=\mathgroup5
LaTeX Font Info:    Overwriting math alphabet `\mathfrak' in version `bold'
(Font)                  U/euf/m/n --> U/euf/b/n on input line 106.
)
\copyins=\insert199
\abstractbox=\box28
\listisep=\skip45
\c@part=\count92
\c@section=\count93
\c@subsection=\count94
\c@subsubsection=\count95
\c@paragraph=\count96
\c@subparagraph=\count97
\c@figure=\count98
\c@table=\count99
\abovecaptionskip=\skip46
\belowcaptionskip=\skip47
\captionindent=\dimen113
\thm@style=\toks21
\thm@bodyfont=\toks22
\thm@headfont=\toks23
\thm@notefont=\toks24
\thm@headpunct=\toks25
\thm@preskip=\skip48
\thm@postskip=\skip49
\thm@headsep=\skip50
\dth@everypar=\toks26
)
(/usr/share/texlive/texmf-dist/tex/latex/microtype/microtype.sty
Package: microtype 2013/05/23 v2.5a Micro-typographical refinements (RS)
\MT@toks=\toks27
\MT@count=\count100
LaTeX Info: Redefining \textls on input line 766.
\MT@outer@kern=\dimen114
LaTeX Info: Redefining \textmicrotypecontext on input line 1285.
\MT@listname@count=\count101

(/usr/share/texlive/texmf-dist/tex/latex/microtype/microtype-pdftex.def
File: microtype-pdftex.def 2013/05/23 v2.5a Definitions specific to pdftex (RS)

LaTeX Info: Redefining \lsstyle on input line 915.
LaTeX Info: Redefining \lslig on input line 915.
\MT@outer@space=\skip51
)
Package microtype Info: Loading configuration file microtype.cfg.

(/usr/share/texlive/texmf-dist/tex/latex/microtype/microtype.cfg
File: microtype.cfg 2013/05/23 v2.5a microtype main configuration file (RS)
))
(./totpages.sty
Package: totpages 2005/09/19 v2.00 Totpages Package (muewi)
 (/usr/share/texlive/texmf-dist/tex/latex/ms/everyshi.sty
Package: everyshi 2001/05/15 v3.00 EveryShipout Package (MS)
))
(/usr/share/texlive/texmf-dist/tex/latex/environ/environ.sty
Package: environ 2014/05/04 v0.3 A new way to define environments

(/usr/share/texlive/texmf-dist/tex/latex/trimspaces/trimspaces.sty
Package: trimspaces 2009/09/17 v1.1 Trim spaces around a token list
))
(/usr/share/texlive/texmf-dist/tex/latex/natbib/natbib.sty
Package: natbib 2010/09/13 8.31b (PWD, AO)
\bibhang=\skip52
\bibsep=\skip53
LaTeX Info: Redefining \cite on input line 694.
\c@NAT@ctr=\count102
)
(/usr/share/texlive/texmf-dist/tex/latex/hyperref/hyperref.sty
Package: hyperref 2012/11/06 v6.83m Hypertext links for LaTeX

(/usr/share/texlive/texmf-dist/tex/generic/oberdiek/hobsub-hyperref.sty
Package: hobsub-hyperref 2012/05/28 v1.13 Bundle oberdiek, subset hyperref (HO)


(/usr/share/texlive/texmf-dist/tex/generic/oberdiek/hobsub-generic.sty
Package: hobsub-generic 2012/05/28 v1.13 Bundle oberdiek, subset generic (HO)
Package: hobsub 2012/05/28 v1.13 Construct package bundles (HO)
Package: infwarerr 2010/04/08 v1.3 Providing info/warning/error messages (HO)
Package: ltxcmds 2011/11/09 v1.22 LaTeX kernel commands for general use (HO)
Package: ifluatex 2010/03/01 v1.3 Provides the ifluatex switch (HO)
Package ifluatex Info: LuaTeX not detected.
Package: ifvtex 2010/03/01 v1.5 Detect VTeX and its facilities (HO)
Package ifvtex Info: VTeX not detected.
Package: intcalc 2007/09/27 v1.1 Expandable calculations with integers (HO)
Package: ifpdf 2011/01/30 v2.3 Provides the ifpdf switch (HO)
Package ifpdf Info: pdfTeX in PDF mode is detected.
Package: etexcmds 2011/02/16 v1.5 Avoid name clashes with e-TeX commands (HO)
Package etexcmds Info: Could not find \expanded.
(etexcmds)             That can mean that you are not using pdfTeX 1.50 or
(etexcmds)             that some package has redefined \expanded.
(etexcmds)             In the latter case, load this package earlier.
Package: kvsetkeys 2012/04/25 v1.16 Key value parser (HO)
Package: kvdefinekeys 2011/04/07 v1.3 Define keys (HO)
Package: pdftexcmds 2011/11/29 v0.20 Utility functions of pdfTeX for LuaTeX (HO
)
Package pdftexcmds Info: LuaTeX not detected.
Package pdftexcmds Info: \pdf@primitive is available.
Package pdftexcmds Info: \pdf@ifprimitive is available.
Package pdftexcmds Info: \pdfdraftmode found.
Package: pdfescape 2011/11/25 v1.13 Implements pdfTeX's escape features (HO)
Package: bigintcalc 2012/04/08 v1.3 Expandable calculations on big integers (HO
)
Package: bitset 2011/01/30 v1.1 Handle bit-vector datatype (HO)
Package: uniquecounter 2011/01/30 v1.2 Provide unlimited unique counter (HO)
)
Package hobsub Info: Skipping package `hobsub' (already loaded).
Package: letltxmacro 2010/09/02 v1.4 Let assignment for LaTeX macros (HO)
Package: hopatch 2012/05/28 v1.2 Wrapper for package hooks (HO)
Package: xcolor-patch 2011/01/30 xcolor patch
Package: atveryend 2011/06/30 v1.8 Hooks at the very end of document (HO)
Package atveryend Info: \enddocument detected (standard20110627).
Package: atbegshi 2011/10/05 v1.16 At begin shipout hook (HO)
Package: refcount 2011/10/16 v3.4 Data extraction from label references (HO)
Package: hycolor 2011/01/30 v1.7 Color options for hyperref/bookmark (HO)
)
(/usr/share/texlive/texmf-dist/tex/generic/ifxetex/ifxetex.sty
Package: ifxetex 2010/09/12 v0.6 Provides ifxetex conditional
)
(/usr/share/texlive/texmf-dist/tex/latex/oberdiek/auxhook.sty
Package: auxhook 2011/03/04 v1.3 Hooks for auxiliary files (HO)
)
(/usr/share/texlive/texmf-dist/tex/latex/oberdiek/kvoptions.sty
Package: kvoptions 2011/06/30 v3.11 Key value format for package options (HO)
)
\@linkdim=\dimen115
\Hy@linkcounter=\count103
\Hy@pagecounter=\count104

(/usr/share/texlive/texmf-dist/tex/latex/hyperref/pd1enc.def
File: pd1enc.def 2012/11/06 v6.83m Hyperref: PDFDocEncoding definition (HO)
)
\Hy@SavedSpaceFactor=\count105

(/usr/share/texlive/texmf-dist/tex/latex/latexconfig/hyperref.cfg
File: hyperref.cfg 2002/06/06 v1.2 hyperref configuration of TeXLive
)
Package hyperref Info: Option `bookmarksnumbered' set `true' on input line 4319
.
Package hyperref Info: Hyper figures OFF on input line 4443.
Package hyperref Info: Link nesting OFF on input line 4448.
Package hyperref Info: Hyper index ON on input line 4451.
Package hyperref Info: Plain pages OFF on input line 4458.
Package hyperref Info: Backreferencing OFF on input line 4463.
Package hyperref Info: Implicit mode ON; LaTeX internals redefined.
Package hyperref Info: Bookmarks ON on input line 4688.
\c@Hy@tempcnt=\count106

(/usr/share/texlive/texmf-dist/tex/latex/url/url.sty
\Urlmuskip=\muskip11
Package: url 2013/09/16  ver 3.4  Verb mode for urls, etc.
)
LaTeX Info: Redefining \url on input line 5041.
\XeTeXLinkMargin=\dimen116
\Fld@menulength=\count107
\Field@Width=\dimen117
\Fld@charsize=\dimen118
Package hyperref Info: Hyper figures OFF on input line 6295.
Package hyperref Info: Link nesting OFF on input line 6300.
Package hyperref Info: Hyper index ON on input line 6303.
Package hyperref Info: backreferencing OFF on input line 6310.
Package hyperref Info: Link coloring OFF on input line 6315.
Package hyperref Info: Link coloring with OCG OFF on input line 6320.
Package hyperref Info: PDF/A mode OFF on input line 6325.
LaTeX Info: Redefining \ref on input line 6365.
LaTeX Info: Redefining \pageref on input line 6369.
\Hy@abspage=\count108
\c@Item=\count109
\c@Hfootnote=\count110
)

Package hyperref Message: Driver (autodetected): hpdftex.

(/usr/share/texlive/texmf-dist/tex/latex/hyperref/hpdftex.def
File: hpdftex.def 2012/11/06 v6.83m Hyperref driver for pdfTeX
\Fld@listcount=\count111
\c@bookmark@seq@number=\count112

(/usr/share/texlive/texmf-dist/tex/latex/oberdiek/rerunfilecheck.sty
Package: rerunfilecheck 2011/04/15 v1.7 Rerun checks for auxiliary files (HO)
Package uniquecounter Info: New unique counter `rerunfilecheck' on input line 2
82.
)
\Hy@SectionHShift=\skip54
)
(/usr/share/texlive/texmf-dist/tex/latex/graphics/graphicx.sty
Package: graphicx 2014/10/28 v1.0g Enhanced LaTeX Graphics (DPC,SPQR)

(/usr/share/texlive/texmf-dist/tex/latex/graphics/graphics.sty
Package: graphics 2016/01/03 v1.0q Standard LaTeX Graphics (DPC,SPQR)

(/usr/share/texlive/texmf-dist/tex/latex/graphics/trig.sty
Package: trig 2016/01/03 v1.10 sin cos tan (DPC)
)
(/usr/share/texlive/texmf-dist/tex/latex/latexconfig/graphics.cfg
File: graphics.cfg 2010/04/23 v1.9 graphics configuration of TeX Live
)
Package graphics Info: Driver file: pdftex.def on input line 95.

(/usr/share/texlive/texmf-dist/tex/latex/pdftex-def/pdftex.def
File: pdftex.def 2011/05/27 v0.06d Graphics/color for pdfTeX
\Gread@gobject=\count113
))
\Gin@req@height=\dimen119
\Gin@req@width=\dimen120
)
(/usr/share/texlive/texmf-dist/tex/latex/xcolor/xcolor.sty
Package: xcolor 2007/01/21 v2.11 LaTeX color extensions (UK)

(/usr/share/texlive/texmf-dist/tex/latex/latexconfig/color.cfg
File: color.cfg 2007/01/18 v1.5 color configuration of teTeX/TeXLive
)
Package xcolor Info: Driver file: pdftex.def on input line 225.
Package xcolor Info: Model `cmy' substituted by `cmy0' on input line 1337.
Package xcolor Info: Model `hsb' substituted by `rgb' on input line 1341.
Package xcolor Info: Model `RGB' extended on input line 1353.
Package xcolor Info: Model `HTML' substituted by `rgb' on input line 1355.
Package xcolor Info: Model `Hsb' substituted by `hsb' on input line 1356.
Package xcolor Info: Model `tHsb' substituted by `hsb' on input line 1357.
Package xcolor Info: Model `HSB' substituted by `hsb' on input line 1358.
Package xcolor Info: Model `Gray' substituted by `gray' on input line 1359.
Package xcolor Info: Model `wave' substituted by `hsb' on input line 1360.
)
(/usr/share/texlive/texmf-dist/tex/latex/geometry/geometry.sty
Package: geometry 2010/09/12 v5.6 Page Geometry
\Gm@cnth=\count114
\Gm@cntv=\count115
\c@Gm@tempcnt=\count116
\Gm@bindingoffset=\dimen121
\Gm@wd@mp=\dimen122
\Gm@odd@mp=\dimen123
\Gm@even@mp=\dimen124
\Gm@layoutwidth=\dimen125
\Gm@layoutheight=\dimen126
\Gm@layouthoffset=\dimen127
\Gm@layoutvoffset=\dimen128
\Gm@dimlist=\toks28
)
(/usr/share/texlive/texmf-dist/tex/latex/ncctools/manyfoot.sty
Package: manyfoot 2005/09/11 v1.10 Many Footnote Levels Package (NCC)

(/usr/share/texlive/texmf-dist/tex/latex/ncctools/nccfoots.sty
Package: nccfoots 2005/02/03 v1.2 NCC Footnotes Package (NCC)
)
\MFL@columnwidth=\dimen129
)
\footinscopyrightpermission=\insert198
\c@footnotecopyrightpermission=\count117

(/usr/share/texlive/texmf-dist/tex/latex/libertine/libertine.sty
Package: libertine 2014/11/25 (Bob Tennent) Supports Libertine and Biolinum fon
ts for all LaTeX engines.

(/usr/share/texlive/texmf-dist/tex/latex/base/textcomp.sty
Package: textcomp 2005/09/27 v1.99g Standard LaTeX package
Package textcomp Info: Sub-encoding information:
(textcomp)               5 = only ISO-Adobe without \textcurrency
(textcomp)               4 = 5 + \texteuro
(textcomp)               3 = 4 + \textohm
(textcomp)               2 = 3 + \textestimated + \textcurrency
(textcomp)               1 = TS1 - \textcircled - \t
(textcomp)               0 = TS1 (full)
(textcomp)             Font families with sub-encoding setting implement
(textcomp)             only a restricted character set as indicated.
(textcomp)             Family '?' is the default used for unknown fonts.
(textcomp)             See the documentation for details.
Package textcomp Info: Setting ? sub-encoding to TS1/1 on input line 79.

(/usr/share/texlive/texmf-dist/tex/latex/base/ts1enc.def
File: ts1enc.def 2001/06/05 v3.0e (jk/car/fm) Standard LaTeX file
)
LaTeX Info: Redefining \oldstylenums on input line 334.
Package textcomp Info: Setting cmr sub-encoding to TS1/0 on input line 349.
Package textcomp Info: Setting cmss sub-encoding to TS1/0 on input line 350.
Package textcomp Info: Setting cmtt sub-encoding to TS1/0 on input line 351.
Package textcomp Info: Setting cmvtt sub-encoding to TS1/0 on input line 352.
Package textcomp Info: Setting cmbr sub-encoding to TS1/0 on input line 353.
Package textcomp Info: Setting cmtl sub-encoding to TS1/0 on input line 354.
Package textcomp Info: Setting ccr sub-encoding to TS1/0 on input line 355.
Package textcomp Info: Setting ptm sub-encoding to TS1/4 on input line 356.
Package textcomp Info: Setting pcr sub-encoding to TS1/4 on input line 357.
Package textcomp Info: Setting phv sub-encoding to TS1/4 on input line 358.
Package textcomp Info: Setting ppl sub-encoding to TS1/3 on input line 359.
Package textcomp Info: Setting pag sub-encoding to TS1/4 on input line 360.
Package textcomp Info: Setting pbk sub-encoding to TS1/4 on input line 361.
Package textcomp Info: Setting pnc sub-encoding to TS1/4 on input line 362.
Package textcomp Info: Setting pzc sub-encoding to TS1/4 on input line 363.
Package textcomp Info: Setting bch sub-encoding to TS1/4 on input line 364.
Package textcomp Info: Setting put sub-encoding to TS1/5 on input line 365.
Package textcomp Info: Setting uag sub-encoding to TS1/5 on input line 366.
Package textcomp Info: Setting ugq sub-encoding to TS1/5 on input line 367.
Package textcomp Info: Setting ul8 sub-encoding to TS1/4 on input line 368.
Package textcomp Info: Setting ul9 sub-encoding to TS1/4 on input line 369.
Package textcomp Info: Setting augie sub-encoding to TS1/5 on input line 370.
Package textcomp Info: Setting dayrom sub-encoding to TS1/3 on input line 371.
Package textcomp Info: Setting dayroms sub-encoding to TS1/3 on input line 372.

Package textcomp Info: Setting pxr sub-encoding to TS1/0 on input line 373.
Package textcomp Info: Setting pxss sub-encoding to TS1/0 on input line 374.
Package textcomp Info: Setting pxtt sub-encoding to TS1/0 on input line 375.
Package textcomp Info: Setting txr sub-encoding to TS1/0 on input line 376.
Package textcomp Info: Setting txss sub-encoding to TS1/0 on input line 377.
Package textcomp Info: Setting txtt sub-encoding to TS1/0 on input line 378.
Package textcomp Info: Setting lmr sub-encoding to TS1/0 on input line 379.
Package textcomp Info: Setting lmdh sub-encoding to TS1/0 on input line 380.
Package textcomp Info: Setting lmss sub-encoding to TS1/0 on input line 381.
Package textcomp Info: Setting lmssq sub-encoding to TS1/0 on input line 382.
Package textcomp Info: Setting lmvtt sub-encoding to TS1/0 on input line 383.
Package textcomp Info: Setting lmtt sub-encoding to TS1/0 on input line 384.
Package textcomp Info: Setting qhv sub-encoding to TS1/0 on input line 385.
Package textcomp Info: Setting qag sub-encoding to TS1/0 on input line 386.
Package textcomp Info: Setting qbk sub-encoding to TS1/0 on input line 387.
Package textcomp Info: Setting qcr sub-encoding to TS1/0 on input line 388.
Package textcomp Info: Setting qcs sub-encoding to TS1/0 on input line 389.
Package textcomp Info: Setting qpl sub-encoding to TS1/0 on input line 390.
Package textcomp Info: Setting qtm sub-encoding to TS1/0 on input line 391.
Package textcomp Info: Setting qzc sub-encoding to TS1/0 on input line 392.
Package textcomp Info: Setting qhvc sub-encoding to TS1/0 on input line 393.
Package textcomp Info: Setting futs sub-encoding to TS1/4 on input line 394.
Package textcomp Info: Setting futx sub-encoding to TS1/4 on input line 395.
Package textcomp Info: Setting futj sub-encoding to TS1/4 on input line 396.
Package textcomp Info: Setting hlh sub-encoding to TS1/3 on input line 397.
Package textcomp Info: Setting hls sub-encoding to TS1/3 on input line 398.
Package textcomp Info: Setting hlst sub-encoding to TS1/3 on input line 399.
Package textcomp Info: Setting hlct sub-encoding to TS1/5 on input line 400.
Package textcomp Info: Setting hlx sub-encoding to TS1/5 on input line 401.
Package textcomp Info: Setting hlce sub-encoding to TS1/5 on input line 402.
Package textcomp Info: Setting hlcn sub-encoding to TS1/5 on input line 403.
Package textcomp Info: Setting hlcw sub-encoding to TS1/5 on input line 404.
Package textcomp Info: Setting hlcf sub-encoding to TS1/5 on input line 405.
Package textcomp Info: Setting pplx sub-encoding to TS1/3 on input line 406.
Package textcomp Info: Setting pplj sub-encoding to TS1/3 on input line 407.
Package textcomp Info: Setting ptmx sub-encoding to TS1/4 on input line 408.
Package textcomp Info: Setting ptmj sub-encoding to TS1/4 on input line 409.
)
(/usr/share/texlive/texmf-dist/tex/latex/mweights/mweights.sty
Package: mweights 2013/07/21 (Bob Tennent) Support package for multiple-weight 
font packages. 
LaTeX Info: Redefining \bfseries on input line 22.
LaTeX Info: Redefining \mdseries on input line 29.
LaTeX Info: Redefining \rmfamily on input line 36.
LaTeX Info: Redefining \sffamily on input line 53.
LaTeX Info: Redefining \ttfamily on input line 70.
)
(/usr/share/texlive/texmf-dist/tex/latex/base/fontenc.sty
Package: fontenc 2005/09/27 v1.99g Standard LaTeX package
)
(/usr/share/texlive/texmf-dist/tex/latex/fontaxes/fontaxes.sty
Package: fontaxes 2014/03/23 v1.0d Font selection axes
LaTeX Info: Redefining \upshape on input line 29.
LaTeX Info: Redefining \itshape on input line 31.
LaTeX Info: Redefining \slshape on input line 33.
LaTeX Info: Redefining \scshape on input line 37.
)
LaTeX Info: Redefining \oldstylenums on input line 478.

(/usr/share/texlive/texmf-dist/tex/latex/libertine/LinLibertine_I.tex))
(/usr/share/texlive/texmf-dist/tex/latex/inconsolata/zi4.sty
Package: zi4 2016/02/22 v1.10

`inconsolata-zi4' v1.10, 2016/02/22 Text macros for Inconsolata (msharpe)
\zifour@ocount=\count118
)
(/usr/share/texlive/texmf-dist/tex/latex/newtx/newtxmath.sty
Package: newtxmath 2016/01/31 v1.465

`newtxmath' v1.465, 2016/01/31 Math macros based on txfonts (msharpe)
(/usr/share/texlive/texmf-dist/tex/generic/kastrup/binhex.tex)
\tx@Isdigit=\count119
LaTeX Font Info:    Redeclaring symbol font `operators' on input line 137.
LaTeX Font Info:    Overwriting symbol font `operators' in version `normal'
(Font)                  OT1/cmr/m/n --> OT1/LinuxLibertineT-TLF/m/n on input li
ne 137.
LaTeX Font Info:    Overwriting symbol font `operators' in version `bold'
(Font)                  OT1/cmr/bx/n --> OT1/LinuxLibertineT-TLF/m/n on input l
ine 137.
LaTeX Font Info:    Overwriting symbol font `operators' in version `bold'
(Font)                  OT1/LinuxLibertineT-TLF/m/n --> OT1/LinuxLibertineT-TLF
/sb/n on input line 138.
LaTeX Font Info:    Redeclaring math alphabet \mathsf on input line 144.
LaTeX Font Info:    Overwriting math alphabet `\mathsf' in version `normal'
(Font)                  OT1/cmss/m/n --> OT1/LinuxBiolinumT-TLF/m/n on input li
ne 144.
LaTeX Font Info:    Overwriting math alphabet `\mathsf' in version `bold'
(Font)                  OT1/cmss/bx/n --> OT1/LinuxBiolinumT-TLF/m/n on input l
ine 144.
LaTeX Font Info:    Redeclaring math alphabet \mathit on input line 145.
LaTeX Font Info:    Overwriting math alphabet `\mathit' in version `normal'
(Font)                  OT1/cmr/m/it --> OT1/LinuxLibertineT-TLF/m/it on input 
line 145.
LaTeX Font Info:    Overwriting math alphabet `\mathit' in version `bold'
(Font)                  OT1/cmr/bx/it --> OT1/LinuxLibertineT-TLF/m/it on input
 line 145.
LaTeX Font Info:    Redeclaring math alphabet \mathtt on input line 146.
LaTeX Font Info:    Overwriting math alphabet `\mathtt' in version `normal'
(Font)                  OT1/cmtt/m/n --> OT1/zi4/m/n on input line 146.
LaTeX Font Info:    Overwriting math alphabet `\mathtt' in version `bold'
(Font)                  OT1/cmtt/m/n --> OT1/zi4/m/n on input line 146.
LaTeX Font Info:    Redeclaring math alphabet \mathbf on input line 148.
LaTeX Font Info:    Overwriting math alphabet `\mathbf' in version `normal'
(Font)                  OT1/cmr/bx/n --> OT1/LinuxLibertineT-TLF/sb/n on input 
line 148.
LaTeX Font Info:    Overwriting math alphabet `\mathbf' in version `bold'
(Font)                  OT1/cmr/bx/n --> OT1/LinuxLibertineT-TLF/sb/n on input 
line 148.
LaTeX Font Info:    Overwriting math alphabet `\mathit' in version `bold'
(Font)                  OT1/LinuxLibertineT-TLF/m/it --> OT1/LinuxLibertineT-TL
F/sb/it on input line 149.
LaTeX Font Info:    Overwriting math alphabet `\mathsf' in version `bold'
(Font)                  OT1/LinuxBiolinumT-TLF/m/n --> OT1/LinuxBiolinumT-TLF/b
/n on input line 150.
LaTeX Font Info:    Overwriting math alphabet `\mathtt' in version `bold'
(Font)                  OT1/zi4/m/n --> OT1/zi4/b/n on input line 151.
LaTeX Font Info:    Redeclaring symbol font `letters' on input line 163.
LaTeX Font Info:    Overwriting symbol font `letters' in version `normal'
(Font)                  OML/cmm/m/it --> OML/nxlmi/m/it on input line 163.
LaTeX Font Info:    Overwriting symbol font `letters' in version `bold'
(Font)                  OML/cmm/b/it --> OML/nxlmi/m/it on input line 163.
LaTeX Font Info:    Overwriting symbol font `letters' in version `bold'
(Font)                  OML/nxlmi/m/it --> OML/nxlmi/b/it on input line 164.
\symlettersA=\mathgroup6
LaTeX Font Info:    Overwriting symbol font `lettersA' in version `bold'
(Font)                  U/ntxmia/m/it --> U/ntxmia/b/it on input line 213.
LaTeX Font Info:    Redeclaring math alphabet \mathfrak on input line 215.
LaTeX Font Info:    Redeclaring symbol font `symbols' on input line 221.
LaTeX Font Info:    Overwriting symbol font `symbols' in version `normal'
(Font)                  OMS/cmsy/m/n --> OMS/ntxsy/m/n on input line 221.
LaTeX Font Info:    Overwriting symbol font `symbols' in version `bold'
(Font)                  OMS/cmsy/b/n --> OMS/ntxsy/m/n on input line 221.
LaTeX Font Info:    Overwriting symbol font `symbols' in version `bold'
(Font)                  OMS/ntxsy/m/n --> OMS/ntxsy/b/n on input line 222.
\symAMSm=\mathgroup7
LaTeX Font Info:    Overwriting symbol font `AMSm' in version `bold'
(Font)                  U/ntxsym/m/n --> U/ntxsym/b/n on input line 242.
\symsymbolsC=\mathgroup8
LaTeX Font Info:    Overwriting symbol font `symbolsC' in version `bold'
(Font)                  U/ntxsyc/m/n --> U/ntxsyc/b/n on input line 263.
LaTeX Font Info:    Redeclaring symbol font `largesymbols' on input line 276.
LaTeX Font Info:    Encoding `OMX' has changed to `LMX' for symbol font
(Font)              `largesymbols' in the math version `normal' on input line 2
76.
LaTeX Font Info:    Overwriting symbol font `largesymbols' in version `normal'
(Font)                  OMX/cmex/m/n --> LMX/ntxexx/m/n on input line 276.
LaTeX Font Info:    Encoding `OMX' has changed to `LMX' for symbol font
(Font)              `largesymbols' in the math version `bold' on input line 276
.
LaTeX Font Info:    Overwriting symbol font `largesymbols' in version `bold'
(Font)                  OMX/cmex/m/n --> LMX/ntxexx/m/n on input line 276.
LaTeX Font Info:    Overwriting symbol font `largesymbols' in version `bold'
(Font)                  LMX/ntxexx/m/n --> LMX/ntxexx/b/n on input line 277.
\symlargesymbolsTXA=\mathgroup9
LaTeX Font Info:    Overwriting symbol font `largesymbolsTXA' in version `bold'

(Font)                  U/ntxexa/m/n --> U/ntxexa/b/n on input line 291.
LaTeX Info: Redefining \not on input line 1749.
LaTeX Info: Redefining \textsquare on input line 1770.
LaTeX Info: Redefining \openbox on input line 1772.
)
(/usr/share/texlive/texmf-dist/tex/latex/caption/caption.sty
Package: caption 2016/02/21 v3.3-144 Customizing captions (AR)

(/usr/share/texlive/texmf-dist/tex/latex/caption/caption3.sty
Package: caption3 2016/02/04 v1.7-139 caption3 kernel (AR)
Package caption3 Info: TeX engine: e-TeX on input line 67.
\captionmargin=\dimen130
\captionmargin@=\dimen131
\captionwidth=\dimen132
\caption@tempdima=\dimen133
\caption@indent=\dimen134
\caption@parindent=\dimen135
\caption@hangindent=\dimen136
)
Package caption Info: AMS or SMF document class.
\c@ContinuedFloat=\count120
Package caption Info: hyperref package is loaded.
)
(/usr/share/texlive/texmf-dist/tex/latex/float/float.sty
Package: float 2001/11/08 v1.3d Float enhancements (AL)
\c@float@type=\count121
\float@exts=\toks29
\float@box=\box29
\@float@everytoks=\toks30
\@floatcapt=\box30
)
\@float@every@sidebar=\toks31
\c@sidebar=\count122
\fulltextwidth=\dimen137
\num@authorgroups=\count123
\@ACM@badge@width=\skip55
\@ACM@title@width=\skip56
\@ACM@badge@skip=\skip57
Class acmart Info: Printing CSS on input line 1042.
Class acmart Info: Printing bibformat on input line 1042.
Class acmart Info: Suppressing folios on input line 1049.

(/usr/share/texlive/texmf-dist/tex/latex/comment/comment.sty
\CommentStream=\write3

Excluding comment 'comment') Excluding comment 'CCSXML'
\mktitle@bx=\box31
\@ACM@commabox=\box32
\author@bx=\box33
\author@bx@wd=\dimen138
\author@bx@sep=\skip58

(/usr/share/texlive/texmf-dist/tex/latex/fancyhdr/fancyhdr.sty
\fancy@headwidth=\skip59
\f@ncyO@elh=\skip60
\f@ncyO@erh=\skip61
\f@ncyO@olh=\skip62
\f@ncyO@orh=\skip63
\f@ncyO@elf=\skip64
\f@ncyO@erf=\skip65
\f@ncyO@olf=\skip66
\f@ncyO@orf=\skip67
)
\@folio@wd=\dimen139
\@folio@ht=\dimen140
\@folio@voffset=\dimen141
\c@theorem=\count124

Special comment 'acks' Excluding comment 'screenonly'
Include comment 'printonly' Include comment 'anonsuppress'
LaTeX Font Info:    Try loading font information for OT1+LinuxLibertineT-TLF on
 input line 2184.

(/usr/share/texlive/texmf-dist/tex/latex/libertine/OT1LinuxLibertineT-TLF.fd
File: OT1LinuxLibertineT-TLF.fd 2012/11/26 (autoinst) Font definitions for OT1/
LinuxLibertineT-TLF.
)
LaTeX Font Info:    Font shape `OT1/LinuxLibertineT-TLF/m/n' will be
(Font)              scaled to size 9.0pt on input line 2184.
)
(/usr/share/texlive/texmf-dist/tex/latex/lineno/lineno.sty
Package: lineno 2005/11/02 line numbers on paragraphs v4.41
\linenopenalty=\count125
\output=\toks32
\linenoprevgraf=\count126
\linenumbersep=\dimen142
\linenumberwidth=\dimen143
\c@linenumber=\count127
\c@pagewiselinenumber=\count128
\c@LN@truepage=\count129
\c@internallinenumber=\count130
\c@internallinenumbers=\count131
\quotelinenumbersep=\dimen144
\bframerule=\dimen145
\bframesep=\dimen146
\bframebox=\box34
LaTeX Info: Redefining \\ on input line 3056.
)
(/usr/share/texlive/texmf-dist/tex/latex/algorithms/algorithm.sty
Package: algorithm 2009/08/24 v0.1 Document Style `algorithm' - floating enviro
nment

(/usr/share/texlive/texmf-dist/tex/latex/base/ifthen.sty
Package: ifthen 2014/09/29 v1.1c Standard LaTeX ifthen package (DPC)
)
\@float@every@algorithm=\toks33
\c@algorithm=\count132
)
(/usr/share/texlive/texmf-dist/tex/latex/algorithmicx/algpseudocode.sty
Package: algpseudocode 

(/usr/share/texlive/texmf-dist/tex/latex/algorithmicx/algorithmicx.sty
Package: algorithmicx 2005/04/27 v1.2 Algorithmicx

Document Style algorithmicx 1.2 - a greatly improved `algorithmic' style
\c@ALG@line=\count133
\c@ALG@rem=\count134
\c@ALG@nested=\count135
\ALG@tlm=\skip68
\ALG@thistlm=\skip69
\c@ALG@Lnr=\count136
\c@ALG@blocknr=\count137
\c@ALG@storecount=\count138
\c@ALG@tmpcounter=\count139
\ALG@tmplength=\skip70
)
Document Style - pseudocode environments for use with the `algorithmicx' style
) (/usr/share/texlive/texmf-dist/tex/latex/caption/subcaption.sty
Package: subcaption 2016/02/20 v1.1-142 Sub-captions (AR)
\c@subfigure=\count140
\c@subtable=\count141
)
(/usr/share/texlive/texmf-dist/tex/latex/booktabs/booktabs.sty
Package: booktabs 2005/04/14 v1.61803 publication quality tables
\heavyrulewidth=\dimen147
\lightrulewidth=\dimen148
\cmidrulewidth=\dimen149
\belowrulesep=\dimen150
\belowbottomsep=\dimen151
\aboverulesep=\dimen152
\abovetopsep=\dimen153
\cmidrulesep=\dimen154
\cmidrulekern=\dimen155
\defaultaddspace=\dimen156
\@cmidla=\count142
\@cmidlb=\count143
\@aboverulesep=\dimen157
\@belowrulesep=\dimen158
\@thisruleclass=\count144
\@lastruleclass=\count145
\@thisrulewidth=\dimen159
)
(./sample-sigconf.aux)
\openout1 = `sample-sigconf.aux'.

LaTeX Font Info:    Checking defaults for OML/nxlmi/m/it on input line 40.
LaTeX Font Info:    Try loading font information for OML+nxlmi on input line 40
.

(/usr/share/texlive/texmf-dist/tex/latex/newtx/omlnxlmi.fd
File: omlnxlmi.fd 2013/11/19 Fontinst v1.933 font definitions for OML/nxlmi.
)
LaTeX Font Info:    ... okay on input line 40.
LaTeX Font Info:    Checking defaults for T1/cmr/m/n on input line 40.
LaTeX Font Info:    ... okay on input line 40.
LaTeX Font Info:    Checking defaults for OT1/cmr/m/n on input line 40.
LaTeX Font Info:    ... okay on input line 40.
LaTeX Font Info:    Checking defaults for OMS/ntxsy/m/n on input line 40.
LaTeX Font Info:    Try loading font information for OMS+ntxsy on input line 40
.

(/usr/share/texlive/texmf-dist/tex/latex/newtx/omsntxsy.fd
File: omsntxsy.fd 2012/11/14 Fontinst v1.933 font definitions for OMS/ntxsy.
)
LaTeX Font Info:    ... okay on input line 40.
LaTeX Font Info:    Checking defaults for OMX/cmex/m/n on input line 40.
LaTeX Font Info:    ... okay on input line 40.
LaTeX Font Info:    Checking defaults for U/ntxexa/m/n on input line 40.
LaTeX Font Info:    Try loading font information for U+ntxexa on input line 40.


(/usr/share/texlive/texmf-dist/tex/latex/newtx/untxexa.fd
File: untxexa.fd 2012/04/16 Fontinst v1.933 font definitions for U/ntxexa.
)
LaTeX Font Info:    ... okay on input line 40.
LaTeX Font Info:    Checking defaults for PD1/pdf/m/n on input line 40.
LaTeX Font Info:    ... okay on input line 40.
LaTeX Font Info:    Checking defaults for TS1/cmr/m/n on input line 40.
LaTeX Font Info:    Try loading font information for TS1+cmr on input line 40.

(/usr/share/texlive/texmf-dist/tex/latex/base/ts1cmr.fd
File: ts1cmr.fd 2014/09/29 v2.5h Standard LaTeX font definitions
)
LaTeX Font Info:    ... okay on input line 40.
LaTeX Font Info:    Checking defaults for LMX/ntxexx/m/n on input line 40.
LaTeX Font Info:    ... okay on input line 40.
LaTeX Font Info:    Font shape `OT1/LinuxLibertineT-TLF/m/n' will be
(Font)              scaled to size 7.0pt on input line 40.
LaTeX Font Info:    Font shape `OT1/LinuxLibertineT-TLF/m/n' will be
(Font)              scaled to size 7.3pt on input line 40.
LaTeX Font Info:    Font shape `OT1/LinuxLibertineT-TLF/m/n' will be
(Font)              scaled to size 5.5pt on input line 40.
LaTeX Font Info:    Try loading font information for U+msa on input line 40.

(/usr/share/texlive/texmf-dist/tex/latex/amsfonts/umsa.fd
File: umsa.fd 2013/01/14 v3.01 AMS symbols A
)
LaTeX Font Info:    Try loading font information for U+msb on input line 40.

(/usr/share/texlive/texmf-dist/tex/latex/amsfonts/umsb.fd
File: umsb.fd 2013/01/14 v3.01 AMS symbols B
)
LaTeX Font Info:    Try loading font information for U+ntxmia on input line 40.


(/usr/share/texlive/texmf-dist/tex/latex/newtx/untxmia.fd
File: untxmia.fd 2012/04/16 Fontinst v1.933 font definitions for U/ntxmia.
)
LaTeX Font Info:    Try loading font information for U+ntxsym on input line 40.


(/usr/share/texlive/texmf-dist/tex/latex/newtx/untxsym.fd
File: untxsym.fd 2015/03/20 Fontinst v1.933 font definitions for U/ntxsym.
)
LaTeX Font Info:    Try loading font information for U+ntxsyc on input line 40.


(/usr/share/texlive/texmf-dist/tex/latex/newtx/untxsyc.fd
File: untxsyc.fd 2012/04/12 Fontinst v1.933 font definitions for U/ntxsyc.
)
LaTeX Info: Redefining \microtypecontext on input line 40.
Package microtype Info: Generating PDF output.
Package microtype Info: Character protrusion enabled (level 2).
Package microtype Info: Using default protrusion set `alltext'.
Package microtype Info: Automatic font expansion enabled (level 2),
(microtype)             stretch: 20, shrink: 20, step: 1, non-selected.
Package microtype Info: Using default expansion set `basictext'.
Package microtype Info: No adjustment of tracking.
Package microtype Info: No adjustment of interword spacing.
Package microtype Info: No adjustment of character kerning.
Package microtype Info: Loading generic settings for font family
(microtype)             `LinuxLibertineT-TLF' (encoding: OT1).
(microtype)             For optimal results, create family-specific settings.
(microtype)             See the microtype manual for details.

ABD: EveryShipout initializing macros
\AtBeginShipoutBox=\box35
Package hyperref Info: Link coloring OFF on input line 40.

(/usr/share/texlive/texmf-dist/tex/latex/hyperref/nameref.sty
Package: nameref 2012/10/27 v2.43 Cross-referencing by name of section

(/usr/share/texlive/texmf-dist/tex/generic/oberdiek/gettitlestring.sty
Package: gettitlestring 2010/12/03 v1.4 Cleanup title references (HO)
)
\c@section@level=\count146
)
LaTeX Info: Redefining \ref on input line 40.
LaTeX Info: Redefining \pageref on input line 40.
LaTeX Info: Redefining \nameref on input line 40.

(./sample-sigconf.out) (./sample-sigconf.out)
\@outlinefile=\write4
\openout4 = `sample-sigconf.out'.


(/usr/share/texlive/texmf-dist/tex/context/base/supp-pdf.mkii
[Loading MPS to PDF converter (version 2006.09.02).]
\scratchcounter=\count147
\scratchdimen=\dimen160
\scratchbox=\box36
\nofMPsegments=\count148
\nofMParguments=\count149
\everyMPshowfont=\toks34
\MPscratchCnt=\count150
\MPscratchDim=\dimen161
\MPnumerator=\count151
\makeMPintoPDFobject=\count152
\everyMPtoPDFconversion=\toks35
) (/usr/share/texlive/texmf-dist/tex/latex/oberdiek/epstopdf-base.sty
Package: epstopdf-base 2010/02/09 v2.5 Base part for package epstopdf

(/usr/share/texlive/texmf-dist/tex/latex/oberdiek/grfext.sty
Package: grfext 2010/08/19 v1.1 Manage graphics extensions (HO)
)
Package grfext Info: Graphics extension search list:
(grfext)             [.png,.pdf,.jpg,.mps,.jpeg,.jbig2,.jb2,.PNG,.PDF,.JPG,.JPE
G,.JBIG2,.JB2,.eps]
(grfext)             \AppendGraphicsExtensions on input line 452.

(/usr/share/texlive/texmf-dist/tex/latex/latexconfig/epstopdf-sys.cfg
File: epstopdf-sys.cfg 2010/07/13 v1.3 Configuration of (r)epstopdf for TeX Liv
e
))
*geometry* driver: auto-detecting
*geometry* detected driver: pdftex
*geometry* verbose mode - [ preamble ] result:
* driver: pdftex
* paper: custom
* layout: <same size as paper>
* layoutoffset:(h,v)=(0.0pt,0.0pt)
* modes: includehead includefoot twoside 
* h-part:(L,W,R)=(54.0pt, 506.295pt, 54.0pt)
* v-part:(T,H,B)=(57.0pt, 664.96999pt, 73.0pt)
* \paperwidth=614.295pt
* \paperheight=794.96999pt
* \textwidth=506.295pt
* \textheight=626.96999pt
* \oddsidemargin=-18.26999pt
* \evensidemargin=-18.26999pt
* \topmargin=-15.26999pt
* \headheight=12.0pt
* \headsep=14.0pt
* \topskip=10.0pt
* \footskip=12.0pt
* \marginparwidth=90.0pt
* \marginparsep=11.0pt
* \columnsep=24.0pt
* \skip\footins=7.0pt plus 11.0pt
* \hoffset=0.0pt
* \voffset=0.0pt
* \mag=1000
* \@twocolumnfalse
* \@twosidetrue
* \@mparswitchtrue
* \@reversemarginfalse
* (1in=72.27pt=25.4mm, 1cm=28.453pt)

\c@mv@tabular=\count153
\c@mv@boldtabular=\count154
(/usr/share/texlive/texmf-dist/tex/latex/upquote/upquote.sty
Package: upquote 2012/04/19 v1.3 upright-quote and grave-accent glyphs in verba
tim
)
Package caption Info: Begin \AtBeginDocument code.
Package caption Info: float package is loaded.
Package caption Info: End \AtBeginDocument code.

Excluding 'CCSXML' comment.
LaTeX Font Info:    Font shape `OT1/LinuxLibertineT-TLF/m/n' will be
(Font)              scaled to size 17.28pt on input line 162.
LaTeX Font Info:    Try loading font information for OT1+LinuxBiolinumT-TLF on 
input line 162.

(/usr/share/texlive/texmf-dist/tex/latex/libertine/OT1LinuxBiolinumT-TLF.fd
File: OT1LinuxBiolinumT-TLF.fd 2012/11/26 (autoinst) Font definitions for OT1/L
inuxBiolinumT-TLF.
)
LaTeX Font Info:    Font shape `OT1/LinuxBiolinumT-TLF/m/n' will be
(Font)              scaled to size 17.28pt on input line 162.
Package microtype Info: Loading generic settings for font family
(microtype)             `LinuxBiolinumT-TLF' (encoding: OT1).
(microtype)             For optimal results, create family-specific settings.
(microtype)             See the microtype manual for details.
LaTeX Font Info:    Font shape `OT1/LinuxBiolinumT-TLF/bx/n' in size <17.28> no
t available
(Font)              Font shape `OT1/LinuxBiolinumT-TLF/b/n' tried instead on in
put line 162.
LaTeX Font Info:    Font shape `OT1/LinuxBiolinumT-TLF/b/n' will be
(Font)              scaled to size 17.28pt on input line 162.
LaTeX Font Info:    Font shape `OT1/LinuxLibertineT-TLF/m/n' will be
(Font)              scaled to size 12.0pt on input line 162.
LaTeX Font Info:    Font shape `OT1/LinuxLibertineT-TLF/m/n' will be
(Font)              scaled to size 10.0pt on input line 162.
LaTeX Font Info:    Font shape `OT1/LinuxLibertineT-TLF/m/it' will be
(Font)              scaled to size 7.0pt on input line 162.
LaTeX Font Info:    Try loading font information for TS1+LinuxLibertineT-TLF on
 input line 162.

(/usr/share/texlive/texmf-dist/tex/latex/libertine/TS1LinuxLibertineT-TLF.fd
File: TS1LinuxLibertineT-TLF.fd 2012/11/26 (autoinst) Font definitions for TS1/
LinuxLibertineT-TLF.
)
LaTeX Font Info:    Font shape `TS1/LinuxLibertineT-TLF/m/n' will be
(Font)              scaled to size 7.0pt on input line 162.
Package microtype Info: Loading generic settings for font family
(microtype)             `LinuxLibertineT-TLF' (encoding: TS1).
(microtype)             For optimal results, create family-specific settings.
(microtype)             See the microtype manual for details.
LaTeX Font Info:    Font shape `OT1/LinuxLibertineT-TLF/b/n' will be
(Font)              scaled to size 9.0pt on input line 162.
LaTeX Font Info:    Font shape `OT1/LinuxLibertineT-TLF/b/n' will be
(Font)              scaled to size 10.95pt on input line 162.
LaTeX Font Info:    Font shape `TS1/LinuxLibertineT-TLF/m/n' will be
(Font)              scaled to size 9.0pt on input line 162.

(/usr/share/texlive/texmf-dist/tex/latex/microtype/mt-msa.cfg
File: mt-msa.cfg 2006/02/04 v1.1 microtype config. file: AMS symbols (a) (RS)
)
(/usr/share/texlive/texmf-dist/tex/latex/microtype/mt-msb.cfg
File: mt-msb.cfg 2005/06/01 v1.0 microtype config. file: AMS symbols (b) (RS)
)
LaTeX Font Info:    Font shape `OT1/LinuxLibertineT-TLF/m/it' will be
(Font)              scaled to size 9.0pt on input line 162.
LaTeX Font Info:    Font shape `OT1/LinuxLibertineT-TLF/m/n' will be
(Font)              scaled to size 8.0pt on input line 162.
LaTeX Font Info:    Font shape `OT1/LinuxLibertineT-TLF/b/n' will be
(Font)              scaled to size 8.0pt on input line 162.
LaTeX Font Info:    Font shape `OT1/LinuxLibertineT-TLF/m/it' will be
(Font)              scaled to size 8.0pt on input line 162.
LaTeX Font Info:    Font shape `OT1/LinuxLibertineT-TLF/m/n' will be
(Font)              scaled to size 6.2pt on input line 162.


Package hyperref Warning: Token not allowed in a PDF string (PDFDocEncoding):
(hyperref)                removing `math shift' on input line 162.


Package hyperref Warning: Token not allowed in a PDF string (PDFDocEncoding):
(hyperref)                removing `\to' on input line 162.


Package hyperref Warning: Token not allowed in a PDF string (PDFDocEncoding):
(hyperref)                removing `math shift' on input line 162.


Package hyperref Warning: Token not allowed in a PDF string (PDFDocEncoding):
(hyperref)                removing `math shift' on input line 162.


Package hyperref Warning: Token not allowed in a PDF string (PDFDocEncoding):
(hyperref)                removing `\to' on input line 162.


Package hyperref Warning: Token not allowed in a PDF string (PDFDocEncoding):
(hyperref)                removing `math shift' on input line 162.

(./samplebody-conf.tex
<images/motorControl.png, id=45, 383.4325pt x 362.35374pt>
File: images/motorControl.png Graphic file (type png)

<use images/motorControl.png>
Package pdftex.def Info: images/motorControl.png used on input line 7.
(pdftex.def)             Requested size: 230.06126pt x 217.41393pt.
 [1.1{/var/lib/texmf/fonts/map/pdftex/updmap/pdftex.map}

 <./images/motorControl.png>]
<images/contourDE.png, id=62, 863.225pt x 567.11874pt>
File: images/contourDE.png Graphic file (type png)

<use images/contourDE.png>
Package pdftex.def Info: images/contourDE.png used on input line 56.
(pdftex.def)             Requested size: 258.9695pt x 170.13693pt.

Overfull \hbox (17.822pt too wide) in paragraph at lines 56--58
 [][] 
 []


LaTeX Warning: `!h' float specifier changed to `!ht'.

<images/contourDL.png, id=63, 963.6pt x 722.7pt>
File: images/contourDL.png Graphic file (type png)
 <use images/contourDL.png>
Package pdftex.def Info: images/contourDL.png used on input line 63.
(pdftex.def)             Requested size: 240.89941pt x 180.67455pt.


LaTeX Warning: `!h' float specifier changed to `!ht'.


Underfull \vbox (badness 7558) has occurred while \output is active []

LaTeX Font Info:    Font shape `OT1/LinuxBiolinumT-TLF/m/n' will be
(Font)              scaled to size 9.0pt on input line 74.
 [2.2 <./images/contourDE.png> <./images/contourDL.png>]
Package hyperref Info: bookmark level for unknown algorithm defaults to 0 on in
put line 76.
LaTeX Font Info:    Font shape `OT1/LinuxLibertineT-TLF/m/sc' will be
(Font)              scaled to size 9.0pt on input line 79.
Package microtype Info: Character `013' is missing
(microtype)             in font `OT1/LinuxLibertineT-TLF/m/sc/9'.
(microtype)             Ignoring protrusion settings for this character.


LaTeX Warning: Command \textless invalid in math mode on input line 90.

LaTeX Font Info:    Try loading font information for OML+LinuxLibertineT-TLF on
 input line 90.
LaTeX Font Info:    No file OMLLinuxLibertineT-TLF.fd. on input line 90.

LaTeX Font Warning: Font shape `OML/LinuxLibertineT-TLF/m/n' undefined
(Font)              using `OML/nxlmi/m/it' instead
(Font)              for symbol `textless' on input line 90.


LaTeX Warning: Command \textless invalid in math mode on input line 90.


LaTeX Warning: Command \textless invalid in math mode on input line 98.


LaTeX Warning: Command \textless invalid in math mode on input line 98.


LaTeX Warning: Command \textless invalid in math mode on input line 104.


LaTeX Warning: Command \textless invalid in math mode on input line 104.


LaTeX Warning: Command \textless invalid in math mode on input line 131.


LaTeX Warning: Command \textless invalid in math mode on input line 131.

(./functable.tex
Missing character: There is no â in font LinLibertineT-tlf-ot1!
Missing character: There is no ™ in font LinLibertineT-tlf-ot1!
Missing character: There is no â in font LinLibertineT-tlf-ot1!
Missing character: There is no ™ in font LinLibertineT-tlf-ot1!
Missing character: There is no â in font LinLibertineT-tlf-ot1!
Missing character: There is no ™ in font LinLibertineT-tlf-ot1!
Missing character: There is no â in font LinLibertineT-tlf-ot1!
Missing character: There is no ™ in font LinLibertineT-tlf-ot1!
Missing character: There is no â in font LinLibertineT-tlf-ot1!
Missing character: There is no ™ in font LinLibertineT-tlf-ot1!
) [3.3] (./table1.tex
Overfull \hbox (2.69734pt too wide) in paragraph at lines 30--30
[]\OT1/LinuxLibertineT-TLF/b/n/9 1694.437597| 
 []


Overfull \hbox (2.93134pt too wide) in paragraph at lines 30--32
[]\OT1/LinuxLibertineT-TLF/b/n/9 2049.074266| 
 []


Overfull \hbox (2.69734pt too wide) in paragraph at lines 32--32
[]\OT1/LinuxLibertineT-TLF/b/n/9 1101.769749| 
 []


Overfull \hbox (2.69734pt too wide) in paragraph at lines 32--34
[]\OT1/LinuxLibertineT-TLF/b/n/9 1108.863598| 
 []


Overfull \hbox (1.32315pt too wide) in paragraph at lines 34--34
[]\OT1/LinuxLibertineT-TLF/m/n/9 (-20) 10810.387667| 
 []


Overfull \hbox (2.69734pt too wide) in paragraph at lines 34--34
[]\OT1/LinuxLibertineT-TLF/b/n/9 1308.438341| 
 []


Overfull \hbox (2.69734pt too wide) in paragraph at lines 34--36
[]\OT1/LinuxLibertineT-TLF/b/n/9 1327.405881| 
 []


Overfull \hbox (2.69734pt too wide) in paragraph at lines 36--36
[]\OT1/LinuxLibertineT-TLF/b/n/9 1304.681558| 
 []


Overfull \hbox (2.69734pt too wide) in paragraph at lines 36--36
[]\OT1/LinuxLibertineT-TLF/b/n/9 1328.755262| 
 []


Overfull \hbox (2.69734pt too wide) in paragraph at lines 38--38
[]\OT1/LinuxLibertineT-TLF/b/n/9 1404.928993| 
 []


Overfull \hbox (2.69734pt too wide) in paragraph at lines 38--40
[]\OT1/LinuxLibertineT-TLF/b/n/9 1410.000769| 
 []


Overfull \hbox (2.69734pt too wide) in paragraph at lines 40--42
[]\OT1/LinuxLibertineT-TLF/b/n/9 1503.169264| 
 []


Overfull \hbox (2.69734pt too wide) in paragraph at lines 42--42
[]\OT1/LinuxLibertineT-TLF/b/n/9 1958.411527| 
 []


Overfull \hbox (2.93134pt too wide) in paragraph at lines 42--42
[]\OT1/LinuxLibertineT-TLF/b/n/9 2048.156879| 
 []


Overfull \hbox (2.69734pt too wide) in paragraph at lines 44--44
[]\OT1/LinuxLibertineT-TLF/b/n/9 1743.155244| 
 []


Overfull \hbox (2.69734pt too wide) in paragraph at lines 44--44
[]\OT1/LinuxLibertineT-TLF/b/n/9 1723.853972| 
 []


Overfull \hbox (2.69734pt too wide) in paragraph at lines 46--46
[]\OT1/LinuxLibertineT-TLF/b/n/9 1800.235516| 
 []


Overfull \hbox (2.69734pt too wide) in paragraph at lines 46--48
[]\OT1/LinuxLibertineT-TLF/b/n/9 1804.014301| 
 []


Overfull \hbox (2.69734pt too wide) in paragraph at lines 48--48
[]\OT1/LinuxLibertineT-TLF/b/n/9 1900.005632| 
 []


Overfull \hbox (2.69734pt too wide) in paragraph at lines 48--50
[]\OT1/LinuxLibertineT-TLF/b/n/9 1901.014116| 
 []


Overfull \hbox (2.93134pt too wide) in paragraph at lines 50--50
[]\OT1/LinuxLibertineT-TLF/b/n/9 2139.915527| 
 []


Overfull \hbox (2.93134pt too wide) in paragraph at lines 50--52
[]\OT1/LinuxLibertineT-TLF/b/n/9 2172.816519| 
 []


Overfull \hbox (2.93134pt too wide) in paragraph at lines 52--52
[]\OT1/LinuxLibertineT-TLF/b/n/9 2314.421135| 
 []


Overfull \hbox (2.93134pt too wide) in paragraph at lines 52--52
[]\OT1/LinuxLibertineT-TLF/b/n/9 2338.688719| 
 []


Overfull \hbox (2.93134pt too wide) in paragraph at lines 54--54
[]\OT1/LinuxLibertineT-TLF/b/n/9 2300.093485| 
 []


Overfull \hbox (2.93134pt too wide) in paragraph at lines 56--56
[]\OT1/LinuxLibertineT-TLF/b/n/9 2773.372859| 
 []


Overfull \hbox (2.93134pt too wide) in paragraph at lines 56--58
[]\OT1/LinuxLibertineT-TLF/b/n/9 3047.982305| 
 []


Overfull \hbox (2.93134pt too wide) in paragraph at lines 60--60
[]\OT1/LinuxLibertineT-TLF/b/n/9 2897.742869| 
 []


Overfull \hbox (2.93134pt too wide) in paragraph at lines 62--62
[]\OT1/LinuxLibertineT-TLF/b/n/9 2956.064173| 
 []


Overfull \hbox (2.93134pt too wide) in paragraph at lines 64--64
[]\OT1/LinuxLibertineT-TLF/b/n/9 3071.203569| 
 []


Overfull \hbox (2.93134pt too wide) in paragraph at lines 64--66
[]\OT1/LinuxLibertineT-TLF/b/n/9 3107.268539| 
 []


Overfull \hbox (2.93134pt too wide) in paragraph at lines 66--66
[]\OT1/LinuxLibertineT-TLF/b/n/9 3195.113042| 
 []


Overfull \hbox (2.93134pt too wide) in paragraph at lines 68--68
[]\OT1/LinuxLibertineT-TLF/b/n/9 3148.587115| 
 []


Overfull \hbox (2.93134pt too wide) in paragraph at lines 68--68
[]\OT1/LinuxLibertineT-TLF/b/n/9 3233.707677| 
 []


Overfull \hbox (1.32315pt too wide) in paragraph at lines 70--70
[]\OT1/LinuxLibertineT-TLF/m/n/9 (-20) 11927.404685| 
 []


Overfull \hbox (1.32315pt too wide) in paragraph at lines 70--70
[]\OT1/LinuxLibertineT-TLF/m/n/9 (-20) 16415.162901| 
 []


Overfull \hbox (2.93134pt too wide) in paragraph at lines 70--70
[]\OT1/LinuxLibertineT-TLF/b/n/9 3205.740954| 
 []


Overfull \hbox (2.93134pt too wide) in paragraph at lines 70--71
[]\OT1/LinuxLibertineT-TLF/b/n/9 3249.710975| 
 []


Overfull \hbox (2.12108pt too wide) in paragraph at lines 89--89
[]\OT1/LinuxLibertineT-TLF/m/n/9 (-20) 5.129601e+19| 
 []


Overfull \hbox (1.32315pt too wide) in paragraph at lines 89--89
[]\OT1/LinuxLibertineT-TLF/m/n/9 (-20) 1535352368.6| 
 []


Overfull \hbox (2.12108pt too wide) in paragraph at lines 89--89
[]\OT1/LinuxLibertineT-TLF/m/n/9 (-20) 9.590679e+11| 
 []


Overfull \hbox (1.32315pt too wide) in paragraph at lines 91--91
[]\OT1/LinuxLibertineT-TLF/m/n/9 (-20) 17926.872873| 
 []


Overfull \hbox (1.53015pt too wide) in paragraph at lines 91--91
[]\OT1/LinuxLibertineT-TLF/m/n/9 (-20) 22131.542719| 
 []


Overfull \hbox (1.53015pt too wide) in paragraph at lines 91--91
[]\OT1/LinuxLibertineT-TLF/m/n/9 (-20) 69304.926091| 
 []


Overfull \hbox (1.32315pt too wide) in paragraph at lines 91--91
[]\OT1/LinuxLibertineT-TLF/m/n/9 (-20) 74080.700372| 
 []


Overfull \hbox (1.32315pt too wide) in paragraph at lines 91--91
[]\OT1/LinuxLibertineT-TLF/m/n/9 (-20) 15792.547575| 
 []


Overfull \hbox (1.53015pt too wide) in paragraph at lines 91--91
[]\OT1/LinuxLibertineT-TLF/m/n/9 (-20) 21683.209092| 
 []


Overfull \hbox (2.93134pt too wide) in paragraph at lines 91--91
[]\OT1/LinuxLibertineT-TLF/b/n/9 3679.811599| 
 []


Overfull \hbox (2.93134pt too wide) in paragraph at lines 91--93
[]\OT1/LinuxLibertineT-TLF/b/n/9 8999.947269| 
 []


Overfull \hbox (2.69734pt too wide) in paragraph at lines 103--103
[]\OT1/LinuxLibertineT-TLF/b/n/9 4003.118072| 
 []


Overfull \hbox (2.69734pt too wide) in paragraph at lines 103--105
[]\OT1/LinuxLibertineT-TLF/b/n/9 4734.984364| 
 []


Overfull \hbox (2.69734pt too wide) in paragraph at lines 107--107
[]\OT1/LinuxLibertineT-TLF/b/n/9 1149.748499| 
 []


Overfull \hbox (2.69734pt too wide) in paragraph at lines 107--109
[]\OT1/LinuxLibertineT-TLF/b/n/9 1171.130409| 
 []


Overfull \hbox (1.53015pt too wide) in paragraph at lines 109--109
[]\OT1/LinuxLibertineT-TLF/m/n/9 (-20) 56679.435092| 
 []


Overfull \hbox (1.53015pt too wide) in paragraph at lines 109--109
[]\OT1/LinuxLibertineT-TLF/m/n/9 (-20) 317650.61349| 
 []


Overfull \hbox (1.53015pt too wide) in paragraph at lines 109--109
[]\OT1/LinuxLibertineT-TLF/m/n/9 (-20) 24821.171765| 
 []


Overfull \hbox (1.53015pt too wide) in paragraph at lines 109--109
[]\OT1/LinuxLibertineT-TLF/m/n/9 (-20) 58930.090242| 
 []


Overfull \hbox (1.32315pt too wide) in paragraph at lines 109--109
[]\OT1/LinuxLibertineT-TLF/m/n/9 (-20) 10221.077465| 
 []


Overfull \hbox (1.32315pt too wide) in paragraph at lines 109--109
[]\OT1/LinuxLibertineT-TLF/m/n/9 (-20) 161046.05540| 
 []


Overfull \hbox (2.93134pt too wide) in paragraph at lines 109--109
[]\OT1/LinuxLibertineT-TLF/b/n/9 9208.289246| 
 []


Overfull \hbox (2.69734pt too wide) in paragraph at lines 109--111
[]\OT1/LinuxLibertineT-TLF/b/n/9 41947.22269| 
 []


Overfull \hbox (1.32315pt too wide) in paragraph at lines 111--111
[]\OT1/LinuxLibertineT-TLF/m/n/9 (-20) 18794.835991| 
 []


Overfull \hbox (1.32315pt too wide) in paragraph at lines 111--111
[]\OT1/LinuxLibertineT-TLF/m/n/9 (-20) 13775.816239| 
 []


Overfull \hbox (2.93134pt too wide) in paragraph at lines 111--113
[]\OT1/LinuxLibertineT-TLF/b/n/9 2453.606969| 
 []


Overfull \hbox (2.69734pt too wide) in paragraph at lines 113--113
[]\OT1/LinuxLibertineT-TLF/b/n/9 1462.926848| 
 []


Overfull \hbox (2.69734pt too wide) in paragraph at lines 113--115
[]\OT1/LinuxLibertineT-TLF/b/n/9 1504.191515| 
 []


Overfull \hbox (2.69734pt too wide) in paragraph at lines 115--115
[]\OT1/LinuxLibertineT-TLF/b/n/9 1611.074402| 
 []


Overfull \hbox (2.93134pt too wide) in paragraph at lines 117--117
[]\OT1/LinuxLibertineT-TLF/b/n/9 2239.242719| 
 []


Overfull \hbox (2.93134pt too wide) in paragraph at lines 117--117
[]\OT1/LinuxLibertineT-TLF/b/n/9 2664.114667| 
 []


Overfull \hbox (2.69734pt too wide) in paragraph at lines 119--119
[]\OT1/LinuxLibertineT-TLF/b/n/9 1820.806639| 
 []


Overfull \hbox (2.93134pt too wide) in paragraph at lines 119--121
[]\OT1/LinuxLibertineT-TLF/b/n/9 2418.723829| 
 []


Overfull \hbox (1.53015pt too wide) in paragraph at lines 121--121
[]\OT1/LinuxLibertineT-TLF/m/n/9 (-20) 38987.282456| 
 []


Overfull \hbox (1.53015pt too wide) in paragraph at lines 121--121
[]\OT1/LinuxLibertineT-TLF/m/n/9 (-20) 94156.328505| 
 []


Overfull \hbox (2.69734pt too wide) in paragraph at lines 121--121
[]\OT1/LinuxLibertineT-TLF/b/n/9 11841.60813| 
 []


Overfull \hbox (5.42445pt too wide) in paragraph at lines 121--121
[]\OT1/LinuxLibertineT-TLF/m/n/9 (-20) 184888.162181| 
 []


Overfull \hbox (1.53015pt too wide) in paragraph at lines 121--121
[]\OT1/LinuxLibertineT-TLF/m/n/9 (-20) 62294.853257| 
 []


Overfull \hbox (1.32315pt too wide) in paragraph at lines 121--121
[]\OT1/LinuxLibertineT-TLF/m/n/9 (-20) 118430.28912| 
 []


Overfull \hbox (1.32315pt too wide) in paragraph at lines 121--121
[]\OT1/LinuxLibertineT-TLF/m/n/9 (-20) 12578.003784| 
 []


Overfull \hbox (2.93134pt too wide) in paragraph at lines 121--123
[]\OT1/LinuxLibertineT-TLF/b/n/9 23024.11193| 
 []


Overfull \hbox (2.69734pt too wide) in paragraph at lines 123--123
[]\OT1/LinuxLibertineT-TLF/b/n/9 1949.271714| 
 []


Overfull \hbox (2.69734pt too wide) in paragraph at lines 123--125
[]\OT1/LinuxLibertineT-TLF/b/n/9 1987.866761| 
 []


Overfull \hbox (2.93134pt too wide) in paragraph at lines 125--125
[]\OT1/LinuxLibertineT-TLF/b/n/9 2706.314441| 
 []


Overfull \hbox (2.93134pt too wide) in paragraph at lines 125--125
[]\OT1/LinuxLibertineT-TLF/b/n/9 2805.600064| 
 []


Overfull \hbox (2.93134pt too wide) in paragraph at lines 127--129
[]\OT1/LinuxLibertineT-TLF/b/n/9 2442.734316| 
 []


Overfull \hbox (2.69734pt too wide) in paragraph at lines 129--129
[]\OT1/LinuxLibertineT-TLF/b/n/9 4157.698784| 
 []


Overfull \hbox (2.93134pt too wide) in paragraph at lines 131--131
[]\OT1/LinuxLibertineT-TLF/b/n/9 2772.002023| 
 []


Overfull \hbox (2.93134pt too wide) in paragraph at lines 131--131
[]\OT1/LinuxLibertineT-TLF/b/n/9 2946.749322| 
 []


Overfull \hbox (2.93134pt too wide) in paragraph at lines 135--135
[]\OT1/LinuxLibertineT-TLF/b/n/9 2874.171109| 
 []


Overfull \hbox (2.93134pt too wide) in paragraph at lines 135--137
[]\OT1/LinuxLibertineT-TLF/b/n/9 2877.484904| 
 []


Overfull \hbox (2.93134pt too wide) in paragraph at lines 137--137
[]\OT1/LinuxLibertineT-TLF/b/n/9 3266.510982| 
 []


Overfull \hbox (2.93134pt too wide) in paragraph at lines 137--137
[]\OT1/LinuxLibertineT-TLF/b/n/9 2800.007809| 
 []


Overfull \hbox (2.93134pt too wide) in paragraph at lines 139--139
[]\OT1/LinuxLibertineT-TLF/b/n/9 3132.816283| 
 []


Overfull \hbox (2.93134pt too wide) in paragraph at lines 141--143
[]\OT1/LinuxLibertineT-TLF/b/n/9 3115.505829| 
 []


Overfull \hbox (2.93134pt too wide) in paragraph at lines 143--143
[]\OT1/LinuxLibertineT-TLF/b/n/9 3305.310139| 
 []


Overfull \hbox (2.93134pt too wide) in paragraph at lines 143--143
[]\OT1/LinuxLibertineT-TLF/b/n/9 3626.887552| 
 []

) (./table3.tex
Overfull \hbox (5.63145pt too wide) in paragraph at lines 12--12
[]\OT1/LinuxLibertineT-TLF/m/n/9 (-20) 5884574.87314| 
 []


Overfull \hbox (5.63145pt too wide) in paragraph at lines 12--12
[]\OT1/LinuxLibertineT-TLF/m/n/9 (-20) 367294248.521| 
 []


Overfull \hbox (5.42445pt too wide) in paragraph at lines 12--12
[]\OT1/LinuxLibertineT-TLF/m/n/9 (-20) 154233.646744| 
 []


Overfull \hbox (2.93134pt too wide) in paragraph at lines 12--14
[]\OT1/LinuxLibertineT-TLF/b/n/9 3665.419272| 
 []


Overfull \hbox (1.91408pt too wide) in paragraph at lines 14--14
[]\OT1/LinuxLibertineT-TLF/m/n/9 (-20) 4.718137e+24| 
 []


Overfull \hbox (2.12108pt too wide) in paragraph at lines 14--14
[]\OT1/LinuxLibertineT-TLF/m/n/9 (-20) 3.364977e+44| 
 []


Overfull \hbox (2.91335pt too wide) in paragraph at lines 14--14
[]\OT1/LinuxLibertineT-TLF/b/n/9 5.02374e+26| 
 []


Overfull \hbox (2.12108pt too wide) in paragraph at lines 14--14
[]\OT1/LinuxLibertineT-TLF/m/n/9 (-20) 2.212101e+19| 
 []


Overfull \hbox (2.12108pt too wide) in paragraph at lines 14--14
[]\OT1/LinuxLibertineT-TLF/m/n/9 (-20) 2.544543e+23| 
 []


Overfull \hbox (2.12108pt too wide) in paragraph at lines 14--14
[]\OT1/LinuxLibertineT-TLF/m/n/9 (-20) 2.279950e+17| 
 []


Overfull \hbox (1.32315pt too wide) in paragraph at lines 16--16
[]\OT1/LinuxLibertineT-TLF/m/n/9 (-20) 45520.966376| 
 []


Overfull \hbox (1.53015pt too wide) in paragraph at lines 16--16
[]\OT1/LinuxLibertineT-TLF/m/n/9 (-20) 62237.296819| 
 []


Overfull \hbox (5.42445pt too wide) in paragraph at lines 16--16
[]\OT1/LinuxLibertineT-TLF/m/n/9 (-20) 143481.793147| 
 []


Overfull \hbox (5.42445pt too wide) in paragraph at lines 16--16
[]\OT1/LinuxLibertineT-TLF/m/n/9 (-20) 156166.762356| 
 []


Overfull \hbox (2.69734pt too wide) in paragraph at lines 16--16
[]\OT1/LinuxLibertineT-TLF/b/n/9 44613.29993| 
 []


Overfull \hbox (2.93134pt too wide) in paragraph at lines 16--18
[]\OT1/LinuxLibertineT-TLF/b/n/9 58182.83733| 
 []


Overfull \hbox (2.69734pt too wide) in paragraph at lines 26--26
[]\OT1/LinuxLibertineT-TLF/b/n/9 1159.032351| 
 []


Overfull \hbox (1.53015pt too wide) in paragraph at lines 28--28
[]\OT1/LinuxLibertineT-TLF/m/n/9 (-20) 22196.387817| 
 []


Overfull \hbox (1.53015pt too wide) in paragraph at lines 28--28
[]\OT1/LinuxLibertineT-TLF/m/n/9 (-20) 29218.775982| 
 []


Overfull \hbox (1.32315pt too wide) in paragraph at lines 28--28
[]\OT1/LinuxLibertineT-TLF/m/n/9 (-20) 11958.280061| 
 []


Overfull \hbox (2.69734pt too wide) in paragraph at lines 28--28
[]\OT1/LinuxLibertineT-TLF/b/n/9 13174.66236| 
 []


Overfull \hbox (1.53015pt too wide) in paragraph at lines 28--28
[]\OT1/LinuxLibertineT-TLF/m/n/9 (-20) 24753.040541| 
 []


Overfull \hbox (2.17265pt too wide) in paragraph at lines 28--28
[]\OT1/LinuxLibertineT-TLF/b/n/9 10251.4763\OT1/LinuxLibertineT-TLF/m/n/9 (-20)
 1| 
 []


Overfull \hbox (2.93134pt too wide) in paragraph at lines 30--30
[]\OT1/LinuxLibertineT-TLF/b/n/9 6050.434374| 
 []


Overfull \hbox (2.93134pt too wide) in paragraph at lines 30--32
[]\OT1/LinuxLibertineT-TLF/b/n/9 6609.804567| 
 []


Overfull \hbox (2.69734pt too wide) in paragraph at lines 32--32
[]\OT1/LinuxLibertineT-TLF/b/n/9 1156.439606| 
 []


Overfull \hbox (2.69734pt too wide) in paragraph at lines 32--34
[]\OT1/LinuxLibertineT-TLF/b/n/9 1205.254497| 
 []


Overfull \hbox (1.32315pt too wide) in paragraph at lines 34--34
[]\OT1/LinuxLibertineT-TLF/m/n/9 (-20) 16987989.981| 
 []


Overfull \hbox (1.53015pt too wide) in paragraph at lines 34--34
[]\OT1/LinuxLibertineT-TLF/m/n/9 (-20) 3448448.7906| 
 []


Overfull \hbox (2.69734pt too wide) in paragraph at lines 34--36
[]\OT1/LinuxLibertineT-TLF/b/n/9 494471.0756| 
 []


Overfull \hbox (1.32315pt too wide) in paragraph at lines 36--36
[]\OT1/LinuxLibertineT-TLF/m/n/9 (-20) 16893.949921| 
 []


Overfull \hbox (2.69734pt too wide) in paragraph at lines 36--36
[]\OT1/LinuxLibertineT-TLF/b/n/9 4301.829606| 
 []


Overfull \hbox (2.69734pt too wide) in paragraph at lines 36--36
[]\OT1/LinuxLibertineT-TLF/b/n/9 1484.761799| 
 []


Overfull \hbox (1.53015pt too wide) in paragraph at lines 38--38
[]\OT1/LinuxLibertineT-TLF/m/n/9 (-20) 38490.532315| 
 []


Overfull \hbox (1.32315pt too wide) in paragraph at lines 38--38
[]\OT1/LinuxLibertineT-TLF/m/n/9 (-20) 174367.45065| 
 []


Overfull \hbox (2.93134pt too wide) in paragraph at lines 38--38
[]\OT1/LinuxLibertineT-TLF/b/n/9 2466.047056| 
 []


Overfull \hbox (5.63145pt too wide) in paragraph at lines 38--38
[]\OT1/LinuxLibertineT-TLF/m/n/9 (-20) 238838.470051| 
 []


Overfull \hbox (1.53015pt too wide) in paragraph at lines 38--38
[]\OT1/LinuxLibertineT-TLF/m/n/9 (-20) 67939.000264| 
 []


Overfull \hbox (2.93134pt too wide) in paragraph at lines 38--40
[]\OT1/LinuxLibertineT-TLF/b/n/9 26290.31618| 
 []


Overfull \hbox (1.53015pt too wide) in paragraph at lines 40--40
[]\OT1/LinuxLibertineT-TLF/m/n/9 (-20) 26989.255509| 
 []


Overfull \hbox (1.32315pt too wide) in paragraph at lines 40--40
[]\OT1/LinuxLibertineT-TLF/m/n/9 (-20) 13553.041864| 
 []


Overfull \hbox (1.53015pt too wide) in paragraph at lines 40--40
[]\OT1/LinuxLibertineT-TLF/m/n/9 (-20) 25636.769611| 
 []


Overfull \hbox (2.93134pt too wide) in paragraph at lines 40--40
[]\OT1/LinuxLibertineT-TLF/b/n/9 9167.267098| 
 []


Overfull \hbox (2.69734pt too wide) in paragraph at lines 40--40
[]\OT1/LinuxLibertineT-TLF/b/n/9 1938.200405| 
 []


Overfull \hbox (2.93134pt too wide) in paragraph at lines 42--42
[]\OT1/LinuxLibertineT-TLF/b/n/9 2345.400708| 
 []


Overfull \hbox (2.93134pt too wide) in paragraph at lines 42--42
[]\OT1/LinuxLibertineT-TLF/b/n/9 2916.561016| 
 []


Overfull \hbox (2.93134pt too wide) in paragraph at lines 44--44
[]\OT1/LinuxLibertineT-TLF/b/n/9 2561.370306| 
 []


Overfull \hbox (2.93134pt too wide) in paragraph at lines 44--46
[]\OT1/LinuxLibertineT-TLF/b/n/9 2874.965038| 
 []


Overfull \hbox (1.53015pt too wide) in paragraph at lines 46--46
[]\OT1/LinuxLibertineT-TLF/m/n/9 (-20) 264037.12570| 
 []


Overfull \hbox (1.53015pt too wide) in paragraph at lines 46--46
[]\OT1/LinuxLibertineT-TLF/m/n/9 (-20) 872072.47739| 
 []


Overfull \hbox (2.69734pt too wide) in paragraph at lines 46--46
[]\OT1/LinuxLibertineT-TLF/b/n/9 113941.3176| 
 []


Overfull \hbox (2.93134pt too wide) in paragraph at lines 46--46
[]\OT1/LinuxLibertineT-TLF/b/n/9 26965.28512| 
 []


Overfull \hbox (5.42445pt too wide) in paragraph at lines 46--46
[]\OT1/LinuxLibertineT-TLF/m/n/9 (-20) 114846.121366| 
 []


Overfull \hbox (5.63145pt too wide) in paragraph at lines 46--46
[]\OT1/LinuxLibertineT-TLF/m/n/9 (-20) 260540.781819| 
 []


Overfull \hbox (5.63145pt too wide) in paragraph at lines 46--48
[]\OT1/LinuxLibertineT-TLF/m/n/9 (-20) 536454.326476| 
 []


Overfull \hbox (1.32315pt too wide) in paragraph at lines 48--48
[]\OT1/LinuxLibertineT-TLF/m/n/9 (-20) 10051.912407| 
 []


Overfull \hbox (1.32315pt too wide) in paragraph at lines 48--48
[]\OT1/LinuxLibertineT-TLF/m/n/9 (-20) 16555.756926| 
 []


Overfull \hbox (2.93134pt too wide) in paragraph at lines 48--48
[]\OT1/LinuxLibertineT-TLF/b/n/9 2013.126904| 
 []


Overfull \hbox (2.93134pt too wide) in paragraph at lines 48--50
[]\OT1/LinuxLibertineT-TLF/b/n/9 3609.258962| 
 []


Overfull \hbox (2.93134pt too wide) in paragraph at lines 50--50
[]\OT1/LinuxLibertineT-TLF/b/n/9 2495.031774| 
 []


Overfull \hbox (2.93134pt too wide) in paragraph at lines 50--52
[]\OT1/LinuxLibertineT-TLF/b/n/9 3080.137478| 
 []


Overfull \hbox (2.93134pt too wide) in paragraph at lines 52--52
[]\OT1/LinuxLibertineT-TLF/b/n/9 2447.758274| 
 []


Overfull \hbox (2.93134pt too wide) in paragraph at lines 52--54
[]\OT1/LinuxLibertineT-TLF/b/n/9 2570.911014| 
 []


Overfull \hbox (1.32315pt too wide) in paragraph at lines 54--54
[]\OT1/LinuxLibertineT-TLF/m/n/9 (-20) 10803.653732| 
 []


Overfull \hbox (1.32315pt too wide) in paragraph at lines 54--54
[]\OT1/LinuxLibertineT-TLF/m/n/9 (-20) 11032.880953| 
 []


Overfull \hbox (1.32315pt too wide) in paragraph at lines 54--54
[]\OT1/LinuxLibertineT-TLF/m/n/9 (-20) 10465.022457| 
 []


Overfull \hbox (2.93134pt too wide) in paragraph at lines 54--54
[]\OT1/LinuxLibertineT-TLF/b/n/9 8181.446081| 
 []


Overfull \hbox (2.93134pt too wide) in paragraph at lines 54--56
[]\OT1/LinuxLibertineT-TLF/b/n/9 9755.070369| 
 []


Overfull \hbox (2.93134pt too wide) in paragraph at lines 56--56
[]\OT1/LinuxLibertineT-TLF/b/n/9 2851.650254| 
 []


Overfull \hbox (2.93134pt too wide) in paragraph at lines 56--58
[]\OT1/LinuxLibertineT-TLF/b/n/9 3162.313622| 
 []


Overfull \hbox (2.93134pt too wide) in paragraph at lines 58--58
[]\OT1/LinuxLibertineT-TLF/b/n/9 3036.799607| 
 []


Overfull \hbox (2.93134pt too wide) in paragraph at lines 58--58
[]\OT1/LinuxLibertineT-TLF/b/n/9 3158.330504| 
 []


Overfull \hbox (2.93134pt too wide) in paragraph at lines 60--60
[]\OT1/LinuxLibertineT-TLF/b/n/9 2931.142314| 
 []


Overfull \hbox (2.93134pt too wide) in paragraph at lines 60--62
[]\OT1/LinuxLibertineT-TLF/b/n/9 2954.767839| 
 []


Overfull \hbox (2.93134pt too wide) in paragraph at lines 62--64
[]\OT1/LinuxLibertineT-TLF/b/n/9 3262.668498| 
 []


Overfull \hbox (2.93134pt too wide) in paragraph at lines 64--64
[]\OT1/LinuxLibertineT-TLF/b/n/9 3141.010872| 
 []


Overfull \hbox (2.93134pt too wide) in paragraph at lines 64--66
[]\OT1/LinuxLibertineT-TLF/b/n/9 3176.011524| 
 []


Overfull \hbox (2.93134pt too wide) in paragraph at lines 66--66
[]\OT1/LinuxLibertineT-TLF/b/n/9 3240.725865| 
 []


Overfull \hbox (2.93134pt too wide) in paragraph at lines 66--66
[]\OT1/LinuxLibertineT-TLF/b/n/9 3288.253039| 
 []


Overfull \hbox (2.93134pt too wide) in paragraph at lines 68--68
[]\OT1/LinuxLibertineT-TLF/b/n/9 3533.945743| 
 []


Overfull \hbox (2.93134pt too wide) in paragraph at lines 68--68
[]\OT1/LinuxLibertineT-TLF/b/n/9 3956.835243| 
 []


Overfull \hbox (2.93134pt too wide) in paragraph at lines 70--70
[]\OT1/LinuxLibertineT-TLF/b/n/9 3346.483679| 
 []


Overfull \hbox (5.63145pt too wide) in paragraph at lines 87--87
[]\OT1/LinuxLibertineT-TLF/m/n/9 (-20) 3427212811.79| 
 []


Overfull \hbox (5.42445pt too wide) in paragraph at lines 87--87
[]\OT1/LinuxLibertineT-TLF/m/n/9 (-20) 13807281895.7| 
 []


Overfull \hbox (1.32315pt too wide) in paragraph at lines 87--87
[]\OT1/LinuxLibertineT-TLF/m/n/9 (-20) 13516.698933| 
 []


Overfull \hbox (5.63145pt too wide) in paragraph at lines 87--87
[]\OT1/LinuxLibertineT-TLF/m/n/9 (-20) 6067123.52108| 
 []


Overfull \hbox (5.63145pt too wide) in paragraph at lines 87--87
[]\OT1/LinuxLibertineT-TLF/m/n/9 (-20) 29751976.5091| 
 []


Overfull \hbox (2.69734pt too wide) in paragraph at lines 87--89
[]\OT1/LinuxLibertineT-TLF/b/n/9 11708.82360| 
 []


Overfull \hbox (1.91408pt too wide) in paragraph at lines 89--89
[]\OT1/LinuxLibertineT-TLF/m/n/9 (-20) 1.54741e+112| 
 []


Overfull \hbox (5.63145pt too wide) in paragraph at lines 91--91
[]\OT1/LinuxLibertineT-TLF/m/n/9 (-20) 208808.969094| 
 []


Overfull \hbox (5.63145pt too wide) in paragraph at lines 91--91
[]\OT1/LinuxLibertineT-TLF/m/n/9 (-20) 242699.687639| 
 []


Overfull \hbox (5.63145pt too wide) in paragraph at lines 91--91
[]\OT1/LinuxLibertineT-TLF/m/n/9 (-20) 312244.360944| 
 []


Overfull \hbox (5.63145pt too wide) in paragraph at lines 91--91
[]\OT1/LinuxLibertineT-TLF/m/n/9 (-20) 332179.290693| 
 []


Overfull \hbox (5.63145pt too wide) in paragraph at lines 91--91
[]\OT1/LinuxLibertineT-TLF/m/n/9 (-20) 241427.723667| 
 []


Overfull \hbox (5.63145pt too wide) in paragraph at lines 91--91
[]\OT1/LinuxLibertineT-TLF/m/n/9 (-20) 257462.977885| 
 []


Overfull \hbox (2.93134pt too wide) in paragraph at lines 91--91
[]\OT1/LinuxLibertineT-TLF/b/n/9 220765.0838| 
 []


Overfull \hbox (2.93134pt too wide) in paragraph at lines 91--93
[]\OT1/LinuxLibertineT-TLF/b/n/9 251901.1093| 
 []


Overfull \hbox (2.69734pt too wide) in paragraph at lines 99--99
[]\OT1/LinuxLibertineT-TLF/b/n/9 1311.849757| 
 []


Overfull \hbox (2.69734pt too wide) in paragraph at lines 99--99
[]\OT1/LinuxLibertineT-TLF/b/n/9 1534.207764| 
 []


Overfull \hbox (2.69734pt too wide) in paragraph at lines 101--101
[]\OT1/LinuxLibertineT-TLF/b/n/9 1293.552115| 
 []


Overfull \hbox (2.69734pt too wide) in paragraph at lines 101--103
[]\OT1/LinuxLibertineT-TLF/b/n/9 1592.162983| 
 []


Overfull \hbox (1.53015pt too wide) in paragraph at lines 103--103
[]\OT1/LinuxLibertineT-TLF/m/n/9 (-20) 59726.514621| 
 []


Overfull \hbox (1.32315pt too wide) in paragraph at lines 103--103
[]\OT1/LinuxLibertineT-TLF/m/n/9 (-20) 71986.043905| 
 []


Overfull \hbox (1.53015pt too wide) in paragraph at lines 103--103
[]\OT1/LinuxLibertineT-TLF/m/n/9 (-20) 30336.745335| 
 []


Overfull \hbox (1.53015pt too wide) in paragraph at lines 103--103
[]\OT1/LinuxLibertineT-TLF/m/n/9 (-20) 63640.331351| 
 []


Overfull \hbox (1.32315pt too wide) in paragraph at lines 103--103
[]\OT1/LinuxLibertineT-TLF/m/n/9 (-20) 74961.220998| 
 []


Overfull \hbox (2.93134pt too wide) in paragraph at lines 103--103
[]\OT1/LinuxLibertineT-TLF/b/n/9 23466.57501| 
 []


Overfull \hbox (2.93134pt too wide) in paragraph at lines 103--105
[]\OT1/LinuxLibertineT-TLF/b/n/9 27067.02959| 
 []


Overfull \hbox (1.32315pt too wide) in paragraph at lines 105--105
[]\OT1/LinuxLibertineT-TLF/m/n/9 (-20) 12005.889721| 
 []


Overfull \hbox (1.32315pt too wide) in paragraph at lines 105--105
[]\OT1/LinuxLibertineT-TLF/m/n/9 (-20) 14725.348334| 
 []


Overfull \hbox (1.32315pt too wide) in paragraph at lines 105--105
[]\OT1/LinuxLibertineT-TLF/m/n/9 (-20) 14227.801909| 
 []


Overfull \hbox (1.32315pt too wide) in paragraph at lines 105--105
[]\OT1/LinuxLibertineT-TLF/m/n/9 (-20) 15355.621891| 
 []


Overfull \hbox (1.32315pt too wide) in paragraph at lines 105--105
[]\OT1/LinuxLibertineT-TLF/m/n/9 (-20) 12937.027857| 
 []


Overfull \hbox (1.32315pt too wide) in paragraph at lines 105--105
[]\OT1/LinuxLibertineT-TLF/m/n/9 (-20) 14972.950738| 
 []


Overfull \hbox (2.69734pt too wide) in paragraph at lines 105--105
[]\OT1/LinuxLibertineT-TLF/b/n/9 11153.58683| 
 []


Overfull \hbox (2.69734pt too wide) in paragraph at lines 105--107
[]\OT1/LinuxLibertineT-TLF/b/n/9 13298.09210| 
 []


Overfull \hbox (1.32315pt too wide) in paragraph at lines 107--107
[]\OT1/LinuxLibertineT-TLF/m/n/9 (-20) 11481.260145| 
 []


Overfull \hbox (1.32315pt too wide) in paragraph at lines 107--107
[]\OT1/LinuxLibertineT-TLF/m/n/9 (-20) 40447.548688| 
 []


Overfull \hbox (1.53015pt too wide) in paragraph at lines 107--107
[]\OT1/LinuxLibertineT-TLF/m/n/9 (-20) 57228.683666| 
 []


Overfull \hbox (2.93134pt too wide) in paragraph at lines 107--107
[]\OT1/LinuxLibertineT-TLF/b/n/9 3521.901521| 
 []


Overfull \hbox (2.69734pt too wide) in paragraph at lines 107--107
[]\OT1/LinuxLibertineT-TLF/b/n/9 4544.804011| 
 []


Overfull \hbox (5.63145pt too wide) in paragraph at lines 109--109
[]\OT1/LinuxLibertineT-TLF/m/n/9 (-20) 529993877.325| 
 []


Overfull \hbox (5.42445pt too wide) in paragraph at lines 109--109
[]\OT1/LinuxLibertineT-TLF/m/n/9 (-20) 1881773956.29| 
 []


Overfull \hbox (5.63145pt too wide) in paragraph at lines 109--109
[]\OT1/LinuxLibertineT-TLF/m/n/9 (-20) 2893556.27222| 
 []


Overfull \hbox (1.53015pt too wide) in paragraph at lines 109--109
[]\OT1/LinuxLibertineT-TLF/m/n/9 (-20) 6415173.6097| 
 []


Overfull \hbox (1.53015pt too wide) in paragraph at lines 109--109
[]\OT1/LinuxLibertineT-TLF/m/n/9 (-20) 26105108.937| 
 []


Overfull \hbox (5.42445pt too wide) in paragraph at lines 109--109
[]\OT1/LinuxLibertineT-TLF/m/n/9 (-20) 41876679.0862| 
 []


Overfull \hbox (2.93134pt too wide) in paragraph at lines 109--109
[]\OT1/LinuxLibertineT-TLF/b/n/9 3680108.181| 
 []


Overfull \hbox (2.69734pt too wide) in paragraph at lines 109--111
[]\OT1/LinuxLibertineT-TLF/b/n/9 10059039.63| 
 []


Overfull \hbox (5.63145pt too wide) in paragraph at lines 111--111
[]\OT1/LinuxLibertineT-TLF/m/n/9 (-20) 508209.562668| 
 []


Overfull \hbox (2.93134pt too wide) in paragraph at lines 111--111
[]\OT1/LinuxLibertineT-TLF/b/n/9 8892.775994| 
 []


Overfull \hbox (1.32315pt too wide) in paragraph at lines 111--111
[]\OT1/LinuxLibertineT-TLF/m/n/9 (-20) 12675.845535| 
 []


Overfull \hbox (2.93134pt too wide) in paragraph at lines 111--111
[]\OT1/LinuxLibertineT-TLF/b/n/9 2976.841354| 
 []


Overfull \hbox (1.32315pt too wide) in paragraph at lines 111--113
[]\OT1/LinuxLibertineT-TLF/m/n/9 (-20) 11376.986338| 
 []


Overfull \hbox (5.42445pt too wide) in paragraph at lines 113--113
[]\OT1/LinuxLibertineT-TLF/m/n/9 (-20) 728122.833253| 
 []


Overfull \hbox (5.42445pt too wide) in paragraph at lines 113--113
[]\OT1/LinuxLibertineT-TLF/m/n/9 (-20) 1329183.17224| 
 []


Overfull \hbox (2.69734pt too wide) in paragraph at lines 113--113
[]\OT1/LinuxLibertineT-TLF/b/n/9 132194.7952| 
 []


Overfull \hbox (2.93134pt too wide) in paragraph at lines 113--113
[]\OT1/LinuxLibertineT-TLF/b/n/9 365560.8816| 
 []


Overfull \hbox (5.63145pt too wide) in paragraph at lines 113--113
[]\OT1/LinuxLibertineT-TLF/m/n/9 (-20) 548410.338286| 
 []


Overfull \hbox (5.63145pt too wide) in paragraph at lines 113--113
[]\OT1/LinuxLibertineT-TLF/m/n/9 (-20) 941547.524763| 
 []


Overfull \hbox (5.63145pt too wide) in paragraph at lines 113--113
[]\OT1/LinuxLibertineT-TLF/m/n/9 (-20) 234045.940166| 
 []


Overfull \hbox (5.63145pt too wide) in paragraph at lines 113--115
[]\OT1/LinuxLibertineT-TLF/m/n/9 (-20) 867160.306892| 
 []


Overfull \hbox (5.42445pt too wide) in paragraph at lines 115--115
[]\OT1/LinuxLibertineT-TLF/m/n/9 (-20) 181957.060133| 
 []


Overfull \hbox (2.69734pt too wide) in paragraph at lines 115--115
[]\OT1/LinuxLibertineT-TLF/b/n/9 1799.506503| 
 []


Overfull \hbox (2.93134pt too wide) in paragraph at lines 115--115
[]\OT1/LinuxLibertineT-TLF/b/n/9 3362.509604| 
 []


Overfull \hbox (2.93134pt too wide) in paragraph at lines 117--117
[]\OT1/LinuxLibertineT-TLF/b/n/9 3519.494945| 
 []


Overfull \hbox (2.69734pt too wide) in paragraph at lines 117--119
[]\OT1/LinuxLibertineT-TLF/b/n/9 4796.802728| 
 []


Overfull \hbox (2.69734pt too wide) in paragraph at lines 119--119
[]\OT1/LinuxLibertineT-TLF/b/n/9 4450.177422| 
 []


Overfull \hbox (2.93134pt too wide) in paragraph at lines 119--119
[]\OT1/LinuxLibertineT-TLF/b/n/9 3582.785882| 
 []


Overfull \hbox (5.42445pt too wide) in paragraph at lines 121--121
[]\OT1/LinuxLibertineT-TLF/m/n/9 (-20) 1357845.39305| 
 []


Overfull \hbox (5.42445pt too wide) in paragraph at lines 121--121
[]\OT1/LinuxLibertineT-TLF/m/n/9 (-20) 1938893.27972| 
 []


Overfull \hbox (2.69734pt too wide) in paragraph at lines 121--121
[]\OT1/LinuxLibertineT-TLF/b/n/9 146426.2736| 
 []


Overfull \hbox (2.69734pt too wide) in paragraph at lines 121--121
[]\OT1/LinuxLibertineT-TLF/b/n/9 763318.8226| 
 []


Overfull \hbox (5.42445pt too wide) in paragraph at lines 121--121
[]\OT1/LinuxLibertineT-TLF/m/n/9 (-20) 1004224.20385| 
 []


Overfull \hbox (5.63145pt too wide) in paragraph at lines 121--121
[]\OT1/LinuxLibertineT-TLF/m/n/9 (-20) 2315010.29868| 
 []


Overfull \hbox (1.53015pt too wide) in paragraph at lines 121--121
[]\OT1/LinuxLibertineT-TLF/m/n/9 (-20) 631040.14635| 
 []


Overfull \hbox (5.42445pt too wide) in paragraph at lines 121--123
[]\OT1/LinuxLibertineT-TLF/m/n/9 (-20) 1335739.59138| 
 []


Overfull \hbox (1.53015pt too wide) in paragraph at lines 123--123
[]\OT1/LinuxLibertineT-TLF/m/n/9 (-20) 26455.706954| 
 []


Overfull \hbox (2.93134pt too wide) in paragraph at lines 123--123
[]\OT1/LinuxLibertineT-TLF/b/n/9 2071.077067| 
 []


Overfull \hbox (2.93134pt too wide) in paragraph at lines 123--125
[]\OT1/LinuxLibertineT-TLF/b/n/9 3664.159878| 
 []


Overfull \hbox (2.93134pt too wide) in paragraph at lines 125--125
[]\OT1/LinuxLibertineT-TLF/b/n/9 3627.777893| 
 []


Overfull \hbox (2.93134pt too wide) in paragraph at lines 125--127
[]\OT1/LinuxLibertineT-TLF/b/n/9 5228.430669| 
 []


Overfull \hbox (2.93134pt too wide) in paragraph at lines 127--127
[]\OT1/LinuxLibertineT-TLF/b/n/9 3085.692252| 
 []


Overfull \hbox (2.93134pt too wide) in paragraph at lines 127--127
[]\OT1/LinuxLibertineT-TLF/b/n/9 2885.574085| 
 []


Overfull \hbox (1.32315pt too wide) in paragraph at lines 129--129
[]\OT1/LinuxLibertineT-TLF/m/n/9 (-20) 17808.897744| 
 []


Overfull \hbox (1.32315pt too wide) in paragraph at lines 129--129
[]\OT1/LinuxLibertineT-TLF/m/n/9 (-20) 19562.986646| 
 []


Overfull \hbox (1.32315pt too wide) in paragraph at lines 129--129
[]\OT1/LinuxLibertineT-TLF/m/n/9 (-20) 19213.375668| 
 []


Overfull \hbox (1.53015pt too wide) in paragraph at lines 129--129
[]\OT1/LinuxLibertineT-TLF/m/n/9 (-20) 20278.929093| 
 []


Overfull \hbox (1.32315pt too wide) in paragraph at lines 129--129
[]\OT1/LinuxLibertineT-TLF/m/n/9 (-20) 18695.522312| 
 []


Overfull \hbox (1.53015pt too wide) in paragraph at lines 129--129
[]\OT1/LinuxLibertineT-TLF/m/n/9 (-20) 20167.413741| 
 []


Overfull \hbox (2.69734pt too wide) in paragraph at lines 129--129
[]\OT1/LinuxLibertineT-TLF/b/n/9 17548.33905| 
 []


Overfull \hbox (2.69734pt too wide) in paragraph at lines 129--131
[]\OT1/LinuxLibertineT-TLF/b/n/9 19547.15124| 
 []


Overfull \hbox (2.93134pt too wide) in paragraph at lines 131--131
[]\OT1/LinuxLibertineT-TLF/b/n/9 3352.556985| 
 []


Overfull \hbox (2.93134pt too wide) in paragraph at lines 131--133
[]\OT1/LinuxLibertineT-TLF/b/n/9 3609.098575| 
 []


Overfull \hbox (2.93134pt too wide) in paragraph at lines 133--133
[]\OT1/LinuxLibertineT-TLF/b/n/9 3801.368588| 
 []


Overfull \hbox (2.69734pt too wide) in paragraph at lines 133--133
[]\OT1/LinuxLibertineT-TLF/b/n/9 4042.426859| 
 []


Overfull \hbox (2.93134pt too wide) in paragraph at lines 135--135
[]\OT1/LinuxLibertineT-TLF/b/n/9 3153.485413| 
 []


Overfull \hbox (1.32315pt too wide) in paragraph at lines 137--137
[]\OT1/LinuxLibertineT-TLF/m/n/9 (-20) 11924.799473| 
 []


Overfull \hbox (2.93134pt too wide) in paragraph at lines 137--137
[]\OT1/LinuxLibertineT-TLF/b/n/9 2900.000382| 
 []


Overfull \hbox (2.93134pt too wide) in paragraph at lines 139--139
[]\OT1/LinuxLibertineT-TLF/b/n/9 3194.809213| 
 []


Overfull \hbox (2.93134pt too wide) in paragraph at lines 139--141
[]\OT1/LinuxLibertineT-TLF/b/n/9 3200.023953| 
 []


Overfull \hbox (2.93134pt too wide) in paragraph at lines 141--141
[]\OT1/LinuxLibertineT-TLF/b/n/9 3295.122914| 
 []


Overfull \hbox (2.93134pt too wide) in paragraph at lines 141--141
[]\OT1/LinuxLibertineT-TLF/b/n/9 3340.280383| 
 []


Overfull \hbox (2.69734pt too wide) in paragraph at lines 143--143
[]\OT1/LinuxLibertineT-TLF/b/n/9 4541.195471| 
 []


Overfull \hbox (2.93134pt too wide) in paragraph at lines 143--145
[]\OT1/LinuxLibertineT-TLF/b/n/9 5739.291549| 
 []


Overfull \hbox (5.63145pt too wide) in paragraph at lines 145--145
[]\OT1/LinuxLibertineT-TLF/m/n/9 (-20) 202435555.594| 
 []


Overfull \hbox (2.93134pt too wide) in paragraph at lines 145--145
[]\OT1/LinuxLibertineT-TLF/b/n/9 3584.974771| 
 []


Overfull \hbox (1.32315pt too wide) in paragraph at lines 145--145
[]\OT1/LinuxLibertineT-TLF/m/n/9 (-20) 10674.217331| 
 []


Overfull \hbox (2.93134pt too wide) in paragraph at lines 145--145
[]\OT1/LinuxLibertineT-TLF/b/n/9 3920.327039| 
 []


Overfull \hbox (1.32315pt too wide) in paragraph at lines 145--146
[]\OT1/LinuxLibertineT-TLF/m/n/9 (-20) 15318.554601| 
 []

) <images/F1D10.jpeg, id=97, 803.0pt x 602.25pt>
File: images/F1D10.jpeg Graphic file (type jpg)
 <use images/F1D10.jpeg>
Package pdftex.def Info: images/F1D10.jpeg used on input line 171.
(pdftex.def)             Requested size: 121.51358pt x 91.13309pt.

<images/F1D30.jpeg, id=98, 803.0pt x 602.25pt>
File: images/F1D30.jpeg Graphic file (type jpg)
 <use images/F1D30.jpeg>
Package pdftex.def Info: images/F1D30.jpeg used on input line 175.
(pdftex.def)             Requested size: 121.51358pt x 91.13309pt.

<images/F1D50.jpeg, id=99, 803.0pt x 602.25pt>
File: images/F1D50.jpeg Graphic file (type jpg)
 <use images/F1D50.jpeg>
Package pdftex.def Info: images/F1D50.jpeg used on input line 179.
(pdftex.def)             Requested size: 121.51358pt x 91.13309pt.

<images/F1D100.jpeg, id=100, 803.0pt x 602.25pt>
File: images/F1D100.jpeg Graphic file (type jpg)
 <use images/F1D100.jpeg>
Package pdftex.def Info: images/F1D100.jpeg used on input line 183.
(pdftex.def)             Requested size: 121.51358pt x 91.13309pt.

<images/F12D10.jpeg, id=101, 803.0pt x 602.25pt>
File: images/F12D10.jpeg Graphic file (type jpg)
 <use images/F12D10.jpeg>
Package pdftex.def Info: images/F12D10.jpeg used on input line 188.
(pdftex.def)             Requested size: 121.51358pt x 91.13309pt.

<images/F12D30.jpeg, id=102, 803.0pt x 602.25pt>
File: images/F12D30.jpeg Graphic file (type jpg)
 <use images/F12D30.jpeg>
Package pdftex.def Info: images/F12D30.jpeg used on input line 192.
(pdftex.def)             Requested size: 121.51358pt x 91.13309pt.

<images/F12D50.jpeg, id=103, 803.0pt x 602.25pt>
File: images/F12D50.jpeg Graphic file (type jpg)
 <use images/F12D50.jpeg>
Package pdftex.def Info: images/F12D50.jpeg used on input line 196.
(pdftex.def)             Requested size: 121.51358pt x 91.13309pt.

<images/F12D100.jpeg, id=104, 803.0pt x 602.25pt>
File: images/F12D100.jpeg Graphic file (type jpg)
 <use images/F12D100.jpeg>
Package pdftex.def Info: images/F12D100.jpeg used on input line 200.
(pdftex.def)             Requested size: 121.51358pt x 91.13309pt.

<images/F23D10.jpeg, id=105, 803.0pt x 602.25pt>
File: images/F23D10.jpeg Graphic file (type jpg)
 <use images/F23D10.jpeg>
Package pdftex.def Info: images/F23D10.jpeg used on input line 206.
(pdftex.def)             Requested size: 121.51358pt x 91.13309pt.

<images/F23D30.jpeg, id=106, 803.0pt x 602.25pt>
File: images/F23D30.jpeg Graphic file (type jpg)
 <use images/F23D30.jpeg>
Package pdftex.def Info: images/F23D30.jpeg used on input line 210.
(pdftex.def)             Requested size: 121.51358pt x 91.13309pt.

<images/F23D50.jpeg, id=107, 803.0pt x 602.25pt>
File: images/F23D50.jpeg Graphic file (type jpg)
 <use images/F23D50.jpeg>
Package pdftex.def Info: images/F23D50.jpeg used on input line 214.
(pdftex.def)             Requested size: 121.51358pt x 91.13309pt.

<images/F23D100.jpeg, id=108, 803.0pt x 602.25pt>
File: images/F23D100.jpeg Graphic file (type jpg)
 <use images/F23D100.jpeg>
Package pdftex.def Info: images/F23D100.jpeg used on input line 218.
(pdftex.def)             Requested size: 121.51358pt x 91.13309pt.

<images/F27D10.jpeg, id=109, 803.0pt x 602.25pt>
File: images/F27D10.jpeg Graphic file (type jpg)
 <use images/F27D10.jpeg>
Package pdftex.def Info: images/F27D10.jpeg used on input line 224.
(pdftex.def)             Requested size: 121.51358pt x 91.13309pt.

<images/F27D30.jpeg, id=110, 803.0pt x 602.25pt>
File: images/F27D30.jpeg Graphic file (type jpg)
 <use images/F27D30.jpeg>
Package pdftex.def Info: images/F27D30.jpeg used on input line 228.
(pdftex.def)             Requested size: 121.51358pt x 91.13309pt.

<images/F27D50.jpeg, id=111, 803.0pt x 602.25pt>
File: images/F27D50.jpeg Graphic file (type jpg)
 <use images/F27D50.jpeg>
Package pdftex.def Info: images/F27D50.jpeg used on input line 232.
(pdftex.def)             Requested size: 121.51358pt x 91.13309pt.

<images/F27D100.jpeg, id=112, 803.0pt x 602.25pt>
File: images/F27D100.jpeg Graphic file (type jpg)
 <use images/F27D100.jpeg>
Package pdftex.def Info: images/F27D100.jpeg used on input line 236.
(pdftex.def)             Requested size: 121.51358pt x 91.13309pt.

<images/F6D50.jpeg, id=113, 803.0pt x 602.25pt>
File: images/F6D50.jpeg Graphic file (type jpg)
 <use images/F6D50.jpeg>
Package pdftex.def Info: images/F6D50.jpeg used on input line 241.
(pdftex.def)             Requested size: 121.51358pt x 91.13309pt.

<images/F6D100.jpeg, id=114, 803.0pt x 602.25pt>
File: images/F6D100.jpeg Graphic file (type jpg)
 <use images/F6D100.jpeg>
Package pdftex.def Info: images/F6D100.jpeg used on input line 245.
(pdftex.def)             Requested size: 121.51358pt x 91.13309pt.

<images/F20D50.jpeg, id=115, 803.0pt x 602.25pt>
File: images/F20D50.jpeg Graphic file (type jpg)
 <use images/F20D50.jpeg>
Package pdftex.def Info: images/F20D50.jpeg used on input line 249.
(pdftex.def)             Requested size: 121.51358pt x 91.13309pt.

<images/F20D100.jpeg, id=116, 803.0pt x 602.25pt>
File: images/F20D100.jpeg Graphic file (type jpg)
 <use images/F20D100.jpeg>
Package pdftex.def Info: images/F20D100.jpeg used on input line 253.
(pdftex.def)             Requested size: 121.51358pt x 91.13309pt.
)
(./sample-sigconf.bbl) [4.4] [5.5 <./images/F1D10.jpeg> <./images/F1D30.jpeg> <
./images/F1D50.jpeg> <./images/F1D100.jpeg> <./images/F12D10.jpeg> <./images/F1
2D30.jpeg> <./images/F12D50.jpeg> <./images/F12D100.jpeg> <./images/F23D10.jpeg
> <./images/F23D30.jpeg> <./images/F23D50.jpeg> <./images/F23D100.jpeg> <./imag
es/F27D10.jpeg> <./images/F27D30.jpeg> <./images/F27D50.jpeg> <./images/F27D100
.jpeg> <./images/F6D50.jpeg> <./images/F6D100.jpeg> <./images/F20D50.jpeg> <./i
mages/F20D100.jpeg>] [6.6] [7.7]
Package atveryend Info: Empty hook `BeforeClearDocument' on input line 169.
Package atveryend Info: Empty hook `AfterLastShipout' on input line 169.
 (./sample-sigconf.aux)
Package atveryend Info: Executing hook `AtVeryEndDocument' on input line 169.
Package atveryend Info: Executing hook `AtEndAfterFileList' on input line 169.
Package rerunfilecheck Info: File `sample-sigconf.out' has not changed.
(rerunfilecheck)             Checksum: B93194A64630BFC3CFA7A5A8A925DFAF;628.


LaTeX Font Warning: Some font shapes were not available, defaults substituted.

Package atveryend Info: Empty hook `AtVeryVeryEnd' on input line 169.
 ) 
Here is how much of TeX's memory you used:
 14699 strings out of 493029
 226164 string characters out of 6136234
 493730 words of memory out of 5000000
 17539 multiletter control sequences out of 15000+600000
 73962 words of font info for 235 fonts, out of 8000000 for 9000
 1302 hyphenation exceptions out of 8191
 60i,13n,94p,1646b,608s stack positions out of 5000i,500n,10000p,200000b,80000s
{/usr/share/texlive/texmf-dist/fonts/enc/dvips/newtx/libertinealt.enc}{/usr/s
hare/texlive/texmf-dist/fonts/enc/dvips/libertine/lbtn_tltjc6.enc}{/usr/share/t
exlive/texmf-dist/fonts/enc/dvips/base/8r.enc}{/usr/share/texlive/texmf-dist/fo
nts/enc/dvips/libertine/lbtn_c6xmqr.enc}{/usr/share/texlive/texmf-dist/fonts/en
c/dvips/libertine/lbtn_xogrpz.enc}{/usr/share/texlive/texmf-dist/fonts/enc/dvip
s/libertine/lbtn_naooyc.enc}{/usr/share/texlive/texmf-dist/fonts/enc/dvips/libe
rtine/lbtn_c7kyj5.enc}{/usr/share/texlive/texmf-dist/fonts/enc/dvips/libertine/
lbtn_lu7m2n.enc}</usr/share/texlive/texmf-dist/fonts/type1/public/libertine/Lin
BiolinumT.pfb></usr/share/texlive/texmf-dist/fonts/type1/public/libertine/LinBi
olinumTB.pfb></usr/share/texlive/texmf-dist/fonts/type1/public/libertine/LinLib
ertineT.pfb></usr/share/texlive/texmf-dist/fonts/type1/public/libertine/LinLibe
rtineTB.pfb></usr/share/texlive/texmf-dist/fonts/type1/public/libertine/LinLibe
rtineTI.pfb></usr/share/texlive/texmf-dist/fonts/type1/public/newtx/fxlri-7lett
ers.pfb></usr/share/texlive/texmf-dist/fonts/type1/public/txfonts/rtxmi.pfb></u
sr/share/texlive/texmf-dist/fonts/type1/public/txfonts/rtxr.pfb></usr/share/tex
live/texmf-dist/fonts/type1/public/txfonts/txsy.pfb></usr/share/texlive/texmf-d
ist/fonts/type1/public/newtx/zxlr.pfb></usr/share/texlive/texmf-dist/fonts/type
1/public/newtx/zxlri.pfb>
Output written on sample-sigconf.pdf (7 pages, 1932461 bytes).
PDF statistics:
 197 PDF objects out of 1000 (max. 8388607)
 149 compressed objects within 2 object streams
 32 named destinations out of 1000 (max. 500000)
 41156 words of extra memory for PDF output out of 42996 (max. 10000000)

