This is pdfTeX, Version 3.14159265-2.6-1.40.16 (TeX Live 2015/Debian) (preloaded format=pdflatex 2017.8.24)  8 SEP 2017 17:53
entering extended mode
 restricted \write18 enabled.
 %&-line parsing enabled.
**Example.tex
(./Example.tex
LaTeX2e <2016/02/01>
Babel <3.9q> and hyphenation patterns for 81 language(s) loaded.
(./article.cls
Document Class: article 2000/05/19 v1.4b Standard LaTeX document class
(/usr/share/texlive/texmf-dist/tex/latex/base/size10.clo
File: size10.clo 2014/09/29 v1.4h Standard LaTeX file (size option)
)
\c@part=\count79
\c@section=\count80
\c@subsection=\count81
\c@subsubsection=\count82
\c@paragraph=\count83
\c@subparagraph=\count84
\c@figure=\count85
\c@table=\count86
\abovecaptionskip=\skip41
\belowcaptionskip=\skip42
\bibindent=\dimen102
)
(/usr/share/texlive/texmf-dist/tex/latex/tools/multicol.sty
Package: multicol 2015/08/19 v1.8n multicolumn formatting (FMi)
\c@tracingmulticols=\count87
\mult@box=\box26
\multicol@leftmargin=\dimen103
\c@unbalance=\count88
\c@collectmore=\count89
\doublecol@number=\count90
\multicoltolerance=\count91
\multicolpretolerance=\count92
\full@width=\dimen104
\page@free=\dimen105
\premulticols=\dimen106
\postmulticols=\dimen107
\multicolsep=\skip43
\multicolbaselineskip=\skip44
\partial@page=\box27
\last@line=\box28
\maxbalancingoverflow=\dimen108
\mult@rightbox=\box29
\mult@grightbox=\box30
\mult@gfirstbox=\box31
\mult@firstbox=\box32
\@tempa=\box33
\@tempa=\box34
\@tempa=\box35
\@tempa=\box36
\@tempa=\box37
\@tempa=\box38
\@tempa=\box39
\@tempa=\box40
\@tempa=\box41
\@tempa=\box42
\@tempa=\box43
\@tempa=\box44
\@tempa=\box45
\@tempa=\box46
\@tempa=\box47
\@tempa=\box48
\@tempa=\box49
\c@columnbadness=\count93
\c@finalcolumnbadness=\count94
\last@try=\dimen109
\multicolovershoot=\dimen110
\multicolundershoot=\dimen111
\mult@nat@firstbox=\box50
\colbreak@box=\box51
\mc@col@check@num=\count95
)
(/usr/share/texlive/texmf-dist/tex/latex/pslatex/pslatex.sty
Package: pslatex 1996/07/24 v1.2 pslatex emulation (DPC)
LaTeX Font Info:    Redeclaring symbol font `operators' on input line 65.
LaTeX Font Info:    Overwriting symbol font `operators' in version `normal'
(Font)                  OT1/cmr/m/n --> OT1/ptmcm/m/n on input line 65.
LaTeX Font Info:    Overwriting symbol font `operators' in version `bold'
(Font)                  OT1/cmr/bx/n --> OT1/ptmcm/m/n on input line 65.
LaTeX Font Info:    Redeclaring symbol font `letters' on input line 66.
LaTeX Font Info:    Overwriting symbol font `letters' in version `normal'
(Font)                  OML/cmm/m/it --> OML/ptmcm/m/it on input line 66.
LaTeX Font Info:    Overwriting symbol font `letters' in version `bold'
(Font)                  OML/cmm/b/it --> OML/ptmcm/m/it on input line 66.
LaTeX Font Info:    Redeclaring symbol font `symbols' on input line 67.
LaTeX Font Info:    Overwriting symbol font `symbols' in version `normal'
(Font)                  OMS/cmsy/m/n --> OMS/pzccm/m/n on input line 67.
LaTeX Font Info:    Overwriting symbol font `symbols' in version `bold'
(Font)                  OMS/cmsy/b/n --> OMS/pzccm/m/n on input line 67.
LaTeX Font Info:    Redeclaring symbol font `largesymbols' on input line 68.
LaTeX Font Info:    Overwriting symbol font `largesymbols' in version `normal'
(Font)                  OMX/cmex/m/n --> OMX/psycm/m/n on input line 68.
LaTeX Font Info:    Overwriting symbol font `largesymbols' in version `bold'
(Font)                  OMX/cmex/m/n --> OMX/psycm/m/n on input line 68.
\symbold=\mathgroup4
\symitalic=\mathgroup5
LaTeX Font Info:    Redeclaring math alphabet \mathbf on input line 74.
LaTeX Font Info:    Overwriting math alphabet `\mathbf' in version `normal'
(Font)                  OT1/cmr/bx/n --> OT1/ptm/bx/n on input line 74.
LaTeX Font Info:    Overwriting math alphabet `\mathbf' in version `bold'
(Font)                  OT1/cmr/bx/n --> OT1/ptm/bx/n on input line 74.
LaTeX Font Info:    Redeclaring math alphabet \mathit on input line 75.
LaTeX Font Info:    Overwriting math alphabet `\mathit' in version `normal'
(Font)                  OT1/cmr/m/it --> OT1/ptm/m/it on input line 75.
LaTeX Font Info:    Overwriting math alphabet `\mathit' in version `bold'
(Font)                  OT1/cmr/bx/it --> OT1/ptm/m/it on input line 75.
) (./apalike.sty
\bibhang=\skip45
)
(/usr/share/texlive/texmf-dist/tex/latex/hyperref/hyperref.sty
Package: hyperref 2012/11/06 v6.83m Hypertext links for LaTeX

(/usr/share/texlive/texmf-dist/tex/generic/oberdiek/hobsub-hyperref.sty
Package: hobsub-hyperref 2012/05/28 v1.13 Bundle oberdiek, subset hyperref (HO)


(/usr/share/texlive/texmf-dist/tex/generic/oberdiek/hobsub-generic.sty
Package: hobsub-generic 2012/05/28 v1.13 Bundle oberdiek, subset generic (HO)
Package: hobsub 2012/05/28 v1.13 Construct package bundles (HO)
Package: infwarerr 2010/04/08 v1.3 Providing info/warning/error messages (HO)
Package: ltxcmds 2011/11/09 v1.22 LaTeX kernel commands for general use (HO)
Package: ifluatex 2010/03/01 v1.3 Provides the ifluatex switch (HO)
Package ifluatex Info: LuaTeX not detected.
Package: ifvtex 2010/03/01 v1.5 Detect VTeX and its facilities (HO)
Package ifvtex Info: VTeX not detected.
Package: intcalc 2007/09/27 v1.1 Expandable calculations with integers (HO)
Package: ifpdf 2011/01/30 v2.3 Provides the ifpdf switch (HO)
Package ifpdf Info: pdfTeX in PDF mode is detected.
Package: etexcmds 2011/02/16 v1.5 Avoid name clashes with e-TeX commands (HO)
Package etexcmds Info: Could not find \expanded.
(etexcmds)             That can mean that you are not using pdfTeX 1.50 or
(etexcmds)             that some package has redefined \expanded.
(etexcmds)             In the latter case, load this package earlier.
Package: kvsetkeys 2012/04/25 v1.16 Key value parser (HO)
Package: kvdefinekeys 2011/04/07 v1.3 Define keys (HO)
Package: pdftexcmds 2011/11/29 v0.20 Utility functions of pdfTeX for LuaTeX (HO
)
Package pdftexcmds Info: LuaTeX not detected.
Package pdftexcmds Info: \pdf@primitive is available.
Package pdftexcmds Info: \pdf@ifprimitive is available.
Package pdftexcmds Info: \pdfdraftmode found.
Package: pdfescape 2011/11/25 v1.13 Implements pdfTeX's escape features (HO)
Package: bigintcalc 2012/04/08 v1.3 Expandable calculations on big integers (HO
)
Package: bitset 2011/01/30 v1.1 Handle bit-vector datatype (HO)
Package: uniquecounter 2011/01/30 v1.2 Provide unlimited unique counter (HO)
)
Package hobsub Info: Skipping package `hobsub' (already loaded).
Package: letltxmacro 2010/09/02 v1.4 Let assignment for LaTeX macros (HO)
Package: hopatch 2012/05/28 v1.2 Wrapper for package hooks (HO)
Package: xcolor-patch 2011/01/30 xcolor patch
Package: atveryend 2011/06/30 v1.8 Hooks at the very end of document (HO)
Package atveryend Info: \enddocument detected (standard20110627).
Package: atbegshi 2011/10/05 v1.16 At begin shipout hook (HO)
Package: refcount 2011/10/16 v3.4 Data extraction from label references (HO)
Package: hycolor 2011/01/30 v1.7 Color options for hyperref/bookmark (HO)
)
(/usr/share/texlive/texmf-dist/tex/latex/graphics/keyval.sty
Package: keyval 2014/10/28 v1.15 key=value parser (DPC)
\KV@toks@=\toks14
)
(/usr/share/texlive/texmf-dist/tex/generic/ifxetex/ifxetex.sty
Package: ifxetex 2010/09/12 v0.6 Provides ifxetex conditional
)
(/usr/share/texlive/texmf-dist/tex/latex/oberdiek/auxhook.sty
Package: auxhook 2011/03/04 v1.3 Hooks for auxiliary files (HO)
)
(/usr/share/texlive/texmf-dist/tex/latex/oberdiek/kvoptions.sty
Package: kvoptions 2011/06/30 v3.11 Key value format for package options (HO)
)
\@linkdim=\dimen112
\Hy@linkcounter=\count96
\Hy@pagecounter=\count97

(/usr/share/texlive/texmf-dist/tex/latex/hyperref/pd1enc.def
File: pd1enc.def 2012/11/06 v6.83m Hyperref: PDFDocEncoding definition (HO)
)
\Hy@SavedSpaceFactor=\count98

(/usr/share/texlive/texmf-dist/tex/latex/latexconfig/hyperref.cfg
File: hyperref.cfg 2002/06/06 v1.2 hyperref configuration of TeXLive
)
Package hyperref Info: Hyper figures OFF on input line 4443.
Package hyperref Info: Link nesting OFF on input line 4448.
Package hyperref Info: Hyper index ON on input line 4451.
Package hyperref Info: Plain pages OFF on input line 4458.
Package hyperref Info: Backreferencing OFF on input line 4463.
Package hyperref Info: Implicit mode ON; LaTeX internals redefined.
Package hyperref Info: Bookmarks ON on input line 4688.
\c@Hy@tempcnt=\count99

(/usr/share/texlive/texmf-dist/tex/latex/url/url.sty
\Urlmuskip=\muskip10
Package: url 2013/09/16  ver 3.4  Verb mode for urls, etc.
)
LaTeX Info: Redefining \url on input line 5041.
\XeTeXLinkMargin=\dimen113
\Fld@menulength=\count100
\Field@Width=\dimen114
\Fld@charsize=\dimen115
Package hyperref Info: Hyper figures OFF on input line 6295.
Package hyperref Info: Link nesting OFF on input line 6300.
Package hyperref Info: Hyper index ON on input line 6303.
Package hyperref Info: backreferencing OFF on input line 6310.
Package hyperref Info: Link coloring OFF on input line 6315.
Package hyperref Info: Link coloring with OCG OFF on input line 6320.
Package hyperref Info: PDF/A mode OFF on input line 6325.
LaTeX Info: Redefining \ref on input line 6365.
LaTeX Info: Redefining \pageref on input line 6369.
\Hy@abspage=\count101
\c@Item=\count102
\c@Hfootnote=\count103
)

Package hyperref Message: Driver (autodetected): hpdftex.

(/usr/share/texlive/texmf-dist/tex/latex/hyperref/hpdftex.def
File: hpdftex.def 2012/11/06 v6.83m Hyperref driver for pdfTeX
\Fld@listcount=\count104
\c@bookmark@seq@number=\count105

(/usr/share/texlive/texmf-dist/tex/latex/oberdiek/rerunfilecheck.sty
Package: rerunfilecheck 2011/04/15 v1.7 Rerun checks for auxiliary files (HO)
Package uniquecounter Info: New unique counter `rerunfilecheck' on input line 2
82.
)
\Hy@SectionHShift=\skip46
)
(/usr/share/texlive/texmf-dist/tex/latex/lineno/lineno.sty
Package: lineno 2005/11/02 line numbers on paragraphs v4.41
\linenopenalty=\count106
\output=\toks15
\linenoprevgraf=\count107
\linenumbersep=\dimen116
\linenumberwidth=\dimen117
\c@linenumber=\count108
\c@pagewiselinenumber=\count109
\c@LN@truepage=\count110
\c@internallinenumber=\count111
\c@internallinenumbers=\count112
\quotelinenumbersep=\dimen118
\bframerule=\dimen119
\bframesep=\dimen120
\bframebox=\box52
LaTeX Info: Redefining \\ on input line 3056.
)
(/usr/share/texlive/texmf-dist/tex/latex/amsmath/amsmath.sty
Package: amsmath 2016/03/03 v2.15a AMS math features
\@mathmargin=\skip47

For additional information on amsmath, use the `?' option.
(/usr/share/texlive/texmf-dist/tex/latex/amsmath/amstext.sty
Package: amstext 2000/06/29 v2.01 AMS text

(/usr/share/texlive/texmf-dist/tex/latex/amsmath/amsgen.sty
File: amsgen.sty 1999/11/30 v2.0 generic functions
\@emptytoks=\toks16
\ex@=\dimen121
))
(/usr/share/texlive/texmf-dist/tex/latex/amsmath/amsbsy.sty
Package: amsbsy 1999/11/29 v1.2d Bold Symbols
\pmbraise@=\dimen122
)
(/usr/share/texlive/texmf-dist/tex/latex/amsmath/amsopn.sty
Package: amsopn 1999/12/14 v2.01 operator names
)
\inf@bad=\count113
LaTeX Info: Redefining \frac on input line 199.
\uproot@=\count114
\leftroot@=\count115
LaTeX Info: Redefining \overline on input line 297.
\classnum@=\count116
\DOTSCASE@=\count117
LaTeX Info: Redefining \ldots on input line 394.
LaTeX Info: Redefining \dots on input line 397.
LaTeX Info: Redefining \cdots on input line 518.
\Mathstrutbox@=\box53
\strutbox@=\box54
\big@size=\dimen123
LaTeX Font Info:    Redeclaring font encoding OML on input line 630.
LaTeX Font Info:    Redeclaring font encoding OMS on input line 631.
\macc@depth=\count118
\c@MaxMatrixCols=\count119
\dotsspace@=\muskip11
\c@parentequation=\count120
\dspbrk@lvl=\count121
\tag@help=\toks17
\row@=\count122
\column@=\count123
\maxfields@=\count124
\andhelp@=\toks18
\eqnshift@=\dimen124
\alignsep@=\dimen125
\tagshift@=\dimen126
\tagwidth@=\dimen127
\totwidth@=\dimen128
\lineht@=\dimen129
\@envbody=\toks19
\multlinegap=\skip48
\multlinetaggap=\skip49
\mathdisplay@stack=\toks20
LaTeX Info: Redefining \[ on input line 2735.
LaTeX Info: Redefining \] on input line 2736.
)
(/usr/share/texlive/texmf-dist/tex/latex/algorithms/algorithm.sty
Package: algorithm 2009/08/24 v0.1 Document Style `algorithm' - floating enviro
nment

(/usr/share/texlive/texmf-dist/tex/latex/float/float.sty
Package: float 2001/11/08 v1.3d Float enhancements (AL)
\c@float@type=\count125
\float@exts=\toks21
\float@box=\box55
\@float@everytoks=\toks22
\@floatcapt=\box56
)
(/usr/share/texlive/texmf-dist/tex/latex/base/ifthen.sty
Package: ifthen 2014/09/29 v1.1c Standard LaTeX ifthen package (DPC)
)
\@float@every@algorithm=\toks23
\c@algorithm=\count126
)
(/usr/share/texlive/texmf-dist/tex/latex/algorithmicx/algpseudocode.sty
Package: algpseudocode 

(/usr/share/texlive/texmf-dist/tex/latex/algorithmicx/algorithmicx.sty
Package: algorithmicx 2005/04/27 v1.2 Algorithmicx

Document Style algorithmicx 1.2 - a greatly improved `algorithmic' style
\c@ALG@line=\count127
\c@ALG@rem=\count128
\c@ALG@nested=\count129
\ALG@tlm=\skip50
\ALG@thistlm=\skip51
\c@ALG@Lnr=\count130
\c@ALG@blocknr=\count131
\c@ALG@storecount=\count132
\c@ALG@tmpcounter=\count133
\ALG@tmplength=\skip52
)
Document Style - pseudocode environments for use with the `algorithmicx' style
) (/usr/share/texlive/texmf-dist/tex/latex/graphics/graphicx.sty
Package: graphicx 2014/10/28 v1.0g Enhanced LaTeX Graphics (DPC,SPQR)

(/usr/share/texlive/texmf-dist/tex/latex/graphics/graphics.sty
Package: graphics 2016/01/03 v1.0q Standard LaTeX Graphics (DPC,SPQR)

(/usr/share/texlive/texmf-dist/tex/latex/graphics/trig.sty
Package: trig 2016/01/03 v1.10 sin cos tan (DPC)
)
(/usr/share/texlive/texmf-dist/tex/latex/latexconfig/graphics.cfg
File: graphics.cfg 2010/04/23 v1.9 graphics configuration of TeX Live
)
Package graphics Info: Driver file: pdftex.def on input line 95.

(/usr/share/texlive/texmf-dist/tex/latex/pdftex-def/pdftex.def
File: pdftex.def 2011/05/27 v0.06d Graphics/color for pdfTeX
\Gread@gobject=\count134
))
\Gin@req@height=\dimen130
\Gin@req@width=\dimen131
)
(/usr/share/texlive/texmf-dist/tex/latex/caption/caption.sty
Package: caption 2016/02/21 v3.3-144 Customizing captions (AR)

(/usr/share/texlive/texmf-dist/tex/latex/caption/caption3.sty
Package: caption3 2016/02/04 v1.7-139 caption3 kernel (AR)
Package caption3 Info: TeX engine: e-TeX on input line 67.
\captionmargin=\dimen132
\captionmargin@=\dimen133
\captionwidth=\dimen134
\caption@tempdima=\dimen135
\caption@indent=\dimen136
\caption@parindent=\dimen137
\caption@hangindent=\dimen138
)
\c@ContinuedFloat=\count135
Package caption Info: float package is loaded.
Package caption Info: hyperref package is loaded.
)
(/usr/share/texlive/texmf-dist/tex/latex/caption/subcaption.sty
Package: subcaption 2016/02/20 v1.1-142 Sub-captions (AR)
\c@subfigure=\count136
\c@subtable=\count137
)
(/usr/share/texlive/texmf-dist/tex/latex/subfig/subfig.sty
Package: subfig 2005/06/28 ver: 1.3 subfig package
\c@KVtest=\count138
\sf@farskip=\skip53
\sf@captopadj=\dimen139
\sf@capskip=\skip54
\sf@nearskip=\skip55
\sf@top=\skip56
\sf@bottom=\skip57
)
(/usr/share/texlive/texmf-dist/tex/latex/booktabs/booktabs.sty
Package: booktabs 2005/04/14 v1.61803 publication quality tables
\heavyrulewidth=\dimen140
\lightrulewidth=\dimen141
\cmidrulewidth=\dimen142
\belowrulesep=\dimen143
\belowbottomsep=\dimen144
\aboverulesep=\dimen145
\abovetopsep=\dimen146
\cmidrulesep=\dimen147
\cmidrulekern=\dimen148
\defaultaddspace=\dimen149
\@cmidla=\count139
\@cmidlb=\count140
\@aboverulesep=\dimen150
\@belowrulesep=\dimen151
\@thisruleclass=\count141
\@lastruleclass=\count142
\@thisrulewidth=\dimen152
)
(/usr/share/texlive/texmf-dist/tex/latex/multirow/multirow.sty
\bigstrutjot=\dimen153
)
(./SCITEPRESS.sty
Conference Style for SCITEPRESS for LaTeX 2e -- version of April 2015
\titlebox=\skip58
) (./Example.aux

LaTeX Warning: Label `algo' multiply defined.

)
\openout1 = `Example.aux'.

LaTeX Font Info:    Checking defaults for OML/cmm/m/it on input line 36.
LaTeX Font Info:    ... okay on input line 36.
LaTeX Font Info:    Checking defaults for T1/cmr/m/n on input line 36.
LaTeX Font Info:    ... okay on input line 36.
LaTeX Font Info:    Checking defaults for OT1/cmr/m/n on input line 36.
LaTeX Font Info:    ... okay on input line 36.
LaTeX Font Info:    Checking defaults for OMS/pzccm/m/n on input line 36.
LaTeX Font Info:    Try loading font information for OMS+pzccm on input line 36
.
 (/usr/share/texlive/texmf-dist/tex/latex/psnfss/omspzccm.fd
File: omspzccm.fd 2000/01/03 Fontinst v1.801 font definitions for OMS/pzccm.
)
LaTeX Font Info:    ... okay on input line 36.
LaTeX Font Info:    Checking defaults for OMX/cmex/m/n on input line 36.
LaTeX Font Info:    ... okay on input line 36.
LaTeX Font Info:    Checking defaults for U/cmr/m/n on input line 36.
LaTeX Font Info:    ... okay on input line 36.
LaTeX Font Info:    Checking defaults for PD1/pdf/m/n on input line 36.
LaTeX Font Info:    ... okay on input line 36.
\AtBeginShipoutBox=\box57
Package hyperref Info: Link coloring OFF on input line 36.

(/usr/share/texlive/texmf-dist/tex/latex/hyperref/nameref.sty
Package: nameref 2012/10/27 v2.43 Cross-referencing by name of section

(/usr/share/texlive/texmf-dist/tex/generic/oberdiek/gettitlestring.sty
Package: gettitlestring 2010/12/03 v1.4 Cleanup title references (HO)
)
\c@section@level=\count143
)
LaTeX Info: Redefining \ref on input line 36.
LaTeX Info: Redefining \pageref on input line 36.
LaTeX Info: Redefining \nameref on input line 36.

(./Example.out) (./Example.out)
\@outlinefile=\write3
\openout3 = `Example.out'.


(/usr/share/texlive/texmf-dist/tex/context/base/supp-pdf.mkii
[Loading MPS to PDF converter (version 2006.09.02).]
\scratchcounter=\count144
\scratchdimen=\dimen154
\scratchbox=\box58
\nofMPsegments=\count145
\nofMParguments=\count146
\everyMPshowfont=\toks24
\MPscratchCnt=\count147
\MPscratchDim=\dimen155
\MPnumerator=\count148
\makeMPintoPDFobject=\count149
\everyMPtoPDFconversion=\toks25
) (/usr/share/texlive/texmf-dist/tex/latex/oberdiek/epstopdf-base.sty
Package: epstopdf-base 2010/02/09 v2.5 Base part for package epstopdf

(/usr/share/texlive/texmf-dist/tex/latex/oberdiek/grfext.sty
Package: grfext 2010/08/19 v1.1 Manage graphics extensions (HO)
)
Package grfext Info: Graphics extension search list:
(grfext)             [.png,.pdf,.jpg,.mps,.jpeg,.jbig2,.jb2,.PNG,.PDF,.JPG,.JPE
G,.JBIG2,.JB2,.eps]
(grfext)             \AppendGraphicsExtensions on input line 452.

(/usr/share/texlive/texmf-dist/tex/latex/latexconfig/epstopdf-sys.cfg
File: epstopdf-sys.cfg 2010/07/13 v1.3 Configuration of (r)epstopdf for TeX Liv
e
))
Package caption Info: Begin \AtBeginDocument code.
Package caption Info: subfig package v1.3 is loaded.
Package caption Info: End \AtBeginDocument code.

! Undefined control sequence.
<argument> \sf@counterlist 
                           
l.36 \begin{document}
                     
? 
LaTeX Font Info:    Font shape `OT1/ptm/bx/n' in size <14.4> not available
(Font)              Font shape `OT1/ptm/b/n' tried instead on input line 50.

LaTeX Warning: No \author given.


Underfull \hbox (badness 10000) in paragraph at lines 50--50

 []

LaTeX Font Info:    Font shape `OT1/ptm/bx/n' in size <13> not available
(Font)              Font shape `OT1/ptm/b/n' tried instead on input line 52.
<images/motorControl.png, id=7, 383.4325pt x 362.35374pt>
File: images/motorControl.png Graphic file (type png)

<use images/motorControl.png>
Package pdftex.def Info: images/motorControl.png used on input line 59.
(pdftex.def)             Requested size: 210.88852pt x 199.29517pt.

Underfull \vbox (badness 1838) has occurred while \output is active []


Underfull \vbox (badness 4217) has occurred while \output is active []

 [1{/var/lib/texmf/fonts/map/pdftex/updmap/pdftex.map}




 <./images/motorControl.png>]
<images/contourDE.png, id=32, 863.225pt x 567.11874pt>
File: images/contourDE.png Graphic file (type png)

<use images/contourDE.png>
Package pdftex.def Info: images/contourDE.png used on input line 101.
(pdftex.def)             Requested size: 215.80573pt x 141.77933pt.

Overfull \hbox (2.3913pt too wide) in paragraph at lines 101--102
[][] 
 []


LaTeX Warning: `!h' float specifier changed to `!ht'.

LaTeX Font Info:    Try loading font information for OT1+ptmcm on input line 10
7.
(/usr/share/texlive/texmf-dist/tex/latex/psnfss/ot1ptmcm.fd
File: ot1ptmcm.fd 2000/01/03 Fontinst v1.801 font definitions for OT1/ptmcm.
)
LaTeX Font Info:    Try loading font information for OML+ptmcm on input line 10
7.

(/usr/share/texlive/texmf-dist/tex/latex/psnfss/omlptmcm.fd
File: omlptmcm.fd 2000/01/03 Fontinst v1.801 font definitions for OML/ptmcm.
)
LaTeX Font Info:    Try loading font information for OMX+psycm on input line 10
7.

(/usr/share/texlive/texmf-dist/tex/latex/psnfss/omxpsycm.fd
File: omxpsycm.fd 2000/01/03 Fontinst v1.801 font definitions for OMX/psycm.
)
LaTeX Font Info:    Font shape `OT1/ptm/bx/n' in size <10> not available
(Font)              Font shape `OT1/ptm/b/n' tried instead on input line 107.
LaTeX Font Info:    Font shape `OT1/ptm/bx/n' in size <7.4> not available
(Font)              Font shape `OT1/ptm/b/n' tried instead on input line 107.
LaTeX Font Info:    Font shape `OT1/ptm/bx/n' in size <6> not available
(Font)              Font shape `OT1/ptm/b/n' tried instead on input line 107.

Underfull \hbox (badness 2318) in paragraph at lines 147--148
[] \OT1/ptm/m/n/10 De-ter-mine the cor-re-spond-ing lo-cal
 []


Underfull \hbox (badness 1107) in paragraph at lines 163--164
[] \OT1/ptm/m/n/10 Al-ter lo-cal lead-ers in each pop-u-la-tion
 []

LaTeX Font Info:    Font shape `OMS/ptm/m/n' in size <10> not available
(Font)              Font shape `OMS/pzccm/m/n' tried instead on input line 176.


LaTeX Warning: Command \textless invalid in math mode on input line 178.

LaTeX Font Info:    Try loading font information for OML+ptm on input line 178.

(/usr/share/texlive/texmf-dist/tex/latex/psnfss/omlptm.fd
File: omlptm.fd 
)
LaTeX Font Info:    Font shape `OML/ptm/m/n' in size <10> not available
(Font)              Font shape `OML/cmm/m/it' tried instead on input line 178.


LaTeX Warning: Command \textless invalid in math mode on input line 178.

[2 <./images/contourDE.png>]
Underfull \hbox (badness 10000) in paragraph at lines 202--203

 []

<images/contourDL.png, id=63, 935.495pt x 722.7pt>
File: images/contourDL.png Graphic file (type png)
 <use images/contourDL.png>
Package pdftex.def Info: images/contourDL.png used on input line 242.
(pdftex.def)             Requested size: 224.52338pt x 173.45154pt.

Overfull \hbox (11.10895pt too wide) in paragraph at lines 242--244
[][] 
 []

LaTeX Font Info:    Font shape `OT1/ptm/bx/n' in size <9> not available
(Font)              Font shape `OT1/ptm/b/n' tried instead on input line 244.
LaTeX Font Info:    Font shape `OT1/ptm/bx/n' in size <7> not available
(Font)              Font shape `OT1/ptm/b/n' tried instead on input line 244.
LaTeX Font Info:    Font shape `OT1/ptm/bx/n' in size <5> not available
(Font)              Font shape `OT1/ptm/b/n' tried instead on input line 244.

Underfull \hbox (badness 1142) in paragraph at lines 249--262
\OML/ptmcm/m/it/10 x[]$ \OT1/ptm/m/n/10 is the cur-rent po-si-tion of the in-di
-vid-ual for
 []


Underfull \hbox (badness 1158) in paragraph at lines 249--262
\OML/ptmcm/m/it/10 u[]$ \OT1/ptm/m/n/10 is the in-ter-me-di-ate trial vec-tor o
f the cur-rent
 []


Underfull \hbox (badness 10000) in paragraph at lines 249--262

 []

[3 <./images/contourDL.png>]
LaTeX Font Info:    Font shape `OT1/ptm/bx/n' in size <12> not available
(Font)              Font shape `OT1/ptm/b/n' tried instead on input line 266.


LaTeX Warning: Command \textless invalid in math mode on input line 272.


LaTeX Warning: Command \textless invalid in math mode on input line 272.

(./paramsTable.tex) (./table2.tex
Overfull \hbox (1.97542pt too wide) in paragraph at lines 73--73
[]\OT1/ptm/m/n/10 100.001508| 
 []


Overfull \hbox (1.97542pt too wide) in paragraph at lines 73--73
[]\OT1/ptm/m/n/10 4334.43848| 
 []


Overfull \hbox (1.97542pt too wide) in paragraph at lines 73--73
[]\OT1/ptm/m/n/10 100.001338| 
 []


Overfull \hbox (1.97542pt too wide) in paragraph at lines 73--73
[]\OT1/ptm/m/n/10 100.056201| 
 []


Overfull \hbox (1.97542pt too wide) in paragraph at lines 73--73
[]\OT1/ptm/m/n/10 364.295574| 
 []


Overfull \hbox (1.97542pt too wide) in paragraph at lines 73--73
[]\OT1/ptm/m/n/10 4236.36321| 
 []


Overfull \hbox (1.97542pt too wide) in paragraph at lines 73--73
[]\OT1/ptm/m/n/10 40412441.0| 
 []


Overfull \hbox (2.05525pt too wide) in paragraph at lines 73--73
[]\OT1/ptm/m/n/10 5.1296e+19| 
 []


Overfull \hbox (4.47542pt too wide) in paragraph at lines 73--73
[]\OT1/ptm/m/n/10 1535352368| 
 []


Overfull \hbox (7.05525pt too wide) in paragraph at lines 73--73
[]\OT1/ptm/m/n/10 9.59068e+11| 
 []


Overfull \hbox (1.97542pt too wide) in paragraph at lines 73--73
[]\OT1/ptm/m/n/10 17926.8728| 
 []


Overfull \hbox (1.97542pt too wide) in paragraph at lines 73--73
[]\OT1/ptm/m/n/10 22131.5427| 
 []


Overfull \hbox (1.97542pt too wide) in paragraph at lines 73--73
[]\OT1/ptm/m/n/10 69304.9261| 
 []


Overfull \hbox (1.97542pt too wide) in paragraph at lines 73--73
[]\OT1/ptm/m/n/10 74080.7004| 
 []


Overfull \hbox (1.97542pt too wide) in paragraph at lines 73--73
[]\OT1/ptm/m/n/10 15792.5475| 
 []


Overfull \hbox (1.97542pt too wide) in paragraph at lines 73--73
[]\OT1/ptm/m/n/10 21683.2090| 
 []


Overfull \hbox (1.97542pt too wide) in paragraph at lines 73--73
[]\OT1/ptm/b/n/10 3679.81159| 
 []


Overfull \hbox (1.97542pt too wide) in paragraph at lines 73--73
[]\OT1/ptm/b/n/10 8999.94726| 
 []


Overfull \hbox (1.97542pt too wide) in paragraph at lines 73--73
[]\OT1/ptm/m/n/10 481.255055| 
 []


Overfull \hbox (1.97542pt too wide) in paragraph at lines 73--73
[]\OT1/ptm/m/n/10 519.422652| 
 []


Overfull \hbox (1.97542pt too wide) in paragraph at lines 73--73
[]\OT1/ptm/m/n/10 403.633939| 
 []


Overfull \hbox (1.97542pt too wide) in paragraph at lines 73--73
[]\OT1/ptm/b/n/10 442.206911| 
 []


Overfull \hbox (1.97542pt too wide) in paragraph at lines 73--73
[]\OT1/ptm/m/n/10 468.341175| 
 []


Overfull \hbox (1.97542pt too wide) in paragraph at lines 73--73
[]\OT1/ptm/m/n/10 479.341966| 
 []


Overfull \hbox (1.97542pt too wide) in paragraph at lines 73--73
[]\OT1/ptm/b/n/10 400.004163| 
 []


Overfull \hbox (1.97542pt too wide) in paragraph at lines 73--73
[]\OT1/ptm/m/n/10 443.016156| 
 []


Overfull \hbox (1.97542pt too wide) in paragraph at lines 73--73
[]\OT1/ptm/m/n/10 689.041352| 
 []


Overfull \hbox (1.97542pt too wide) in paragraph at lines 73--73
[]\OT1/ptm/b/n/10 735.204027| 
 []


Overfull \hbox (1.97542pt too wide) in paragraph at lines 73--73
[]\OT1/ptm/m/n/10 715.904429| 
 []


Overfull \hbox (1.97542pt too wide) in paragraph at lines 73--73
[]\OT1/ptm/m/n/10 746.548906| 
 []


Overfull \hbox (1.97542pt too wide) in paragraph at lines 73--73
[]\OT1/ptm/m/n/10 738.842184| 
 []


Overfull \hbox (1.97542pt too wide) in paragraph at lines 73--73
[]\OT1/ptm/b/n/10 643.626307| 
 []


Overfull \hbox (1.97542pt too wide) in paragraph at lines 73--73
[]\OT1/ptm/m/n/10 652.582714| 
 []


Overfull \hbox (1.97542pt too wide) in paragraph at lines 73--73
[]\OT1/ptm/m/n/10 655.142819| 
 []


Overfull \hbox (1.97542pt too wide) in paragraph at lines 73--73
[]\OT1/ptm/m/n/10 642.724237| 
 []


Overfull \hbox (1.97542pt too wide) in paragraph at lines 73--73
[]\OT1/ptm/m/n/10 655.106996| 
 []


Overfull \hbox (1.97542pt too wide) in paragraph at lines 73--73
[]\OT1/ptm/m/n/10 644.701241| 
 []


Overfull \hbox (1.97542pt too wide) in paragraph at lines 73--73
[]\OT1/ptm/b/n/10 652.002395| 
 []


Overfull \hbox (1.97542pt too wide) in paragraph at lines 73--73
[]\OT1/ptm/m/n/10 883.347367| 
 []


Overfull \hbox (1.97542pt too wide) in paragraph at lines 73--73
[]\OT1/ptm/m/n/10 962.591129| 
 []


Overfull \hbox (1.97542pt too wide) in paragraph at lines 73--73
[]\OT1/ptm/b/n/10 779.907693| 
 []


Overfull \hbox (1.97542pt too wide) in paragraph at lines 73--73
[]\OT1/ptm/b/n/10 818.344111| 
 []


Overfull \hbox (1.97542pt too wide) in paragraph at lines 73--73
[]\OT1/ptm/m/n/10 790.014281| 
 []


Overfull \hbox (1.97542pt too wide) in paragraph at lines 73--73
[]\OT1/ptm/m/n/10 854.285524| 
 []


Overfull \hbox (1.97542pt too wide) in paragraph at lines 73--73
[]\OT1/ptm/m/n/10 812.923573| 
 []


Overfull \hbox (1.97542pt too wide) in paragraph at lines 73--73
[]\OT1/ptm/m/n/10 967.251501| 
 []


Overfull \hbox (1.97542pt too wide) in paragraph at lines 73--73
[]\OT1/ptm/m/n/10 931.500175| 
 []


Overfull \hbox (1.97542pt too wide) in paragraph at lines 73--73
[]\OT1/ptm/b/n/10 957.362003| 
 []


Overfull \hbox (1.97542pt too wide) in paragraph at lines 73--73
[]\OT1/ptm/b/n/10 915.414882| 
 []


Overfull \hbox (1.97542pt too wide) in paragraph at lines 73--73
[]\OT1/ptm/m/n/10 960.486239| 
 []


Overfull \hbox (1.97542pt too wide) in paragraph at lines 73--73
[]\OT1/ptm/m/n/10 930.288539| 
 []


Overfull \hbox (1.97542pt too wide) in paragraph at lines 73--73
[]\OT1/ptm/m/n/10 5652.48396| 
 []


Overfull \hbox (1.97542pt too wide) in paragraph at lines 73--73
[]\OT1/ptm/m/n/10 7878.78144| 
 []


Overfull \hbox (1.97542pt too wide) in paragraph at lines 73--73
[]\OT1/ptm/m/n/10 4953.05469| 
 []


Overfull \hbox (1.97542pt too wide) in paragraph at lines 73--73
[]\OT1/ptm/m/n/10 5146.60095| 
 []


Overfull \hbox (1.97542pt too wide) in paragraph at lines 73--73
[]\OT1/ptm/m/n/10 6018.41719| 
 []


Overfull \hbox (1.97542pt too wide) in paragraph at lines 73--73
[]\OT1/ptm/m/n/10 9042.41018| 
 []


Overfull \hbox (1.97542pt too wide) in paragraph at lines 73--73
[]\OT1/ptm/b/n/10 4003.11807| 
 []


Overfull \hbox (1.97542pt too wide) in paragraph at lines 73--73
[]\OT1/ptm/b/n/10 4734.98436| 
 []


Overfull \hbox (1.97542pt too wide) in paragraph at lines 73--73
[]\OT1/ptm/b/n/10 3596.63104| 
 []


Overfull \hbox (1.97542pt too wide) in paragraph at lines 73--73
[]\OT1/ptm/m/n/10 4536.98976| 
 []


Overfull \hbox (1.97542pt too wide) in paragraph at lines 73--73
[]\OT1/ptm/m/n/10 4012.72329| 
 []


Overfull \hbox (1.97542pt too wide) in paragraph at lines 73--73
[]\OT1/ptm/b/n/10 4204.18969| 
 []


Overfull \hbox (1.97542pt too wide) in paragraph at lines 73--73
[]\OT1/ptm/m/n/10 3934.60671| 
 []


Overfull \hbox (1.97542pt too wide) in paragraph at lines 73--73
[]\OT1/ptm/m/n/10 4863.74111| 
 []


Overfull \hbox (1.97542pt too wide) in paragraph at lines 73--73
[]\OT1/ptm/m/n/10 3793.78177| 
 []


Overfull \hbox (1.97542pt too wide) in paragraph at lines 73--73
[]\OT1/ptm/m/n/10 4346.74134| 
 []


Overfull \hbox (1.97542pt too wide) in paragraph at lines 73--73
[]\OT1/ptm/m/n/10 1162.40596| 
 []


Overfull \hbox (1.97542pt too wide) in paragraph at lines 73--73
[]\OT1/ptm/m/n/10 1184.63401| 
 []


Overfull \hbox (1.97542pt too wide) in paragraph at lines 73--73
[]\OT1/ptm/m/n/10 1152.74853| 
 []


Overfull \hbox (1.97542pt too wide) in paragraph at lines 73--73
[]\OT1/ptm/m/n/10 1174.58813| 
 []


Overfull \hbox (1.97542pt too wide) in paragraph at lines 73--73
[]\OT1/ptm/m/n/10 1165.14499| 
 []


Overfull \hbox (1.97542pt too wide) in paragraph at lines 73--73
[]\OT1/ptm/m/n/10 1189.17178| 
 []


Overfull \hbox (1.97542pt too wide) in paragraph at lines 73--73
[]\OT1/ptm/b/n/10 1149.74849| 
 []


Overfull \hbox (1.97542pt too wide) in paragraph at lines 73--73
[]\OT1/ptm/b/n/10 1171.13041| 
 []


Overfull \hbox (1.97542pt too wide) in paragraph at lines 73--73
[]\OT1/ptm/m/n/10 56679.4351| 
 []


Overfull \hbox (1.97542pt too wide) in paragraph at lines 73--73
[]\OT1/ptm/m/n/10 317650.613| 
 []


Overfull \hbox (1.97542pt too wide) in paragraph at lines 73--73
[]\OT1/ptm/m/n/10 24821.1717| 
 []


Overfull \hbox (1.97542pt too wide) in paragraph at lines 73--73
[]\OT1/ptm/m/n/10 58930.0902| 
 []


Overfull \hbox (1.97542pt too wide) in paragraph at lines 73--73
[]\OT1/ptm/m/n/10 10221.0774| 
 []


Overfull \hbox (1.97542pt too wide) in paragraph at lines 73--73
[]\OT1/ptm/m/n/10 161046.055| 
 []


Overfull \hbox (1.97542pt too wide) in paragraph at lines 73--73
[]\OT1/ptm/b/n/10 9208.28924| 
 []


Overfull \hbox (1.97542pt too wide) in paragraph at lines 73--73
[]\OT1/ptm/b/n/10 41947.2226| 
 []


Overfull \hbox (1.97542pt too wide) in paragraph at lines 73--73
[]\OT1/ptm/m/n/10 3002.02949| 
 []


Overfull \hbox (1.97542pt too wide) in paragraph at lines 73--73
[]\OT1/ptm/m/n/10 18794.8359| 
 []


Overfull \hbox (1.97542pt too wide) in paragraph at lines 73--73
[]\OT1/ptm/m/n/10 4276.90774| 
 []


Overfull \hbox (1.97542pt too wide) in paragraph at lines 73--73
[]\OT1/ptm/m/n/10 13775.8162| 
 []


Overfull \hbox (1.97542pt too wide) in paragraph at lines 73--73
[]\OT1/ptm/m/n/10 3871.27983| 
 []


Overfull \hbox (1.97542pt too wide) in paragraph at lines 73--73
[]\OT1/ptm/m/n/10 10612.2635| 
 []


Overfull \hbox (1.97542pt too wide) in paragraph at lines 73--73
[]\OT1/ptm/b/n/10 1664.06241| 
 []


Overfull \hbox (1.97542pt too wide) in paragraph at lines 73--73
[]\OT1/ptm/b/n/10 2453.60697| 
 []


Overfull \hbox (1.97542pt too wide) in paragraph at lines 73--73
[]\OT1/ptm/m/n/10 1773.18079| 
 []


Overfull \hbox (1.97542pt too wide) in paragraph at lines 73--73
[]\OT1/ptm/m/n/10 5502.16038| 
 []


Overfull \hbox (1.97542pt too wide) in paragraph at lines 73--73
[]\OT1/ptm/m/n/10 1496.21986| 
 []


Overfull \hbox (1.97542pt too wide) in paragraph at lines 73--73
[]\OT1/ptm/m/n/10 42868.9158| 
 []


Overfull \hbox (1.97542pt too wide) in paragraph at lines 73--73
[]\OT1/ptm/m/n/10 1555.45276| 
 []


Overfull \hbox (1.97542pt too wide) in paragraph at lines 73--73
[]\OT1/ptm/m/n/10 4029.80853| 
 []


Overfull \hbox (1.97542pt too wide) in paragraph at lines 73--73
[]\OT1/ptm/b/n/10 1462.92685| 
 []


Overfull \hbox (1.97542pt too wide) in paragraph at lines 73--73
[]\OT1/ptm/b/n/10 1504.19151| 
 []


Overfull \hbox (1.97542pt too wide) in paragraph at lines 73--73
[]\OT1/ptm/m/n/10 1860.43566| 
 []


Overfull \hbox (1.97542pt too wide) in paragraph at lines 73--73
[]\OT1/ptm/m/n/10 2484.68996| 
 []


Overfull \hbox (1.97542pt too wide) in paragraph at lines 73--73
[]\OT1/ptm/m/n/10 1688.05046| 
 []


Overfull \hbox (1.97542pt too wide) in paragraph at lines 73--73
[]\OT1/ptm/m/n/10 2222.67432| 
 []


Overfull \hbox (1.97542pt too wide) in paragraph at lines 73--73
[]\OT1/ptm/m/n/10 1651.74747| 
 []


Overfull \hbox (1.97542pt too wide) in paragraph at lines 73--73
[]\OT1/ptm/m/n/10 2223.06054| 
 []


Overfull \hbox (1.97542pt too wide) in paragraph at lines 73--73
[]\OT1/ptm/b/n/10 1611.07440| 
 []


Overfull \hbox (1.97542pt too wide) in paragraph at lines 73--73
[]\OT1/ptm/b/n/10 1852.66177| 
 []


Overfull \hbox (1.97542pt too wide) in paragraph at lines 73--73
[]\OT1/ptm/m/n/10 2517.43962| 
 []


Overfull \hbox (1.97542pt too wide) in paragraph at lines 73--73
[]\OT1/ptm/m/n/10 2827.00496| 
 []


Overfull \hbox (1.97542pt too wide) in paragraph at lines 73--73
[]\OT1/ptm/m/n/10 2344.19818| 
 []


Overfull \hbox (1.97542pt too wide) in paragraph at lines 73--73
[]\OT1/ptm/m/n/10 2621.61868| 
 []


Overfull \hbox (1.97542pt too wide) in paragraph at lines 73--73
[]\OT1/ptm/b/n/10 2239.24272| 
 []


Overfull \hbox (1.97542pt too wide) in paragraph at lines 73--73
[]\OT1/ptm/b/n/10 2664.11466| 
 []


Overfull \hbox (1.97542pt too wide) in paragraph at lines 73--73
[]\OT1/ptm/m/n/10 2298.04196| 
 []


Overfull \hbox (1.97542pt too wide) in paragraph at lines 73--73
[]\OT1/ptm/m/n/10 2691.67481| 
 []


Overfull \hbox (1.97542pt too wide) in paragraph at lines 73--73
[]\OT1/ptm/m/n/10 2321.17594| 
 []


Overfull \hbox (1.97542pt too wide) in paragraph at lines 73--73
[]\OT1/ptm/m/n/10 2604.52977| 
 []


Overfull \hbox (1.97542pt too wide) in paragraph at lines 73--73
[]\OT1/ptm/m/n/10 2062.89802| 
 []


Overfull \hbox (1.97542pt too wide) in paragraph at lines 73--73
[]\OT1/ptm/m/n/10 2546.99559| 
 []


Overfull \hbox (1.97542pt too wide) in paragraph at lines 73--73
[]\OT1/ptm/m/n/10 2107.43677| 
 []


Overfull \hbox (1.97542pt too wide) in paragraph at lines 73--73
[]\OT1/ptm/m/n/10 2457.34021| 
 []


Overfull \hbox (1.97542pt too wide) in paragraph at lines 73--73
[]\OT1/ptm/b/n/10 1820.80664| 
 []


Overfull \hbox (1.97542pt too wide) in paragraph at lines 73--73
[]\OT1/ptm/b/n/10 2418.72383| 
 []


Overfull \hbox (1.97542pt too wide) in paragraph at lines 73--73
[]\OT1/ptm/m/n/10 38987.2824| 
 []


Overfull \hbox (1.97542pt too wide) in paragraph at lines 73--73
[]\OT1/ptm/m/n/10 94156.3285| 
 []


Overfull \hbox (1.97542pt too wide) in paragraph at lines 73--73
[]\OT1/ptm/b/n/10 11841.6081| 
 []


Overfull \hbox (1.97542pt too wide) in paragraph at lines 73--73
[]\OT1/ptm/m/n/10 184888.162| 
 []


Overfull \hbox (1.97542pt too wide) in paragraph at lines 73--73
[]\OT1/ptm/m/n/10 62294.8532| 
 []


Overfull \hbox (1.97542pt too wide) in paragraph at lines 73--73
[]\OT1/ptm/m/n/10 118430.289| 
 []


Overfull \hbox (1.97542pt too wide) in paragraph at lines 73--73
[]\OT1/ptm/m/n/10 12578.0037| 
 []


Overfull \hbox (1.97542pt too wide) in paragraph at lines 73--73
[]\OT1/ptm/b/n/10 23024.1119| 
 []


Overfull \hbox (1.97542pt too wide) in paragraph at lines 73--73
[]\OT1/ptm/m/n/10 2043.46988| 
 []


Overfull \hbox (1.97542pt too wide) in paragraph at lines 73--73
[]\OT1/ptm/m/n/10 3010.23537| 
 []


Overfull \hbox (1.97542pt too wide) in paragraph at lines 73--73
[]\OT1/ptm/m/n/10 1959.71819| 
 []


Overfull \hbox (1.97542pt too wide) in paragraph at lines 73--73
[]\OT1/ptm/m/n/10 2156.95787| 
 []


Overfull \hbox (1.97542pt too wide) in paragraph at lines 73--73
[]\OT1/ptm/m/n/10 3049.52231| 
 []


Overfull \hbox (1.97542pt too wide) in paragraph at lines 73--73
[]\OT1/ptm/m/n/10 6840.40839| 
 []


Overfull \hbox (1.97542pt too wide) in paragraph at lines 73--73
[]\OT1/ptm/b/n/10 1949.27171| 
 []


Overfull \hbox (1.97542pt too wide) in paragraph at lines 73--73
[]\OT1/ptm/b/n/10 1987.86676| 
 []


Overfull \hbox (1.97542pt too wide) in paragraph at lines 73--73
[]\OT1/ptm/m/n/10 2625.53915| 
 []


Overfull \hbox (1.97542pt too wide) in paragraph at lines 73--73
[]\OT1/ptm/m/n/10 2864.83261| 
 []


Overfull \hbox (1.97542pt too wide) in paragraph at lines 73--73
[]\OT1/ptm/b/n/10 2706.31444| 
 []


Overfull \hbox (1.97542pt too wide) in paragraph at lines 73--73
[]\OT1/ptm/b/n/10 2805.60006| 
 []


Overfull \hbox (1.97542pt too wide) in paragraph at lines 73--73
[]\OT1/ptm/m/n/10 2619.99649| 
 []


Overfull \hbox (1.97542pt too wide) in paragraph at lines 73--73
[]\OT1/ptm/m/n/10 2895.10724| 
 []


Overfull \hbox (1.97542pt too wide) in paragraph at lines 73--73
[]\OT1/ptm/m/n/10 2753.80621| 
 []


Overfull \hbox (1.97542pt too wide) in paragraph at lines 73--73
[]\OT1/ptm/m/n/10 2966.03579| 
 []


Overfull \hbox (1.97542pt too wide) in paragraph at lines 73--73
[]\OT1/ptm/m/n/10 2412.08175| 
 []


Overfull \hbox (1.97542pt too wide) in paragraph at lines 73--73
[]\OT1/ptm/m/n/10 2504.77777| 
 []


Overfull \hbox (1.97542pt too wide) in paragraph at lines 73--73
[]\OT1/ptm/m/n/10 2414.52134| 
 []


Overfull \hbox (1.97542pt too wide) in paragraph at lines 73--73
[]\OT1/ptm/m/n/10 2456.71898| 
 []


Overfull \hbox (1.97542pt too wide) in paragraph at lines 73--73
[]\OT1/ptm/m/n/10 2431.74029| 
 []


Overfull \hbox (1.97542pt too wide) in paragraph at lines 73--73
[]\OT1/ptm/m/n/10 2478.84135| 
 []


Overfull \hbox (1.97542pt too wide) in paragraph at lines 73--73
[]\OT1/ptm/b/n/10 2442.73431| 
 []


Overfull \hbox (1.97542pt too wide) in paragraph at lines 73--73
[]\OT1/ptm/m/n/10 2300.48179| 
 []


Overfull \hbox (1.97542pt too wide) in paragraph at lines 73--73
[]\OT1/ptm/m/n/10 5655.56932| 
 []


Overfull \hbox (1.97542pt too wide) in paragraph at lines 73--73
[]\OT1/ptm/b/n/10 4157.69878| 
 []


Overfull \hbox (1.97542pt too wide) in paragraph at lines 73--73
[]\OT1/ptm/m/n/10 2307.72135| 
 []


Overfull \hbox (1.97542pt too wide) in paragraph at lines 73--73
[]\OT1/ptm/m/n/10 6811.06916| 
 []


Overfull \hbox (1.97542pt too wide) in paragraph at lines 73--73
[]\OT1/ptm/m/n/10 2300.00998| 
 []


Overfull \hbox (1.97542pt too wide) in paragraph at lines 73--73
[]\OT1/ptm/m/n/10 6795.24842| 
 []


Overfull \hbox (1.97542pt too wide) in paragraph at lines 73--73
[]\OT1/ptm/m/n/10 3050.65450| 
 []


Overfull \hbox (1.97542pt too wide) in paragraph at lines 73--73
[]\OT1/ptm/m/n/10 3572.96506| 
 []


Overfull \hbox (1.97542pt too wide) in paragraph at lines 73--73
[]\OT1/ptm/b/n/10 2772.00202| 
 []


Overfull \hbox (1.97542pt too wide) in paragraph at lines 73--73
[]\OT1/ptm/b/n/10 2946.74932| 
 []


Overfull \hbox (1.97542pt too wide) in paragraph at lines 73--73
[]\OT1/ptm/m/n/10 2764.92246| 
 []


Overfull \hbox (1.97542pt too wide) in paragraph at lines 73--73
[]\OT1/ptm/m/n/10 3199.87436| 
 []


Overfull \hbox (1.97542pt too wide) in paragraph at lines 73--73
[]\OT1/ptm/m/n/10 2883.27689| 
 []


Overfull \hbox (1.97542pt too wide) in paragraph at lines 73--73
[]\OT1/ptm/m/n/10 3543.83934| 
 []


Overfull \hbox (1.97542pt too wide) in paragraph at lines 73--73
[]\OT1/ptm/m/n/10 3104.62369| 
 []


Overfull \hbox (1.97542pt too wide) in paragraph at lines 73--73
[]\OT1/ptm/m/n/10 3290.69875| 
 []


Overfull \hbox (1.97542pt too wide) in paragraph at lines 73--73
[]\OT1/ptm/m/n/10 2891.55764| 
 []


Overfull \hbox (1.97542pt too wide) in paragraph at lines 73--73
[]\OT1/ptm/m/n/10 2965.22556| 
 []


Overfull \hbox (1.97542pt too wide) in paragraph at lines 73--73
[]\OT1/ptm/b/n/10 2911.63347| 
 []


Overfull \hbox (1.97542pt too wide) in paragraph at lines 73--73
[]\OT1/ptm/m/n/10 2983.77293| 
 []


Overfull \hbox (1.97542pt too wide) in paragraph at lines 73--73
[]\OT1/ptm/m/n/10 2940.75997| 
 []


Overfull \hbox (1.97542pt too wide) in paragraph at lines 73--73
[]\OT1/ptm/m/n/10 2916.18065| 
 []


Overfull \hbox (1.97542pt too wide) in paragraph at lines 73--73
[]\OT1/ptm/m/n/10 2946.71175| 
 []


Overfull \hbox (1.97542pt too wide) in paragraph at lines 73--73
[]\OT1/ptm/m/n/10 2875.10684| 
 []


Overfull \hbox (1.97542pt too wide) in paragraph at lines 73--73
[]\OT1/ptm/m/n/10 2881.09138| 
 []


Overfull \hbox (1.97542pt too wide) in paragraph at lines 73--73
[]\OT1/ptm/m/n/10 2875.49884| 
 []


Overfull \hbox (1.97542pt too wide) in paragraph at lines 73--73
[]\OT1/ptm/m/n/10 2889.94367| 
 []


Overfull \hbox (1.97542pt too wide) in paragraph at lines 73--73
[]\OT1/ptm/b/n/10 2874.17111| 
 []


Overfull \hbox (1.97542pt too wide) in paragraph at lines 73--73
[]\OT1/ptm/b/n/10 2877.48490| 
 []


Overfull \hbox (1.97542pt too wide) in paragraph at lines 73--73
[]\OT1/ptm/m/n/10 4043.69140| 
 []


Overfull \hbox (1.97542pt too wide) in paragraph at lines 73--73
[]\OT1/ptm/b/n/10 3266.51098| 
 []


Overfull \hbox (1.97542pt too wide) in paragraph at lines 73--73
[]\OT1/ptm/b/n/10 2800.00780| 
 []


Overfull \hbox (1.97542pt too wide) in paragraph at lines 73--73
[]\OT1/ptm/m/n/10 3273.12876| 
 []


Overfull \hbox (1.97542pt too wide) in paragraph at lines 73--73
[]\OT1/ptm/m/n/10 3298.49053| 
 []


Overfull \hbox (1.97542pt too wide) in paragraph at lines 73--73
[]\OT1/ptm/m/n/10 3200.00585| 
 []


Overfull \hbox (1.97542pt too wide) in paragraph at lines 73--73
[]\OT1/ptm/m/n/10 3998.87649| 
 []


Overfull \hbox (1.97542pt too wide) in paragraph at lines 73--73
[]\OT1/ptm/m/n/10 3145.81035| 
 []


Overfull \hbox (1.97542pt too wide) in paragraph at lines 73--73
[]\OT1/ptm/b/n/10 3189.82261| 
 []


Overfull \hbox (1.97542pt too wide) in paragraph at lines 73--73
[]\OT1/ptm/m/n/10 3145.42523| 
 []


Overfull \hbox (1.97542pt too wide) in paragraph at lines 73--73
[]\OT1/ptm/m/n/10 3639.63413| 
 []


Overfull \hbox (1.97542pt too wide) in paragraph at lines 73--73
[]\OT1/ptm/b/n/10 3132.81628| 
 []


Overfull \hbox (1.97542pt too wide) in paragraph at lines 73--73
[]\OT1/ptm/m/n/10 3284.28897| 
 []


Overfull \hbox (1.97542pt too wide) in paragraph at lines 73--73
[]\OT1/ptm/m/n/10 3290.74402| 
 []


Overfull \hbox (1.97542pt too wide) in paragraph at lines 73--73
[]\OT1/ptm/m/n/10 3326.26398| 
 []


Overfull \hbox (1.97542pt too wide) in paragraph at lines 73--73
[]\OT1/ptm/m/n/10 3131.02731| 
 []


Overfull \hbox (1.97542pt too wide) in paragraph at lines 73--73
[]\OT1/ptm/m/n/10 3195.48683| 
 []


Overfull \hbox (1.97542pt too wide) in paragraph at lines 73--73
[]\OT1/ptm/m/n/10 3225.59405| 
 []


Overfull \hbox (1.97542pt too wide) in paragraph at lines 73--73
[]\OT1/ptm/b/n/10 3115.50582| 
 []


Overfull \hbox (1.97542pt too wide) in paragraph at lines 73--73
[]\OT1/ptm/m/n/10 3720.31459| 
 []


Overfull \hbox (1.97542pt too wide) in paragraph at lines 73--73
[]\OT1/ptm/m/n/10 4115.18580| 
 []


Overfull \hbox (1.97542pt too wide) in paragraph at lines 73--73
[]\OT1/ptm/b/n/10 3305.31013| 
 []


Overfull \hbox (1.97542pt too wide) in paragraph at lines 73--73
[]\OT1/ptm/b/n/10 3626.88755| 
 []


Overfull \hbox (1.97542pt too wide) in paragraph at lines 73--73
[]\OT1/ptm/m/n/10 3535.95229| 
 []


Overfull \hbox (1.97542pt too wide) in paragraph at lines 73--73
[]\OT1/ptm/m/n/10 3867.59306| 
 []


Overfull \hbox (1.97542pt too wide) in paragraph at lines 73--73
[]\OT1/ptm/m/n/10 3352.84505| 
 []


Overfull \hbox (1.97542pt too wide) in paragraph at lines 73--73
[]\OT1/ptm/m/n/10 3709.10237| 
 []


Overfull \hbox (1.97542pt too wide) in paragraph at lines 73--73
[]\OT1/ptm/m/n/10 3359.03076| 
 []


Overfull \hbox (1.97542pt too wide) in paragraph at lines 73--73
[]\OT1/ptm/m/n/10 3900.82666| 
 []


Overfull \hbox (1.97542pt too wide) in paragraph at lines 73--73
[]\OT1/ptm/b/n/10 3263.49653| 
 []


Overfull \hbox (1.97542pt too wide) in paragraph at lines 73--73
[]\OT1/ptm/m/n/10 3749.61072| 
 []


Overfull \hbox (1.97542pt too wide) in paragraph at lines 73--73
[]\OT1/ptm/m/n/10 3312.63502| 
 []


Overfull \hbox (1.97542pt too wide) in paragraph at lines 73--73
[]\OT1/ptm/m/n/10 3524.71447| 
 []


Overfull \hbox (1.97542pt too wide) in paragraph at lines 73--73
[]\OT1/ptm/m/n/10 3298.70464| 
 []


Overfull \hbox (1.97542pt too wide) in paragraph at lines 73--73
[]\OT1/ptm/b/n/10 3421.71532| 
 []

) (./table3.tex
Overfull \hbox (1.97542pt too wide) in paragraph at lines 73--73
[]\OT1/ptm/m/n/10 5884574.87| 
 []


Overfull \hbox (6.97542pt too wide) in paragraph at lines 73--73
[]\OT1/ptm/m/n/10 367294248.5| 
 []


Overfull \hbox (1.97542pt too wide) in paragraph at lines 73--73
[]\OT1/ptm/m/n/10 136.072384| 
 []


Overfull \hbox (1.97542pt too wide) in paragraph at lines 73--73
[]\OT1/ptm/m/n/10 3708.75086| 
 []


Overfull \hbox (1.97542pt too wide) in paragraph at lines 73--73
[]\OT1/ptm/m/n/10 5811.21899| 
 []


Overfull \hbox (1.97542pt too wide) in paragraph at lines 73--73
[]\OT1/ptm/m/n/10 154233.646| 
 []


Overfull \hbox (1.97542pt too wide) in paragraph at lines 73--73
[]\OT1/ptm/b/n/10 106.072862| 
 []


Overfull \hbox (1.97542pt too wide) in paragraph at lines 73--73
[]\OT1/ptm/b/n/10 3665.41927| 
 []


Overfull \hbox (2.05525pt too wide) in paragraph at lines 73--73
[]\OT1/ptm/m/n/10 4.7181e+24| 
 []


Overfull \hbox (2.05525pt too wide) in paragraph at lines 73--73
[]\OT1/ptm/m/n/10 3.3649e+44| 
 []


Overfull \hbox (2.1153pt too wide) in paragraph at lines 73--73
[]\OT1/ptm/b/n/10 5.0237e+26| 
 []


Overfull \hbox (2.05525pt too wide) in paragraph at lines 73--73
[]\OT1/ptm/m/n/10 2.2121e+19| 
 []


Overfull \hbox (2.05525pt too wide) in paragraph at lines 73--73
[]\OT1/ptm/m/n/10 2.5445e+23| 
 []


Overfull \hbox (2.05525pt too wide) in paragraph at lines 73--73
[]\OT1/ptm/m/n/10 2.2799e+17| 
 []


Overfull \hbox (2.05525pt too wide) in paragraph at lines 73--73
[]\OT1/ptm/m/n/10 1.0072e+31| 
 []


Overfull \hbox (1.97542pt too wide) in paragraph at lines 73--73
[]\OT1/ptm/m/n/10 45520.9663| 
 []


Overfull \hbox (1.97542pt too wide) in paragraph at lines 73--73
[]\OT1/ptm/m/n/10 62237.2968| 
 []


Overfull \hbox (1.97542pt too wide) in paragraph at lines 73--73
[]\OT1/ptm/m/n/10 143481.793| 
 []


Overfull \hbox (1.97542pt too wide) in paragraph at lines 73--73
[]\OT1/ptm/m/n/10 156166.762| 
 []


Overfull \hbox (1.97542pt too wide) in paragraph at lines 73--73
[]\OT1/ptm/m/n/10 52308.4274| 
 []


Overfull \hbox (1.97542pt too wide) in paragraph at lines 73--73
[]\OT1/ptm/m/n/10 64435.2406| 
 []


Overfull \hbox (1.97542pt too wide) in paragraph at lines 73--73
[]\OT1/ptm/b/n/10 44613.2999| 
 []


Overfull \hbox (1.97542pt too wide) in paragraph at lines 73--73
[]\OT1/ptm/b/n/10 58182.8373| 
 []


Overfull \hbox (1.97542pt too wide) in paragraph at lines 73--73
[]\OT1/ptm/m/n/10 574.400328| 
 []


Overfull \hbox (1.97542pt too wide) in paragraph at lines 73--73
[]\OT1/ptm/m/n/10 801.384952| 
 []


Overfull \hbox (1.97542pt too wide) in paragraph at lines 73--73
[]\OT1/ptm/m/n/10 418.580378| 
 []


Overfull \hbox (1.97542pt too wide) in paragraph at lines 73--73
[]\OT1/ptm/m/n/10 470.113207| 
 []


Overfull \hbox (1.97542pt too wide) in paragraph at lines 73--73
[]\OT1/ptm/m/n/10 477.080964| 
 []


Overfull \hbox (1.97542pt too wide) in paragraph at lines 73--73
[]\OT1/ptm/m/n/10 574.528479| 
 []


Overfull \hbox (1.97542pt too wide) in paragraph at lines 73--73
[]\OT1/ptm/b/n/10 400.005049| 
 []


Overfull \hbox (1.97542pt too wide) in paragraph at lines 73--73
[]\OT1/ptm/b/n/10 447.775413| 
 []


Overfull \hbox (1.97542pt too wide) in paragraph at lines 73--73
[]\OT1/ptm/m/n/10 816.394775| 
 []


Overfull \hbox (1.97542pt too wide) in paragraph at lines 73--73
[]\OT1/ptm/m/n/10 843.258843| 
 []


Overfull \hbox (1.97542pt too wide) in paragraph at lines 73--73
[]\OT1/ptm/m/n/10 831.066954| 
 []


Overfull \hbox (1.97542pt too wide) in paragraph at lines 73--73
[]\OT1/ptm/m/n/10 791.405194| 
 []


Overfull \hbox (1.97542pt too wide) in paragraph at lines 73--73
[]\OT1/ptm/b/n/10 830.218472| 
 []


Overfull \hbox (1.97542pt too wide) in paragraph at lines 73--73
[]\OT1/ptm/m/n/10 655.794152| 
 []


Overfull \hbox (1.97542pt too wide) in paragraph at lines 73--73
[]\OT1/ptm/b/n/10 654.893828| 
 []


Overfull \hbox (1.97542pt too wide) in paragraph at lines 73--73
[]\OT1/ptm/m/n/10 653.291336| 
 []


Overfull \hbox (1.97542pt too wide) in paragraph at lines 73--73
[]\OT1/ptm/m/n/10 658.183613| 
 []


Overfull \hbox (1.97542pt too wide) in paragraph at lines 73--73
[]\OT1/ptm/m/n/10 656.060597| 
 []


Overfull \hbox (1.97542pt too wide) in paragraph at lines 73--73
[]\OT1/ptm/m/n/10 1109.02123| 
 []


Overfull \hbox (1.97542pt too wide) in paragraph at lines 73--73
[]\OT1/ptm/m/n/10 1263.03848| 
 []


Overfull \hbox (1.97542pt too wide) in paragraph at lines 73--73
[]\OT1/ptm/b/n/10 889.036574| 
 []


Overfull \hbox (1.97542pt too wide) in paragraph at lines 73--73
[]\OT1/ptm/m/n/10 915.153525| 
 []


Overfull \hbox (1.97542pt too wide) in paragraph at lines 73--73
[]\OT1/ptm/m/n/10 1047.43879| 
 []


Overfull \hbox (1.97542pt too wide) in paragraph at lines 73--73
[]\OT1/ptm/m/n/10 989.957862| 
 []


Overfull \hbox (1.97542pt too wide) in paragraph at lines 73--73
[]\OT1/ptm/m/n/10 1139.27892| 
 []


Overfull \hbox (1.97542pt too wide) in paragraph at lines 73--73
[]\OT1/ptm/b/n/10 1144.60474| 
 []


Overfull \hbox (1.97542pt too wide) in paragraph at lines 73--73
[]\OT1/ptm/b/n/10 1092.62639| 
 []


Overfull \hbox (1.97542pt too wide) in paragraph at lines 73--73
[]\OT1/ptm/m/n/10 1159.03235| 
 []


Overfull \hbox (1.97542pt too wide) in paragraph at lines 73--73
[]\OT1/ptm/m/n/10 22196.3878| 
 []


Overfull \hbox (1.97542pt too wide) in paragraph at lines 73--73
[]\OT1/ptm/m/n/10 29218.7759| 
 []


Overfull \hbox (1.97542pt too wide) in paragraph at lines 73--73
[]\OT1/ptm/m/n/10 11958.2800| 
 []


Overfull \hbox (1.97542pt too wide) in paragraph at lines 73--73
[]\OT1/ptm/b/n/10 13174.6623| 
 []


Overfull \hbox (1.97542pt too wide) in paragraph at lines 73--73
[]\OT1/ptm/m/n/10 24753.0405| 
 []


Overfull \hbox (1.97542pt too wide) in paragraph at lines 73--73
[]\OT1/ptm/m/n/10 32233.9545| 
 []


Overfull \hbox (1.97542pt too wide) in paragraph at lines 73--73
[]\OT1/ptm/b/n/10 10251.4763| 
 []


Overfull \hbox (1.97542pt too wide) in paragraph at lines 73--73
[]\OT1/ptm/m/n/10 14752.7168| 
 []


Overfull \hbox (1.97542pt too wide) in paragraph at lines 73--73
[]\OT1/ptm/m/n/10 6228.49289| 
 []


Overfull \hbox (1.97542pt too wide) in paragraph at lines 73--73
[]\OT1/ptm/m/n/10 7289.18367| 
 []


Overfull \hbox (1.97542pt too wide) in paragraph at lines 73--73
[]\OT1/ptm/m/n/10 6054.70769| 
 []


Overfull \hbox (1.97542pt too wide) in paragraph at lines 73--73
[]\OT1/ptm/m/n/10 6833.30631| 
 []


Overfull \hbox (1.97542pt too wide) in paragraph at lines 73--73
[]\OT1/ptm/m/n/10 6207.79530| 
 []


Overfull \hbox (1.97542pt too wide) in paragraph at lines 73--73
[]\OT1/ptm/m/n/10 7055.59523| 
 []


Overfull \hbox (1.97542pt too wide) in paragraph at lines 73--73
[]\OT1/ptm/b/n/10 6050.43437| 
 []


Overfull \hbox (1.97542pt too wide) in paragraph at lines 73--73
[]\OT1/ptm/b/n/10 6609.80456| 
 []


Overfull \hbox (1.97542pt too wide) in paragraph at lines 73--73
[]\OT1/ptm/m/n/10 1170.85860| 
 []


Overfull \hbox (1.97542pt too wide) in paragraph at lines 73--73
[]\OT1/ptm/m/n/10 1258.51763| 
 []


Overfull \hbox (1.97542pt too wide) in paragraph at lines 73--73
[]\OT1/ptm/m/n/10 1202.69485| 
 []


Overfull \hbox (1.97542pt too wide) in paragraph at lines 73--73
[]\OT1/ptm/m/n/10 1232.20426| 
 []


Overfull \hbox (1.97542pt too wide) in paragraph at lines 73--73
[]\OT1/ptm/m/n/10 1206.15456| 
 []


Overfull \hbox (1.97542pt too wide) in paragraph at lines 73--73
[]\OT1/ptm/m/n/10 1252.93954| 
 []


Overfull \hbox (1.97542pt too wide) in paragraph at lines 73--73
[]\OT1/ptm/m/n/10 677263.079| 
 []


Overfull \hbox (1.97542pt too wide) in paragraph at lines 73--73
[]\OT1/ptm/m/n/10 16987989.9| 
 []


Overfull \hbox (1.97542pt too wide) in paragraph at lines 73--73
[]\OT1/ptm/b/n/10 74784.6159| 
 []


Overfull \hbox (1.97542pt too wide) in paragraph at lines 73--73
[]\OT1/ptm/m/n/10 530814.648| 
 []


Overfull \hbox (1.97542pt too wide) in paragraph at lines 73--73
[]\OT1/ptm/m/n/10 584300.698| 
 []


Overfull \hbox (1.97542pt too wide) in paragraph at lines 73--73
[]\OT1/ptm/m/n/10 3448448.79| 
 []


Overfull \hbox (1.97542pt too wide) in paragraph at lines 73--73
[]\OT1/ptm/m/n/10 126908.215| 
 []


Overfull \hbox (1.97542pt too wide) in paragraph at lines 73--73
[]\OT1/ptm/b/n/10 494471.075| 
 []


Overfull \hbox (1.97542pt too wide) in paragraph at lines 73--73
[]\OT1/ptm/m/n/10 6005.53530| 
 []


Overfull \hbox (6.97542pt too wide) in paragraph at lines 73--73
[]\OT1/ptm/m/n/10 16893.94992| 
 []


Overfull \hbox (1.97542pt too wide) in paragraph at lines 73--73
[]\OT1/ptm/m/n/10 2041.48812| 
 []


Overfull \hbox (1.97542pt too wide) in paragraph at lines 73--73
[]\OT1/ptm/m/n/10 1572.25297| 
 []


Overfull \hbox (1.97542pt too wide) in paragraph at lines 73--73
[]\OT1/ptm/b/n/10 4301.82960| 
 []


Overfull \hbox (1.97542pt too wide) in paragraph at lines 73--73
[]\OT1/ptm/b/n/10 1484.76179| 
 []


Overfull \hbox (1.97542pt too wide) in paragraph at lines 73--73
[]\OT1/ptm/m/n/10 7760.05613| 
 []


Overfull \hbox (1.97542pt too wide) in paragraph at lines 73--73
[]\OT1/ptm/m/n/10 38490.5323| 
 []


Overfull \hbox (1.97542pt too wide) in paragraph at lines 73--73
[]\OT1/ptm/m/n/10 174367.450| 
 []


Overfull \hbox (1.97542pt too wide) in paragraph at lines 73--73
[]\OT1/ptm/b/n/10 2466.04705| 
 []


Overfull \hbox (1.97542pt too wide) in paragraph at lines 73--73
[]\OT1/ptm/m/n/10 238838.470| 
 []


Overfull \hbox (1.97542pt too wide) in paragraph at lines 73--73
[]\OT1/ptm/m/n/10 16327.4231| 
 []


Overfull \hbox (1.97542pt too wide) in paragraph at lines 73--73
[]\OT1/ptm/m/n/10 67939.0002| 
 []


Overfull \hbox (1.97542pt too wide) in paragraph at lines 73--73
[]\OT1/ptm/b/n/10 26290.3161| 
 []


Overfull \hbox (1.97542pt too wide) in paragraph at lines 73--73
[]\OT1/ptm/m/n/10 2278.14122| 
 []


Overfull \hbox (1.97542pt too wide) in paragraph at lines 73--73
[]\OT1/ptm/m/n/10 26989.2555| 
 []


Overfull \hbox (1.97542pt too wide) in paragraph at lines 73--73
[]\OT1/ptm/m/n/10 13553.0418| 
 []


Overfull \hbox (1.97542pt too wide) in paragraph at lines 73--73
[]\OT1/ptm/m/n/10 25636.7696| 
 []


Overfull \hbox (1.97542pt too wide) in paragraph at lines 73--73
[]\OT1/ptm/m/n/10 3443.58734| 
 []


Overfull \hbox (1.97542pt too wide) in paragraph at lines 73--73
[]\OT1/ptm/b/n/10 9167.26709| 
 []


Overfull \hbox (1.97542pt too wide) in paragraph at lines 73--73
[]\OT1/ptm/b/n/10 1938.20040| 
 []


Overfull \hbox (1.97542pt too wide) in paragraph at lines 73--73
[]\OT1/ptm/m/n/10 14976.7218| 
 []


Overfull \hbox (1.97542pt too wide) in paragraph at lines 73--73
[]\OT1/ptm/m/n/10 2722.02601| 
 []


Overfull \hbox (1.97542pt too wide) in paragraph at lines 73--73
[]\OT1/ptm/m/n/10 3176.91690| 
 []


Overfull \hbox (1.97542pt too wide) in paragraph at lines 73--73
[]\OT1/ptm/b/n/10 2345.40070| 
 []


Overfull \hbox (1.97542pt too wide) in paragraph at lines 73--73
[]\OT1/ptm/b/n/10 2916.56101| 
 []


Overfull \hbox (1.97542pt too wide) in paragraph at lines 73--73
[]\OT1/ptm/m/n/10 2521.93881| 
 []


Overfull \hbox (1.97542pt too wide) in paragraph at lines 73--73
[]\OT1/ptm/m/n/10 3146.04527| 
 []


Overfull \hbox (1.97542pt too wide) in paragraph at lines 73--73
[]\OT1/ptm/m/n/10 2436.44933| 
 []


Overfull \hbox (1.97542pt too wide) in paragraph at lines 73--73
[]\OT1/ptm/m/n/10 2978.37746| 
 []


Overfull \hbox (1.97542pt too wide) in paragraph at lines 73--73
[]\OT1/ptm/m/n/10 2799.94977| 
 []


Overfull \hbox (1.97542pt too wide) in paragraph at lines 73--73
[]\OT1/ptm/m/n/10 3289.61565| 
 []


Overfull \hbox (1.97542pt too wide) in paragraph at lines 73--73
[]\OT1/ptm/m/n/10 2568.38357| 
 []


Overfull \hbox (1.97542pt too wide) in paragraph at lines 73--73
[]\OT1/ptm/m/n/10 2907.86927| 
 []


Overfull \hbox (1.97542pt too wide) in paragraph at lines 73--73
[]\OT1/ptm/m/n/10 2887.28110| 
 []


Overfull \hbox (1.97542pt too wide) in paragraph at lines 73--73
[]\OT1/ptm/m/n/10 3236.95792| 
 []


Overfull \hbox (1.97542pt too wide) in paragraph at lines 73--73
[]\OT1/ptm/b/n/10 2561.37030| 
 []


Overfull \hbox (1.97542pt too wide) in paragraph at lines 73--73
[]\OT1/ptm/b/n/10 2874.96503| 
 []


Overfull \hbox (1.97542pt too wide) in paragraph at lines 73--73
[]\OT1/ptm/m/n/10 264037.125| 
 []


Overfull \hbox (1.97542pt too wide) in paragraph at lines 73--73
[]\OT1/ptm/m/n/10 872072.477| 
 []


Overfull \hbox (1.97542pt too wide) in paragraph at lines 73--73
[]\OT1/ptm/m/n/10 36176.5867| 
 []


Overfull \hbox (1.97542pt too wide) in paragraph at lines 73--73
[]\OT1/ptm/b/n/10 113941.317| 
 []


Overfull \hbox (1.97542pt too wide) in paragraph at lines 73--73
[]\OT1/ptm/b/n/10 26965.2851| 
 []


Overfull \hbox (1.97542pt too wide) in paragraph at lines 73--73
[]\OT1/ptm/m/n/10 114846.121| 
 []


Overfull \hbox (1.97542pt too wide) in paragraph at lines 73--73
[]\OT1/ptm/m/n/10 260540.781| 
 []


Overfull \hbox (1.97542pt too wide) in paragraph at lines 73--73
[]\OT1/ptm/m/n/10 536454.326| 
 []


Overfull \hbox (1.97542pt too wide) in paragraph at lines 73--73
[]\OT1/ptm/m/n/10 10051.9124| 
 []


Overfull \hbox (1.97542pt too wide) in paragraph at lines 73--73
[]\OT1/ptm/m/n/10 20380.2571| 
 []


Overfull \hbox (1.97542pt too wide) in paragraph at lines 73--73
[]\OT1/ptm/m/n/10 2089.17225| 
 []


Overfull \hbox (1.97542pt too wide) in paragraph at lines 73--73
[]\OT1/ptm/m/n/10 7763.17234| 
 []


Overfull \hbox (1.97542pt too wide) in paragraph at lines 73--73
[]\OT1/ptm/m/n/10 9905.85082| 
 []


Overfull \hbox (1.97542pt too wide) in paragraph at lines 73--73
[]\OT1/ptm/m/n/10 16555.7569| 
 []


Overfull \hbox (1.97542pt too wide) in paragraph at lines 73--73
[]\OT1/ptm/b/n/10 2013.12690| 
 []


Overfull \hbox (1.97542pt too wide) in paragraph at lines 73--73
[]\OT1/ptm/b/n/10 3609.25896| 
 []


Overfull \hbox (1.97542pt too wide) in paragraph at lines 73--73
[]\OT1/ptm/m/n/10 2950.92319| 
 []


Overfull \hbox (1.97542pt too wide) in paragraph at lines 73--73
[]\OT1/ptm/m/n/10 3274.33401| 
 []


Overfull \hbox (1.97542pt too wide) in paragraph at lines 73--73
[]\OT1/ptm/m/n/10 3041.81309| 
 []


Overfull \hbox (1.97542pt too wide) in paragraph at lines 73--73
[]\OT1/ptm/m/n/10 3113.28946| 
 []


Overfull \hbox (1.97542pt too wide) in paragraph at lines 73--73
[]\OT1/ptm/m/n/10 2991.58929| 
 []


Overfull \hbox (1.97542pt too wide) in paragraph at lines 73--73
[]\OT1/ptm/m/n/10 3361.82394| 
 []


Overfull \hbox (1.97542pt too wide) in paragraph at lines 73--73
[]\OT1/ptm/b/n/10 2495.03177| 
 []


Overfull \hbox (1.97542pt too wide) in paragraph at lines 73--73
[]\OT1/ptm/b/n/10 3080.13747| 
 []


Overfull \hbox (1.97542pt too wide) in paragraph at lines 73--73
[]\OT1/ptm/m/n/10 2689.68836| 
 []


Overfull \hbox (1.97542pt too wide) in paragraph at lines 73--73
[]\OT1/ptm/m/n/10 2526.19089| 
 []


Overfull \hbox (1.97542pt too wide) in paragraph at lines 73--73
[]\OT1/ptm/m/n/10 2642.38159| 
 []


Overfull \hbox (1.97542pt too wide) in paragraph at lines 73--73
[]\OT1/ptm/b/n/10 2447.75827| 
 []


Overfull \hbox (1.97542pt too wide) in paragraph at lines 73--73
[]\OT1/ptm/b/n/10 2570.91101| 
 []


Overfull \hbox (1.97542pt too wide) in paragraph at lines 73--73
[]\OT1/ptm/m/n/10 9713.99324| 
 []


Overfull \hbox (1.97542pt too wide) in paragraph at lines 73--73
[]\OT1/ptm/m/n/10 10803.6537| 
 []


Overfull \hbox (1.97542pt too wide) in paragraph at lines 73--73
[]\OT1/ptm/m/n/10 10759.5967| 
 []


Overfull \hbox (1.97542pt too wide) in paragraph at lines 73--73
[]\OT1/ptm/m/n/10 11032.8809| 
 []


Overfull \hbox (1.97542pt too wide) in paragraph at lines 73--73
[]\OT1/ptm/m/n/10 8918.43626| 
 []


Overfull \hbox (1.97542pt too wide) in paragraph at lines 73--73
[]\OT1/ptm/m/n/10 10465.0224| 
 []


Overfull \hbox (1.97542pt too wide) in paragraph at lines 73--73
[]\OT1/ptm/m/n/10 3451.10494| 
 []


Overfull \hbox (1.97542pt too wide) in paragraph at lines 73--73
[]\OT1/ptm/m/n/10 4200.17442| 
 []


Overfull \hbox (1.97542pt too wide) in paragraph at lines 73--73
[]\OT1/ptm/m/n/10 2971.16064| 
 []


Overfull \hbox (1.97542pt too wide) in paragraph at lines 73--73
[]\OT1/ptm/m/n/10 3237.77866| 
 []


Overfull \hbox (1.97542pt too wide) in paragraph at lines 73--73
[]\OT1/ptm/m/n/10 2977.55496| 
 []


Overfull \hbox (1.97542pt too wide) in paragraph at lines 73--73
[]\OT1/ptm/m/n/10 3490.63975| 
 []


Overfull \hbox (1.97542pt too wide) in paragraph at lines 73--73
[]\OT1/ptm/b/n/10 2851.65025| 
 []


Overfull \hbox (1.97542pt too wide) in paragraph at lines 73--73
[]\OT1/ptm/b/n/10 3162.31362| 
 []


Overfull \hbox (1.97542pt too wide) in paragraph at lines 73--73
[]\OT1/ptm/m/n/10 3434.46502| 
 []


Overfull \hbox (1.97542pt too wide) in paragraph at lines 73--73
[]\OT1/ptm/m/n/10 3682.84670| 
 []


Overfull \hbox (1.97542pt too wide) in paragraph at lines 73--73
[]\OT1/ptm/m/n/10 3103.95517| 
 []


Overfull \hbox (1.97542pt too wide) in paragraph at lines 73--73
[]\OT1/ptm/m/n/10 3185.38267| 
 []


Overfull \hbox (1.97542pt too wide) in paragraph at lines 73--73
[]\OT1/ptm/b/n/10 3036.79960| 
 []


Overfull \hbox (5.86531pt too wide) in paragraph at lines 73--73
[]\OT1/ptm/b/n/10 3158.33050s| 
 []


Overfull \hbox (1.97542pt too wide) in paragraph at lines 73--73
[]\OT1/ptm/m/n/10 3136.92774| 
 []


Overfull \hbox (1.97542pt too wide) in paragraph at lines 73--73
[]\OT1/ptm/m/n/10 3284.65609| 
 []


Overfull \hbox (1.97542pt too wide) in paragraph at lines 73--73
[]\OT1/ptm/m/n/10 3141.14488| 
 []


Overfull \hbox (1.97542pt too wide) in paragraph at lines 73--73
[]\OT1/ptm/m/n/10 3292.30344| 
 []


Overfull \hbox (1.97542pt too wide) in paragraph at lines 73--73
[]\OT1/ptm/m/n/10 2931.16295| 
 []


Overfull \hbox (1.97542pt too wide) in paragraph at lines 73--73
[]\OT1/ptm/m/n/10 2962.47175| 
 []


Overfull \hbox (1.97542pt too wide) in paragraph at lines 73--73
[]\OT1/ptm/m/n/10 2931.92695| 
 []


Overfull \hbox (1.97542pt too wide) in paragraph at lines 73--73
[]\OT1/ptm/m/n/10 3008.89535| 
 []


Overfull \hbox (1.97542pt too wide) in paragraph at lines 73--73
[]\OT1/ptm/b/n/10 2931.14231| 
 []


Overfull \hbox (1.97542pt too wide) in paragraph at lines 73--73
[]\OT1/ptm/b/n/10 2954.76783| 
 []


Overfull \hbox (1.97542pt too wide) in paragraph at lines 73--73
[]\OT1/ptm/m/n/10 4906.13284| 
 []


Overfull \hbox (1.97542pt too wide) in paragraph at lines 73--73
[]\OT1/ptm/m/n/10 7989.49096| 
 []


Overfull \hbox (1.97542pt too wide) in paragraph at lines 73--73
[]\OT1/ptm/m/n/10 3346.87403| 
 []


Overfull \hbox (1.97542pt too wide) in paragraph at lines 73--73
[]\OT1/ptm/m/n/10 2900.44189| 
 []


Overfull \hbox (1.97542pt too wide) in paragraph at lines 73--73
[]\OT1/ptm/m/n/10 3653.75774| 
 []


Overfull \hbox (1.97542pt too wide) in paragraph at lines 73--73
[]\OT1/ptm/b/n/10 3262.66849| 
 []


Overfull \hbox (1.97542pt too wide) in paragraph at lines 73--73
[]\OT1/ptm/m/n/10 3200.01070| 
 []


Overfull \hbox (1.97542pt too wide) in paragraph at lines 73--73
[]\OT1/ptm/m/n/10 3792.64558| 
 []


Overfull \hbox (1.97542pt too wide) in paragraph at lines 73--73
[]\OT1/ptm/m/n/10 3143.03805| 
 []


Overfull \hbox (1.97542pt too wide) in paragraph at lines 73--73
[]\OT1/ptm/m/n/10 3184.64635| 
 []


Overfull \hbox (1.97542pt too wide) in paragraph at lines 73--73
[]\OT1/ptm/m/n/10 3158.17823| 
 []


Overfull \hbox (1.97542pt too wide) in paragraph at lines 73--73
[]\OT1/ptm/m/n/10 3397.13032| 
 []


Overfull \hbox (1.97542pt too wide) in paragraph at lines 73--73
[]\OT1/ptm/b/n/10 3141.01087| 
 []


Overfull \hbox (1.97542pt too wide) in paragraph at lines 73--73
[]\OT1/ptm/b/n/10 3176.01152| 
 []


Overfull \hbox (1.97542pt too wide) in paragraph at lines 73--73
[]\OT1/ptm/m/n/10 3300.01082| 
 []


Overfull \hbox (1.97542pt too wide) in paragraph at lines 73--73
[]\OT1/ptm/m/n/10 3431.57091| 
 []


Overfull \hbox (1.97542pt too wide) in paragraph at lines 73--73
[]\OT1/ptm/b/n/10 3240.72586| 
 []


Overfull \hbox (1.97542pt too wide) in paragraph at lines 73--73
[]\OT1/ptm/b/n/10 3288.25303| 
 []


Overfull \hbox (1.97542pt too wide) in paragraph at lines 73--73
[]\OT1/ptm/m/n/10 3263.20714| 
 []


Overfull \hbox (1.97542pt too wide) in paragraph at lines 73--73
[]\OT1/ptm/m/n/10 3300.25760| 
 []


Overfull \hbox (1.97542pt too wide) in paragraph at lines 73--73
[]\OT1/ptm/m/n/10 3243.63199| 
 []


Overfull \hbox (1.97542pt too wide) in paragraph at lines 73--73
[]\OT1/ptm/m/n/10 3294.37323| 
 []


Overfull \hbox (1.97542pt too wide) in paragraph at lines 73--73
[]\OT1/ptm/m/n/10 3812.47551| 
 []


Overfull \hbox (1.97542pt too wide) in paragraph at lines 73--73
[]\OT1/ptm/m/n/10 4605.34953| 
 []


Overfull \hbox (1.97542pt too wide) in paragraph at lines 73--73
[]\OT1/ptm/b/n/10 3533.94574| 
 []


Overfull \hbox (1.97542pt too wide) in paragraph at lines 73--73
[]\OT1/ptm/b/n/10 3956.83524| 
 []


Overfull \hbox (1.97542pt too wide) in paragraph at lines 73--73
[]\OT1/ptm/m/n/10 3955.32453| 
 []


Overfull \hbox (1.97542pt too wide) in paragraph at lines 73--73
[]\OT1/ptm/m/n/10 4364.18129| 
 []


Overfull \hbox (1.97542pt too wide) in paragraph at lines 73--73
[]\OT1/ptm/m/n/10 3653.67555| 
 []


Overfull \hbox (1.97542pt too wide) in paragraph at lines 73--73
[]\OT1/ptm/m/n/10 3966.47195| 
 []


Overfull \hbox (1.97542pt too wide) in paragraph at lines 73--73
[]\OT1/ptm/m/n/10 3673.71196| 
 []


Overfull \hbox (1.97542pt too wide) in paragraph at lines 73--73
[]\OT1/ptm/m/n/10 5813.17375| 
 []


Overfull \hbox (1.97542pt too wide) in paragraph at lines 73--73
[]\OT1/ptm/m/n/10 3916.72571| 
 []


Overfull \hbox (1.97542pt too wide) in paragraph at lines 73--73
[]\OT1/ptm/m/n/10 4869.08933| 
 []


Overfull \hbox (1.97542pt too wide) in paragraph at lines 73--73
[]\OT1/ptm/m/n/10 3730.30935| 
 []


Overfull \hbox (1.97542pt too wide) in paragraph at lines 73--73
[]\OT1/ptm/m/n/10 5143.07870| 
 []


Overfull \hbox (1.97542pt too wide) in paragraph at lines 73--73
[]\OT1/ptm/b/n/10 3346.48367| 
 []


Overfull \hbox (1.97542pt too wide) in paragraph at lines 73--73
[]\OT1/ptm/b/n/10 4747.88675| 
 []


LaTeX Warning: `!h' float specifier changed to `!ht'.

) (./table4.tex
Overfull \hbox (4.55525pt too wide) in paragraph at lines 73--73
[]\OT1/ptm/m/n/10 3427212e+3| 
 []


Overfull \hbox (4.55525pt too wide) in paragraph at lines 73--73
[]\OT1/ptm/m/n/10 1380728e+4| 
 []


Overfull \hbox (1.97542pt too wide) in paragraph at lines 73--73
[]\OT1/ptm/m/n/10 141.263356| 
 []


Overfull \hbox (6.97542pt too wide) in paragraph at lines 73--73
[]\OT1/ptm/m/n/10 13516.69893| 
 []


Overfull \hbox (1.97542pt too wide) in paragraph at lines 73--73
[]\OT1/ptm/m/n/10 6067123.52| 
 []


Overfull \hbox (1.97542pt too wide) in paragraph at lines 73--73
[]\OT1/ptm/m/n/10 29751976.5| 
 []


Overfull \hbox (1.97542pt too wide) in paragraph at lines 73--73
[]\OT1/ptm/b/n/10 122.398748| 
 []


Overfull \hbox (1.97542pt too wide) in paragraph at lines 73--73
[]\OT1/ptm/b/n/10 11708.8236| 
 []


Overfull \hbox (2.05525pt too wide) in paragraph at lines 73--73
[]\OT1/ptm/m/n/10 1.547e+112| 
 []


Overfull \hbox (2.05525pt too wide) in paragraph at lines 73--73
[]\OT1/ptm/m/n/10 3.8835e+80| 
 []


Overfull \hbox (2.05525pt too wide) in paragraph at lines 73--73
[]\OT1/ptm/m/n/10 8.891e+114| 
 []


Overfull \hbox (1.97542pt too wide) in paragraph at lines 73--73
[]\OT1/ptm/m/n/10 228808.969| 
 []


Overfull \hbox (1.97542pt too wide) in paragraph at lines 73--73
[]\OT1/ptm/m/n/10 262699.687| 
 []


Overfull \hbox (1.97542pt too wide) in paragraph at lines 73--73
[]\OT1/ptm/m/n/10 312244.360| 
 []


Overfull \hbox (1.97542pt too wide) in paragraph at lines 73--73
[]\OT1/ptm/m/n/10 332179.290| 
 []


Overfull \hbox (1.97542pt too wide) in paragraph at lines 73--73
[]\OT1/ptm/m/n/10 241427.723| 
 []


Overfull \hbox (1.97542pt too wide) in paragraph at lines 73--73
[]\OT1/ptm/m/n/10 257462.977| 
 []


Overfull \hbox (1.97542pt too wide) in paragraph at lines 73--73
[]\OT1/ptm/b/n/10 220765.083| 
 []


Overfull \hbox (1.97542pt too wide) in paragraph at lines 73--73
[]\OT1/ptm/b/n/10 251901.109| 
 []


Overfull \hbox (1.97542pt too wide) in paragraph at lines 73--73
[]\OT1/ptm/m/n/10 1975.65115| 
 []


Overfull \hbox (1.97542pt too wide) in paragraph at lines 73--73
[]\OT1/ptm/m/n/10 2752.24606| 
 []


Overfull \hbox (1.97542pt too wide) in paragraph at lines 73--73
[]\OT1/ptm/m/n/10 539.386275| 
 []


Overfull \hbox (1.97542pt too wide) in paragraph at lines 73--73
[]\OT1/ptm/m/n/10 777.314462| 
 []


Overfull \hbox (1.97542pt too wide) in paragraph at lines 73--73
[]\OT1/ptm/m/n/10 836.965399| 
 []


Overfull \hbox (1.97542pt too wide) in paragraph at lines 73--73
[]\OT1/ptm/b/n/10 531.169819| 
 []


Overfull \hbox (1.97542pt too wide) in paragraph at lines 73--73
[]\OT1/ptm/b/n/10 621.219143| 
 []


Overfull \hbox (1.97542pt too wide) in paragraph at lines 73--73
[]\OT1/ptm/m/n/10 1223.53650| 
 []


Overfull \hbox (1.97542pt too wide) in paragraph at lines 73--73
[]\OT1/ptm/m/n/10 1286.15333| 
 []


Overfull \hbox (1.97542pt too wide) in paragraph at lines 73--73
[]\OT1/ptm/m/n/10 1249.19503| 
 []


Overfull \hbox (1.97542pt too wide) in paragraph at lines 73--73
[]\OT1/ptm/m/n/10 1307.11012| 
 []


Overfull \hbox (1.97542pt too wide) in paragraph at lines 73--73
[]\OT1/ptm/m/n/10 1248.41013| 
 []


Overfull \hbox (1.97542pt too wide) in paragraph at lines 73--73
[]\OT1/ptm/m/n/10 1310.88765| 
 []


Overfull \hbox (1.97542pt too wide) in paragraph at lines 73--73
[]\OT1/ptm/b/n/10 1068.11742| 
 []


Overfull \hbox (1.97542pt too wide) in paragraph at lines 73--73
[]\OT1/ptm/b/n/10 1272.47682| 
 []


Overfull \hbox (1.97542pt too wide) in paragraph at lines 73--73
[]\OT1/ptm/m/n/10 659.421427| 
 []


Overfull \hbox (1.97542pt too wide) in paragraph at lines 73--73
[]\OT1/ptm/m/n/10 1614.00386| 
 []


Overfull \hbox (1.97542pt too wide) in paragraph at lines 73--73
[]\OT1/ptm/m/n/10 1920.79772| 
 []


Overfull \hbox (1.97542pt too wide) in paragraph at lines 73--73
[]\OT1/ptm/m/n/10 1367.06653| 
 []


Overfull \hbox (1.97542pt too wide) in paragraph at lines 73--73
[]\OT1/ptm/m/n/10 1536.35787| 
 []


Overfull \hbox (1.97542pt too wide) in paragraph at lines 73--73
[]\OT1/ptm/b/n/10 1311.84975| 
 []


Overfull \hbox (1.97542pt too wide) in paragraph at lines 73--73
[]\OT1/ptm/b/n/10 1534.20776| 
 []


Overfull \hbox (1.97542pt too wide) in paragraph at lines 73--73
[]\OT1/ptm/m/n/10 1562.37977| 
 []


Overfull \hbox (1.97542pt too wide) in paragraph at lines 73--73
[]\OT1/ptm/m/n/10 2076.70250| 
 []


Overfull \hbox (1.97542pt too wide) in paragraph at lines 73--73
[]\OT1/ptm/m/n/10 1595.41873| 
 []


Overfull \hbox (1.97542pt too wide) in paragraph at lines 73--73
[]\OT1/ptm/m/n/10 1736.36737| 
 []


Overfull \hbox (1.97542pt too wide) in paragraph at lines 73--73
[]\OT1/ptm/m/n/10 1672.56784| 
 []


Overfull \hbox (1.97542pt too wide) in paragraph at lines 73--73
[]\OT1/ptm/m/n/10 1768.08243| 
 []


Overfull \hbox (1.97542pt too wide) in paragraph at lines 73--73
[]\OT1/ptm/m/n/10 1678.12726| 
 []


Overfull \hbox (1.97542pt too wide) in paragraph at lines 73--73
[]\OT1/ptm/b/n/10 1293.55211| 
 []


Overfull \hbox (1.97542pt too wide) in paragraph at lines 73--73
[]\OT1/ptm/b/n/10 1592.16298| 
 []


Overfull \hbox (1.97542pt too wide) in paragraph at lines 73--73
[]\OT1/ptm/m/n/10 59726.5146| 
 []


Overfull \hbox (1.97542pt too wide) in paragraph at lines 73--73
[]\OT1/ptm/m/n/10 71986.0439| 
 []


Overfull \hbox (1.97542pt too wide) in paragraph at lines 73--73
[]\OT1/ptm/m/n/10 28906.9090| 
 []


Overfull \hbox (1.97542pt too wide) in paragraph at lines 73--73
[]\OT1/ptm/m/n/10 30336.7453| 
 []


Overfull \hbox (1.97542pt too wide) in paragraph at lines 73--73
[]\OT1/ptm/m/n/10 63640.3313| 
 []


Overfull \hbox (1.97542pt too wide) in paragraph at lines 73--73
[]\OT1/ptm/m/n/10 74961.2209| 
 []


Overfull \hbox (1.97542pt too wide) in paragraph at lines 73--73
[]\OT1/ptm/b/n/10 23466.5750| 
 []


Overfull \hbox (1.97542pt too wide) in paragraph at lines 73--73
[]\OT1/ptm/b/n/10 27067.0295| 
 []


Overfull \hbox (1.97542pt too wide) in paragraph at lines 73--73
[]\OT1/ptm/m/n/10 12005.8897| 
 []


Overfull \hbox (1.97542pt too wide) in paragraph at lines 73--73
[]\OT1/ptm/m/n/10 14725.3483| 
 []


Overfull \hbox (1.97542pt too wide) in paragraph at lines 73--73
[]\OT1/ptm/m/n/10 14227.8019| 
 []


Overfull \hbox (1.97542pt too wide) in paragraph at lines 73--73
[]\OT1/ptm/m/n/10 15355.6218| 
 []


Overfull \hbox (1.97542pt too wide) in paragraph at lines 73--73
[]\OT1/ptm/m/n/10 12937.0278| 
 []


Overfull \hbox (1.97542pt too wide) in paragraph at lines 73--73
[]\OT1/ptm/m/n/10 14972.9507| 
 []


Overfull \hbox (1.97542pt too wide) in paragraph at lines 73--73
[]\OT1/ptm/b/n/10 11153.5868| 
 []


Overfull \hbox (1.97542pt too wide) in paragraph at lines 73--73
[]\OT1/ptm/b/n/10 13298.0921| 
 []


Overfull \hbox (1.97542pt too wide) in paragraph at lines 73--73
[]\OT1/ptm/m/n/10 11481.2601| 
 []


Overfull \hbox (1.97542pt too wide) in paragraph at lines 73--73
[]\OT1/ptm/m/n/10 40447.5486| 
 []


Overfull \hbox (1.97542pt too wide) in paragraph at lines 73--73
[]\OT1/ptm/m/n/10 57228.6836| 
 []


Overfull \hbox (1.97542pt too wide) in paragraph at lines 73--73
[]\OT1/ptm/b/n/10 3521.90152| 
 []


Overfull \hbox (1.97542pt too wide) in paragraph at lines 73--73
[]\OT1/ptm/b/n/10 4544.80401| 
 []


Overfull \hbox (1.97542pt too wide) in paragraph at lines 73--73
[]\OT1/ptm/m/n/10 5380.43205| 
 []


Overfull \hbox (1.97542pt too wide) in paragraph at lines 73--73
[]\OT1/ptm/m/n/10 9916.34769| 
 []


Overfull \hbox (4.55525pt too wide) in paragraph at lines 73--73
[]\OT1/ptm/m/n/10 1881773e+3| 
 []


Overfull \hbox (1.97542pt too wide) in paragraph at lines 73--73
[]\OT1/ptm/m/n/10 3893556.27| 
 []


Overfull \hbox (1.97542pt too wide) in paragraph at lines 73--73
[]\OT1/ptm/b/n/10 6415173.60| 
 []


Overfull \hbox (1.97542pt too wide) in paragraph at lines 73--73
[]\OT1/ptm/m/n/10 26105108.9| 
 []


Overfull \hbox (1.97542pt too wide) in paragraph at lines 73--73
[]\OT1/ptm/m/n/10 41876679.1| 
 []


Overfull \hbox (1.97542pt too wide) in paragraph at lines 73--73
[]\OT1/ptm/b/n/10 3680108.18| 
 []


Overfull \hbox (1.97542pt too wide) in paragraph at lines 73--73
[]\OT1/ptm/m/n/10 10059039.6| 
 []


Overfull \hbox (1.97542pt too wide) in paragraph at lines 73--73
[]\OT1/ptm/m/n/10 508209.562| 
 []


Overfull \hbox (1.97542pt too wide) in paragraph at lines 73--73
[]\OT1/ptm/m/n/10 4622.69855| 
 []


Overfull \hbox (1.97542pt too wide) in paragraph at lines 73--73
[]\OT1/ptm/b/n/10 8892.77599| 
 []


Overfull \hbox (1.97542pt too wide) in paragraph at lines 73--73
[]\OT1/ptm/m/n/10 8246.51529| 
 []


Overfull \hbox (1.97542pt too wide) in paragraph at lines 73--73
[]\OT1/ptm/m/n/10 12675.8455| 
 []


Overfull \hbox (1.97542pt too wide) in paragraph at lines 73--73
[]\OT1/ptm/b/n/10 2976.84135| 
 []


Overfull \hbox (1.97542pt too wide) in paragraph at lines 73--73
[]\OT1/ptm/m/n/10 11376.9863| 
 []


Overfull \hbox (1.97542pt too wide) in paragraph at lines 73--73
[]\OT1/ptm/m/n/10 728122.833| 
 []


Overfull \hbox (1.97542pt too wide) in paragraph at lines 73--73
[]\OT1/ptm/m/n/10 1329183.17| 
 []


Overfull \hbox (1.97542pt too wide) in paragraph at lines 73--73
[]\OT1/ptm/b/n/10 132194.795| 
 []


Overfull \hbox (1.97542pt too wide) in paragraph at lines 73--73
[]\OT1/ptm/b/n/10 365560.881| 
 []


Overfull \hbox (1.97542pt too wide) in paragraph at lines 73--73
[]\OT1/ptm/m/n/10 548410.338| 
 []


Overfull \hbox (1.97542pt too wide) in paragraph at lines 73--73
[]\OT1/ptm/m/n/10 941547.524| 
 []


Overfull \hbox (1.97542pt too wide) in paragraph at lines 73--73
[]\OT1/ptm/m/n/10 234045.940| 
 []


Overfull \hbox (1.97542pt too wide) in paragraph at lines 73--73
[]\OT1/ptm/m/n/10 867160.306| 
 []


Overfull \hbox (1.97542pt too wide) in paragraph at lines 73--73
[]\OT1/ptm/m/n/10 2660.46578| 
 []


Overfull \hbox (1.97542pt too wide) in paragraph at lines 73--73
[]\OT1/ptm/m/n/10 181957.060| 
 []


Overfull \hbox (1.97542pt too wide) in paragraph at lines 73--73
[]\OT1/ptm/b/n/10 1799.50650| 
 []


Overfull \hbox (1.97542pt too wide) in paragraph at lines 73--73
[]\OT1/ptm/m/n/10 3362.50960| 
 []


Overfull \hbox (1.97542pt too wide) in paragraph at lines 73--73
[]\OT1/ptm/m/n/10 1899.07344| 
 []


Overfull \hbox (1.97542pt too wide) in paragraph at lines 73--73
[]\OT1/ptm/b/n/10 2914.44348| 
 []


Overfull \hbox (1.97542pt too wide) in paragraph at lines 73--73
[]\OT1/ptm/m/n/10 1976.78912| 
 []


Overfull \hbox (1.97542pt too wide) in paragraph at lines 73--73
[]\OT1/ptm/m/n/10 4749.25466| 
 []


Overfull \hbox (1.97542pt too wide) in paragraph at lines 73--73
[]\OT1/ptm/m/n/10 5847.82673| 
 []


Overfull \hbox (1.97542pt too wide) in paragraph at lines 73--73
[]\OT1/ptm/m/n/10 4817.48373| 
 []


Overfull \hbox (1.97542pt too wide) in paragraph at lines 73--73
[]\OT1/ptm/b/n/10 3519.49494| 
 []


Overfull \hbox (1.97542pt too wide) in paragraph at lines 73--73
[]\OT1/ptm/b/n/10 4796.80272| 
 []


Overfull \hbox (1.97542pt too wide) in paragraph at lines 73--73
[]\OT1/ptm/m/n/10 4397.49635| 
 []


Overfull \hbox (1.97542pt too wide) in paragraph at lines 73--73
[]\OT1/ptm/m/n/10 4958.41818| 
 []


Overfull \hbox (1.97542pt too wide) in paragraph at lines 73--73
[]\OT1/ptm/m/n/10 3842.20601| 
 []


Overfull \hbox (1.97542pt too wide) in paragraph at lines 73--73
[]\OT1/ptm/b/n/10 4450.17742| 
 []


Overfull \hbox (1.97542pt too wide) in paragraph at lines 73--73
[]\OT1/ptm/m/n/10 3790.72056| 
 []


Overfull \hbox (1.97542pt too wide) in paragraph at lines 73--73
[]\OT1/ptm/m/n/10 4730.99458| 
 []


Overfull \hbox (1.97542pt too wide) in paragraph at lines 73--73
[]\OT1/ptm/b/n/10 3582.78588| 
 []


Overfull \hbox (1.97542pt too wide) in paragraph at lines 73--73
[]\OT1/ptm/m/n/10 5463.21694| 
 []


Overfull \hbox (1.97542pt too wide) in paragraph at lines 73--73
[]\OT1/ptm/m/n/10 1357845.39| 
 []


Overfull \hbox (1.97542pt too wide) in paragraph at lines 73--73
[]\OT1/ptm/m/n/10 1938893.27| 
 []


Overfull \hbox (1.97542pt too wide) in paragraph at lines 73--73
[]\OT1/ptm/b/n/10 146426.273| 
 []


Overfull \hbox (1.97542pt too wide) in paragraph at lines 73--73
[]\OT1/ptm/b/n/10 763318.822| 
 []


Overfull \hbox (1.97542pt too wide) in paragraph at lines 73--73
[]\OT1/ptm/m/n/10 1004224.20| 
 []


Overfull \hbox (1.97542pt too wide) in paragraph at lines 73--73
[]\OT1/ptm/m/n/10 631040.146| 
 []


Overfull \hbox (1.97542pt too wide) in paragraph at lines 73--73
[]\OT1/ptm/m/n/10 1335739.59| 
 []


Overfull \hbox (1.97542pt too wide) in paragraph at lines 73--73
[]\OT1/ptm/m/n/10 26455.7069| 
 []


Overfull \hbox (1.97542pt too wide) in paragraph at lines 73--73
[]\OT1/ptm/m/n/10 4767.52953| 
 []


Overfull \hbox (1.97542pt too wide) in paragraph at lines 73--73
[]\OT1/ptm/m/n/10 2263.72515| 
 []


Overfull \hbox (1.97542pt too wide) in paragraph at lines 73--73
[]\OT1/ptm/m/n/10 3927.45994| 
 []


Overfull \hbox (1.97542pt too wide) in paragraph at lines 73--73
[]\OT1/ptm/b/n/10 2071.07706| 
 []


Overfull \hbox (1.97542pt too wide) in paragraph at lines 73--73
[]\OT1/ptm/b/n/10 3664.15987| 
 []


Overfull \hbox (1.97542pt too wide) in paragraph at lines 73--73
[]\OT1/ptm/m/n/10 4968.49743| 
 []


Overfull \hbox (1.97542pt too wide) in paragraph at lines 73--73
[]\OT1/ptm/m/n/10 5436.60405| 
 []


Overfull \hbox (1.97542pt too wide) in paragraph at lines 73--73
[]\OT1/ptm/m/n/10 5231.02648| 
 []


Overfull \hbox (1.97542pt too wide) in paragraph at lines 73--73
[]\OT1/ptm/m/n/10 5690.74899| 
 []


Overfull \hbox (1.97542pt too wide) in paragraph at lines 73--73
[]\OT1/ptm/m/n/10 5109.46056| 
 []


Overfull \hbox (1.97542pt too wide) in paragraph at lines 73--73
[]\OT1/ptm/m/n/10 5781.30083| 
 []


Overfull \hbox (1.97542pt too wide) in paragraph at lines 73--73
[]\OT1/ptm/b/n/10 3627.77789| 
 []


Overfull \hbox (1.97542pt too wide) in paragraph at lines 73--73
[]\OT1/ptm/b/n/10 5228.43066| 
 []


Overfull \hbox (1.97542pt too wide) in paragraph at lines 73--73
[]\OT1/ptm/m/n/10 3180.74665| 
 []


Overfull \hbox (1.97542pt too wide) in paragraph at lines 73--73
[]\OT1/ptm/m/n/10 2921.90012| 
 []


Overfull \hbox (1.97542pt too wide) in paragraph at lines 73--73
[]\OT1/ptm/b/n/10 2885.57408| 
 []


Overfull \hbox (1.97542pt too wide) in paragraph at lines 73--73
[]\OT1/ptm/m/n/10 3127.35683| 
 []


Overfull \hbox (1.97542pt too wide) in paragraph at lines 73--73
[]\OT1/ptm/m/n/10 2926.35039| 
 []


Overfull \hbox (1.97542pt too wide) in paragraph at lines 73--73
[]\OT1/ptm/m/n/10 3199.98618| 
 []


Overfull \hbox (1.97542pt too wide) in paragraph at lines 73--73
[]\OT1/ptm/m/n/10 17808.8977| 
 []


Overfull \hbox (1.97542pt too wide) in paragraph at lines 73--73
[]\OT1/ptm/m/n/10 19562.9866| 
 []


Overfull \hbox (1.97542pt too wide) in paragraph at lines 73--73
[]\OT1/ptm/m/n/10 19213.3756| 
 []


Overfull \hbox (1.97542pt too wide) in paragraph at lines 73--73
[]\OT1/ptm/m/n/10 20278.9290| 
 []


Overfull \hbox (1.97542pt too wide) in paragraph at lines 73--73
[]\OT1/ptm/m/n/10 18695.5223| 
 []


Overfull \hbox (6.97542pt too wide) in paragraph at lines 73--73
[]\OT1/ptm/m/n/10 20167.41374| 
 []


Overfull \hbox (1.97542pt too wide) in paragraph at lines 73--73
[]\OT1/ptm/b/n/10 17548.3390| 
 []


Overfull \hbox (1.97542pt too wide) in paragraph at lines 73--73
[]\OT1/ptm/b/n/10 19547.1512| 
 []


Overfull \hbox (1.97542pt too wide) in paragraph at lines 73--73
[]\OT1/ptm/m/n/10 4907.51964| 
 []


Overfull \hbox (1.97542pt too wide) in paragraph at lines 73--73
[]\OT1/ptm/m/n/10 5819.20786| 
 []


Overfull \hbox (1.97542pt too wide) in paragraph at lines 73--73
[]\OT1/ptm/m/n/10 4222.43689| 
 []


Overfull \hbox (1.97542pt too wide) in paragraph at lines 73--73
[]\OT1/ptm/m/n/10 3582.04355| 
 []


Overfull \hbox (1.97542pt too wide) in paragraph at lines 73--73
[]\OT1/ptm/m/n/10 4779.92124| 
 []


Overfull \hbox (1.97542pt too wide) in paragraph at lines 73--73
[]\OT1/ptm/m/n/10 3418.98320| 
 []


Overfull \hbox (1.97542pt too wide) in paragraph at lines 73--73
[]\OT1/ptm/m/n/10 5173.24940| 
 []


Overfull \hbox (1.97542pt too wide) in paragraph at lines 73--73
[]\OT1/ptm/m/n/10 5946.12042| 
 []


Overfull \hbox (1.97542pt too wide) in paragraph at lines 73--73
[]\OT1/ptm/m/n/10 4060.95130| 
 []


Overfull \hbox (1.97542pt too wide) in paragraph at lines 73--73
[]\OT1/ptm/m/n/10 4095.42951| 
 []


Overfull \hbox (1.97542pt too wide) in paragraph at lines 73--73
[]\OT1/ptm/b/n/10 3801.36858| 
 []


Overfull \hbox (1.97542pt too wide) in paragraph at lines 73--73
[]\OT1/ptm/b/n/10 4042.42685| 
 []


Overfull \hbox (1.97542pt too wide) in paragraph at lines 73--73
[]\OT1/ptm/m/n/10 3998.05402| 
 []


Overfull \hbox (1.97542pt too wide) in paragraph at lines 73--73
[]\OT1/ptm/m/n/10 4216.82489| 
 []


Overfull \hbox (1.97542pt too wide) in paragraph at lines 73--73
[]\OT1/ptm/m/n/10 4089.11891| 
 []


Overfull \hbox (1.97542pt too wide) in paragraph at lines 73--73
[]\OT1/ptm/m/n/10 4548.28576| 
 []


Overfull \hbox (1.97542pt too wide) in paragraph at lines 73--73
[]\OT1/ptm/b/n/10 3153.48541| 
 []


Overfull \hbox (1.97542pt too wide) in paragraph at lines 73--73
[]\OT1/ptm/b/n/10 3236.61784| 
 []


Overfull \hbox (1.97542pt too wide) in paragraph at lines 73--73
[]\OT1/ptm/m/n/10 3348.38226| 
 []


Overfull \hbox (1.97542pt too wide) in paragraph at lines 73--73
[]\OT1/ptm/m/n/10 3407.52658| 
 []


Overfull \hbox (1.97542pt too wide) in paragraph at lines 73--73
[]\OT1/ptm/m/n/10 3264.31853| 
 []


Overfull \hbox (1.97542pt too wide) in paragraph at lines 73--73
[]\OT1/ptm/m/n/10 8557.49856| 
 []


Overfull \hbox (1.97542pt too wide) in paragraph at lines 73--73
[]\OT1/ptm/m/n/10 20159.1145| 
 []


Overfull \hbox (1.97542pt too wide) in paragraph at lines 73--73
[]\OT1/ptm/m/n/10 2900.07737| 
 []


Overfull \hbox (6.97542pt too wide) in paragraph at lines 73--73
[]\OT1/ptm/m/n/10 11924.79947| 
 []


Overfull \hbox (1.97542pt too wide) in paragraph at lines 73--73
[]\OT1/ptm/m/n/10 3021.13602| 
 []


Overfull \hbox (1.97542pt too wide) in paragraph at lines 73--73
[]\OT1/ptm/m/n/10 8682.03543| 
 []


Overfull \hbox (1.97542pt too wide) in paragraph at lines 73--73
[]\OT1/ptm/b/n/10 2900.00038| 
 []


Overfull \hbox (1.97542pt too wide) in paragraph at lines 73--73
[]\OT1/ptm/m/n/10 3200.02335| 
 []


Overfull \hbox (1.97542pt too wide) in paragraph at lines 73--73
[]\OT1/ptm/m/n/10 3772.40915| 
 []


Overfull \hbox (1.97542pt too wide) in paragraph at lines 73--73
[]\OT1/ptm/b/n/10 3194.80921| 
 []


Overfull \hbox (1.97542pt too wide) in paragraph at lines 73--73
[]\OT1/ptm/m/n/10 3201.67073| 
 []


Overfull \hbox (1.97542pt too wide) in paragraph at lines 73--73
[]\OT1/ptm/m/n/10 3200.02417| 
 []


Overfull \hbox (1.97542pt too wide) in paragraph at lines 73--73
[]\OT1/ptm/m/n/10 3494.61813| 
 []


Overfull \hbox (1.97542pt too wide) in paragraph at lines 73--73
[]\OT1/ptm/m/n/10 3200.02354| 
 []


Overfull \hbox (1.97542pt too wide) in paragraph at lines 73--73
[]\OT1/ptm/b/n/10 3200.02395| 
 []


Overfull \hbox (1.97542pt too wide) in paragraph at lines 73--73
[]\OT1/ptm/m/n/10 4947.74515| 
 []


Overfull \hbox (1.97542pt too wide) in paragraph at lines 73--73
[]\OT1/ptm/m/n/10 5948.21315| 
 []


Overfull \hbox (1.97542pt too wide) in paragraph at lines 73--73
[]\OT1/ptm/b/n/10 3295.12291| 
 []


Overfull \hbox (1.97542pt too wide) in paragraph at lines 73--73
[]\OT1/ptm/b/n/10 3340.28038| 
 []


Overfull \hbox (1.97542pt too wide) in paragraph at lines 73--73
[]\OT1/ptm/m/n/10 3456.82843| 
 []


Overfull \hbox (1.97542pt too wide) in paragraph at lines 73--73
[]\OT1/ptm/m/n/10 3542.57130| 
 []


Overfull \hbox (1.97542pt too wide) in paragraph at lines 73--73
[]\OT1/ptm/m/n/10 3300.80769| 
 []


Overfull \hbox (1.97542pt too wide) in paragraph at lines 73--73
[]\OT1/ptm/m/n/10 3354.71733| 
 []


Overfull \hbox (1.97542pt too wide) in paragraph at lines 73--73
[]\OT1/ptm/m/n/10 6004.77442| 
 []


Overfull \hbox (1.97542pt too wide) in paragraph at lines 73--73
[]\OT1/ptm/m/n/10 7090.64254| 
 []


Overfull \hbox (1.97542pt too wide) in paragraph at lines 73--73
[]\OT1/ptm/m/n/10 5208.71172| 
 []


Overfull \hbox (1.97542pt too wide) in paragraph at lines 73--73
[]\OT1/ptm/m/n/10 5970.62868| 
 []


Overfull \hbox (1.97542pt too wide) in paragraph at lines 73--73
[]\OT1/ptm/m/n/10 5462.32863| 
 []


Overfull \hbox (1.97542pt too wide) in paragraph at lines 73--73
[]\OT1/ptm/m/n/10 6178.55906| 
 []


Overfull \hbox (1.97542pt too wide) in paragraph at lines 73--73
[]\OT1/ptm/b/n/10 4541.19547| 
 []


Overfull \hbox (1.97542pt too wide) in paragraph at lines 73--73
[]\OT1/ptm/b/n/10 5739.29154| 
 []


Overfull \hbox (1.97542pt too wide) in paragraph at lines 73--73
[]\OT1/ptm/m/n/10 7798.10621| 
 []


Overfull \hbox (1.97542pt too wide) in paragraph at lines 73--73
[]\OT1/ptm/b/n/10 3584.97477| 
 []


Overfull \hbox (1.97542pt too wide) in paragraph at lines 73--73
[]\OT1/ptm/m/n/10 10674.2173| 
 []


Overfull \hbox (1.97542pt too wide) in paragraph at lines 73--73
[]\OT1/ptm/m/n/10 3920.32703| 
 []


Overfull \hbox (1.97542pt too wide) in paragraph at lines 73--73
[]\OT1/ptm/b/n/10 7139.46072| 
 []


Overfull \hbox (1.97542pt too wide) in paragraph at lines 73--73
[]\OT1/ptm/m/n/10 3850.31709| 
 []


Overfull \hbox (1.97542pt too wide) in paragraph at lines 73--73
[]\OT1/ptm/m/n/10 15318.5546| 
 []


LaTeX Warning: `!h' float specifier changed to `!ht'.

)
Underfull \hbox (badness 1325) in paragraph at lines 291--292
[]\OT1/ptm/m/n/10 All eval-u-a-tions were per-formed us-ing Python
 []


Underfull \vbox (badness 10000) has occurred while \output is active []

 [4]
Underfull \vbox (badness 10000) has occurred while \output is active []

 [5]
<images/plot_10D_F22_save.jpeg, id=107, 803.0pt x 602.25pt>
File: images/plot_10D_F22_save.jpeg Graphic file (type jpg)

<use images/plot_10D_F22_save.jpeg>
Package pdftex.def Info: images/plot_10D_F22_save.jpeg used on input line 332.
(pdftex.def)             Requested size: 107.90434pt x 80.92346pt.

<images/plot_30D_F22_save.jpeg, id=108, 803.0pt x 602.25pt>
File: images/plot_30D_F22_save.jpeg Graphic file (type jpg)

<use images/plot_30D_F22_save.jpeg>
Package pdftex.def Info: images/plot_30D_F22_save.jpeg used on input line 336.
(pdftex.def)             Requested size: 107.90434pt x 80.92346pt.

<images/plot_50D_F22_save.jpeg, id=109, 803.0pt x 602.25pt>
File: images/plot_50D_F22_save.jpeg Graphic file (type jpg)

<use images/plot_50D_F22_save.jpeg>
Package pdftex.def Info: images/plot_50D_F22_save.jpeg used on input line 340.
(pdftex.def)             Requested size: 107.90434pt x 80.92346pt.

<images/plot_100D_F22_save.jpeg, id=110, 803.0pt x 602.25pt>
File: images/plot_100D_F22_save.jpeg Graphic file (type jpg)

<use images/plot_100D_F22_save.jpeg>
Package pdftex.def Info: images/plot_100D_F22_save.jpeg used on input line 344.

(pdftex.def)             Requested size: 107.90434pt x 80.92346pt.

<images/plot_50D_F6_save.jpeg, id=111, 803.0pt x 602.25pt>
File: images/plot_50D_F6_save.jpeg Graphic file (type jpg)

<use images/plot_50D_F6_save.jpeg>
Package pdftex.def Info: images/plot_50D_F6_save.jpeg used on input line 367.
(pdftex.def)             Requested size: 107.90434pt x 80.92346pt.

<images/plot_100D_F6_save.jpeg, id=112, 803.0pt x 602.25pt>
File: images/plot_100D_F6_save.jpeg Graphic file (type jpg)

<use images/plot_100D_F6_save.jpeg>
Package pdftex.def Info: images/plot_100D_F6_save.jpeg used on input line 371.
(pdftex.def)             Requested size: 107.90434pt x 80.92346pt.

<images/plot_50D_F11_save.jpeg, id=113, 803.0pt x 602.25pt>
File: images/plot_50D_F11_save.jpeg Graphic file (type jpg)

<use images/plot_50D_F11_save.jpeg>
Package pdftex.def Info: images/plot_50D_F11_save.jpeg used on input line 375.
(pdftex.def)             Requested size: 107.90434pt x 80.92346pt.

<images/plot_100D_F11_save.jpeg, id=114, 803.0pt x 602.25pt>
File: images/plot_100D_F11_save.jpeg Graphic file (type jpg)

<use images/plot_100D_F11_save.jpeg>
Package pdftex.def Info: images/plot_100D_F11_save.jpeg used on input line 379.

(pdftex.def)             Requested size: 107.90434pt x 80.92346pt.

<images/plot_50D_F12_save.jpeg, id=115, 803.0pt x 602.25pt>
File: images/plot_50D_F12_save.jpeg Graphic file (type jpg)

<use images/plot_50D_F12_save.jpeg>
Package pdftex.def Info: images/plot_50D_F12_save.jpeg used on input line 384.
(pdftex.def)             Requested size: 107.90434pt x 80.92346pt.

<images/plot_100D_F12_save.jpeg, id=116, 803.0pt x 602.25pt>
File: images/plot_100D_F12_save.jpeg Graphic file (type jpg)

<use images/plot_100D_F12_save.jpeg>
Package pdftex.def Info: images/plot_100D_F12_save.jpeg used on input line 388.

(pdftex.def)             Requested size: 107.90434pt x 80.92346pt.

<images/plot_50D_F20_save.jpeg, id=117, 803.0pt x 602.25pt>
File: images/plot_50D_F20_save.jpeg Graphic file (type jpg)

<use images/plot_50D_F20_save.jpeg>
Package pdftex.def Info: images/plot_50D_F20_save.jpeg used on input line 392.
(pdftex.def)             Requested size: 107.90434pt x 80.92346pt.

<images/plot_100D_F20_save.jpeg, id=118, 803.0pt x 602.25pt>
File: images/plot_100D_F20_save.jpeg Graphic file (type jpg)

<use images/plot_100D_F20_save.jpeg>
Package pdftex.def Info: images/plot_100D_F20_save.jpeg used on input line 396.

(pdftex.def)             Requested size: 107.90434pt x 80.92346pt.
 [6]
Underfull \vbox (badness 10000) has occurred while \output is active []


Underfull \vbox (badness 10000) has occurred while \output is active []

 [7 <./images/plot_10D_F22_save.jpeg> <./images/plot_30D_F22_save.jpeg> <./imag
es/plot_50D_F22_save.jpeg> <./images/plot_100D_F22_save.jpeg> <./images/plot_50
D_F6_save.jpeg> <./images/plot_100D_F6_save.jpeg> <./images/plot_50D_F11_save.j
peg> <./images/plot_100D_F11_save.jpeg> <./images/plot_50D_F12_save.jpeg> <./im
ages/plot_100D_F12_save.jpeg> <./images/plot_50D_F20_save.jpeg> <./images/plot_
100D_F20_save.jpeg>] (./Example.bbl
Underfull \hbox (badness 10000) in paragraph at lines 44--49
[]\OT1/ptm/m/n/9 Mezura-Montes, E. n., Vel[]azquez-Reyes, J., and
 []


Underfull \hbox (badness 2837) in paragraph at lines 44--49
\OT1/ptm/m/n/9 Coello Coello, C. A. (2006).  A com-par-a-tive
 []


Underfull \hbox (badness 1147) in paragraph at lines 44--49
\OT1/ptm/m/n/9 study of dif-fer-en-tial evo-lu-tion vari-ants for global
 []


Underfull \hbox (badness 3078) in paragraph at lines 93--96
\OT1/ptm/m/it/9 IEEE Trans-ac-tions on evo-lu-tion-ary com-pu-ta-tion\OT1/ptm/m
/n/9 ,
 []

)
Package atveryend Info: Empty hook `BeforeClearDocument' on input line 765.
 [8]
Package atveryend Info: Empty hook `AfterLastShipout' on input line 765.
 (./Example.aux)
Package atveryend Info: Executing hook `AtVeryEndDocument' on input line 765.
Package atveryend Info: Executing hook `AtEndAfterFileList' on input line 765.
Package rerunfilecheck Info: File `Example.out' has not changed.
(rerunfilecheck)             Checksum: D41D8CD98F00B204E9800998ECF8427E;0.


LaTeX Warning: There were multiply-defined labels.

Package atveryend Info: Empty hook `AtVeryVeryEnd' on input line 765.
 ) 
Here is how much of TeX's memory you used:
 8338 strings out of 493029
 125976 string characters out of 6136234
 356085 words of memory out of 5000000
 11669 multiletter control sequences out of 15000+600000
 44063 words of font info for 85 fonts, out of 8000000 for 9000
 1141 hyphenation exceptions out of 8191
 36i,12n,39p,1362b,433s stack positions out of 5000i,500n,10000p,200000b,80000s
{/usr/share/texlive/texmf-dist/fonts/enc/dvips/base/8r.enc}</usr/share/texliv
e/texmf-dist/fonts/type1/public/amsfonts/cm/cmex10.pfb></usr/share/texlive/texm
f-dist/fonts/type1/public/amsfonts/cm/cmmi10.pfb></usr/share/texlive/texmf-dist
/fonts/type1/public/amsfonts/cm/cmr10.pfb></usr/share/texlive/texmf-dist/fonts/
type1/public/amsfonts/cm/cmsy10.pfb></usr/share/texlive/texmf-dist/fonts/type1/
urw/symbol/usyr.pfb></usr/share/texlive/texmf-dist/fonts/type1/urw/times/utmb8a
.pfb></usr/share/texlive/texmf-dist/fonts/type1/urw/times/utmr8a.pfb></usr/shar
e/texlive/texmf-dist/fonts/type1/urw/times/utmri8a.pfb>
Output written on Example.pdf (8 pages, 1069419 bytes).
PDF statistics:
 187 PDF objects out of 1000 (max. 8388607)
 149 compressed objects within 2 object streams
 52 named destinations out of 1000 (max. 500000)
 76 words of extra memory for PDF output out of 10000 (max. 10000000)

